<?xml version="1.0" encoding="UTF-8"?>
<testng-results skipped="48" failed="4" ignored="102" total="154" passed="0">
  <reporter-output>
  </reporter-output>
  <suite name="Suite" duration-ms="62439" started-at="2018-04-23T14:02:39Z" finished-at="2018-04-23T14:03:41Z">
    <groups>
    </groups>
    <test name="SanityTest" duration-ms="62439" started-at="2018-04-23T14:02:39Z" finished-at="2018-04-23T14:03:41Z">
      <class name="com.vil.web.tests.prepaid.activation.Prepaid360DegreeVerification">
        <test-method status="SKIP" signature="verifyPrepaid360DegreeScreen(java.lang.String)[pri:1, instance:com.vil.web.tests.prepaid.activation.Prepaid360DegreeVerification@51efea79]" name="verifyPrepaid360DegreeScreen" duration-ms="0" started-at="2018-04-23T19:33:40Z" description=" 360 Degree Page Validation for prepaid user " finished-at="2018-04-23T19:33:40Z">
          <exception class="java.lang.NullPointerException">
            <full-stacktrace>
              <![CDATA[java.lang.NullPointerException
	at com.vil.web.library.GenericLib.getColumnIndex(GenericLib.java:140)
	at com.vil.web.tests.postpaid.enquiry.activation.TC_401_CallTypeEnquiryForBillingPostp._closeSR(TC_401_CallTypeEnquiryForBillingPostp.java:20)
	at sun.reflect.NativeMethodAccessorImpl.invoke0(Native Method)
	at sun.reflect.NativeMethodAccessorImpl.invoke(NativeMethodAccessorImpl.java:62)
	at sun.reflect.DelegatingMethodAccessorImpl.invoke(DelegatingMethodAccessorImpl.java:43)
	at java.lang.reflect.Method.invoke(Method.java:498)
	at org.testng.internal.MethodInvocationHelper.invokeMethod(MethodInvocationHelper.java:108)
	at org.testng.internal.Invoker.invokeConfigurationMethod(Invoker.java:523)
	at org.testng.internal.Invoker.invokeConfigurations(Invoker.java:224)
	at org.testng.internal.Invoker.invokeMethod(Invoker.java:599)
	at org.testng.internal.Invoker.invokeTestMethod(Invoker.java:869)
	at org.testng.internal.Invoker.invokeTestMethods(Invoker.java:1193)
	at org.testng.internal.TestMethodWorker.invokeTestMethods(TestMethodWorker.java:126)
	at org.testng.internal.TestMethodWorker.run(TestMethodWorker.java:109)
	at org.testng.TestRunner.privateRun(TestRunner.java:744)
	at org.testng.TestRunner.run(TestRunner.java:602)
	at org.testng.SuiteRunner.runTest(SuiteRunner.java:380)
	at org.testng.SuiteRunner.runSequentially(SuiteRunner.java:375)
	at org.testng.SuiteRunner.privateRun(SuiteRunner.java:340)
	at org.testng.SuiteRunner.run(SuiteRunner.java:289)
	at org.testng.SuiteRunnerWorker.runSuite(SuiteRunnerWorker.java:52)
	at org.testng.SuiteRunnerWorker.run(SuiteRunnerWorker.java:86)
	at org.testng.TestNG.runSuitesSequentially(TestNG.java:1301)
	at org.testng.TestNG.runSuitesLocally(TestNG.java:1226)
	at org.testng.TestNG.runSuites(TestNG.java:1144)
	at org.testng.TestNG.run(TestNG.java:1115)
	at org.apache.maven.surefire.testng.TestNGExecutor.run(TestNGExecutor.java:281)
	at org.apache.maven.surefire.testng.TestNGXmlTestSuite.execute(TestNGXmlTestSuite.java:75)
	at org.apache.maven.surefire.testng.TestNGProvider.invoke(TestNGProvider.java:121)
	at org.apache.maven.surefire.booter.ForkedBooter.invokeProviderInSameClassLoader(ForkedBooter.java:290)
	at org.apache.maven.surefire.booter.ForkedBooter.runSuitesInProcess(ForkedBooter.java:242)
	at org.apache.maven.surefire.booter.ForkedBooter.main(ForkedBooter.java:121)
]]>
            </full-stacktrace>
          </exception> <!-- java.lang.NullPointerException -->
          <reporter-output>
          </reporter-output>
        </test-method> <!-- verifyPrepaid360DegreeScreen -->
        <test-method status="SKIP" signature="browserLaunch(java.lang.String, org.testng.ITestResult)[pri:0, instance:com.vil.web.tests.prepaid.activation.Prepaid360DegreeVerification@51efea79]" name="browserLaunch" is-config="true" duration-ms="0" started-at="2018-04-23T19:33:40Z" finished-at="2018-04-23T19:33:40Z">
          <reporter-output>
          </reporter-output>
        </test-method> <!-- browserLaunch -->
      </class> <!-- com.vil.web.tests.prepaid.activation.Prepaid360DegreeVerification -->
      <class name="com.vil.web.tests.prepaid.quickactionbtn.TC_406_PushOTA">
        <test-method status="PASS" signature="browserLaunch(java.lang.String, org.testng.ITestResult)[pri:0, instance:com.vil.web.tests.prepaid.quickactionbtn.TC_406_PushOTA@396a51ab]" name="browserLaunch" is-config="true" duration-ms="8117" started-at="2018-04-23T19:32:39Z" finished-at="2018-04-23T19:32:47Z">
          <params>
            <param index="0">
              <value>
                <![CDATA[chrome]]>
              </value>
            </param>
            <param index="1">
              <value>
                <![CDATA[[TestResult name=pushOtaVarification status=FAILURE method=TC_406_PushOTA.pushOtaVarification(java.lang.String)[pri:0, instance:com.vil.web.tests.prepaid.quickactionbtn.TC_406_PushOTA@396a51ab] output={null}]]]>
              </value>
            </param>
          </params>
          <reporter-output>
          </reporter-output>
        </test-method> <!-- browserLaunch -->
        <test-method status="FAIL" signature="pushOtaVarification(java.lang.String)[pri:0, instance:com.vil.web.tests.prepaid.quickactionbtn.TC_406_PushOTA@396a51ab]" name="pushOtaVarification" duration-ms="21" started-at="2018-04-23T19:32:47Z" finished-at="2018-04-23T19:32:47Z">
          <params>
            <param index="0">
              <value>
                <![CDATA[chrome]]>
              </value>
            </param>
          </params>
          <exception class="java.lang.NullPointerException">
            <full-stacktrace>
              <![CDATA[java.lang.NullPointerException
	at com.vil.web.library.GenericLib.getColumnIndex(GenericLib.java:140)
	at com.vil.web.pages.LoginPage.fstLogin(LoginPage.java:159)
	at com.vil.web.library.FunctionLib.prepaidMSISDN(FunctionLib.java:87)
	at com.vil.web.tests.prepaid.quickactionbtn.TC_406_PushOTA.pushOtaVarification(TC_406_PushOTA.java:23)
	at sun.reflect.NativeMethodAccessorImpl.invoke0(Native Method)
	at sun.reflect.NativeMethodAccessorImpl.invoke(NativeMethodAccessorImpl.java:62)
	at sun.reflect.DelegatingMethodAccessorImpl.invoke(DelegatingMethodAccessorImpl.java:43)
	at java.lang.reflect.Method.invoke(Method.java:498)
	at org.testng.internal.MethodInvocationHelper.invokeMethod(MethodInvocationHelper.java:108)
	at org.testng.internal.Invoker.invokeMethod(Invoker.java:661)
	at org.testng.internal.Invoker.invokeTestMethod(Invoker.java:869)
	at org.testng.internal.Invoker.invokeTestMethods(Invoker.java:1193)
	at org.testng.internal.TestMethodWorker.invokeTestMethods(TestMethodWorker.java:126)
	at org.testng.internal.TestMethodWorker.run(TestMethodWorker.java:109)
	at org.testng.TestRunner.privateRun(TestRunner.java:744)
	at org.testng.TestRunner.run(TestRunner.java:602)
	at org.testng.SuiteRunner.runTest(SuiteRunner.java:380)
	at org.testng.SuiteRunner.runSequentially(SuiteRunner.java:375)
	at org.testng.SuiteRunner.privateRun(SuiteRunner.java:340)
	at org.testng.SuiteRunner.run(SuiteRunner.java:289)
	at org.testng.SuiteRunnerWorker.runSuite(SuiteRunnerWorker.java:52)
	at org.testng.SuiteRunnerWorker.run(SuiteRunnerWorker.java:86)
	at org.testng.TestNG.runSuitesSequentially(TestNG.java:1301)
	at org.testng.TestNG.runSuitesLocally(TestNG.java:1226)
	at org.testng.TestNG.runSuites(TestNG.java:1144)
	at org.testng.TestNG.run(TestNG.java:1115)
	at org.apache.maven.surefire.testng.TestNGExecutor.run(TestNGExecutor.java:281)
	at org.apache.maven.surefire.testng.TestNGXmlTestSuite.execute(TestNGXmlTestSuite.java:75)
	at org.apache.maven.surefire.testng.TestNGProvider.invoke(TestNGProvider.java:121)
	at org.apache.maven.surefire.booter.ForkedBooter.invokeProviderInSameClassLoader(ForkedBooter.java:290)
	at org.apache.maven.surefire.booter.ForkedBooter.runSuitesInProcess(ForkedBooter.java:242)
	at org.apache.maven.surefire.booter.ForkedBooter.main(ForkedBooter.java:121)
]]>
            </full-stacktrace>
          </exception> <!-- java.lang.NullPointerException -->
          <reporter-output>
          </reporter-output>
        </test-method> <!-- pushOtaVarification -->
        <test-method status="PASS" signature="closebrowser()[pri:0, instance:com.vil.web.tests.prepaid.quickactionbtn.TC_406_PushOTA@396a51ab]" name="closebrowser" is-config="true" duration-ms="2311" started-at="2018-04-23T19:32:48Z" finished-at="2018-04-23T19:32:50Z">
          <reporter-output>
          </reporter-output>
        </test-method> <!-- closebrowser -->
      </class> <!-- com.vil.web.tests.prepaid.quickactionbtn.TC_406_PushOTA -->
      <class name="com.vil.web.tests.postpaid.lead.Test_Automation_230">
        <test-method status="SKIP" signature="leadToOpportunityVodafone(java.lang.String)[pri:164, instance:com.vil.web.tests.postpaid.lead.Test_Automation_230@2ef5e5e3]" name="leadToOpportunityVodafone" duration-ms="0" started-at="2018-04-23T19:33:41Z" description=" Lead To Opportunity Creation for Vodafone" finished-at="2018-04-23T19:33:41Z">
          <exception class="java.lang.NullPointerException">
            <full-stacktrace>
              <![CDATA[java.lang.NullPointerException
	at com.vil.web.library.GenericLib.getColumnIndex(GenericLib.java:140)
	at com.vil.web.tests.postpaid.enquiry.activation.TC_401_CallTypeEnquiryForBillingPostp._closeSR(TC_401_CallTypeEnquiryForBillingPostp.java:20)
	at sun.reflect.NativeMethodAccessorImpl.invoke0(Native Method)
	at sun.reflect.NativeMethodAccessorImpl.invoke(NativeMethodAccessorImpl.java:62)
	at sun.reflect.DelegatingMethodAccessorImpl.invoke(DelegatingMethodAccessorImpl.java:43)
	at java.lang.reflect.Method.invoke(Method.java:498)
	at org.testng.internal.MethodInvocationHelper.invokeMethod(MethodInvocationHelper.java:108)
	at org.testng.internal.Invoker.invokeConfigurationMethod(Invoker.java:523)
	at org.testng.internal.Invoker.invokeConfigurations(Invoker.java:224)
	at org.testng.internal.Invoker.invokeMethod(Invoker.java:599)
	at org.testng.internal.Invoker.invokeTestMethod(Invoker.java:869)
	at org.testng.internal.Invoker.invokeTestMethods(Invoker.java:1193)
	at org.testng.internal.TestMethodWorker.invokeTestMethods(TestMethodWorker.java:126)
	at org.testng.internal.TestMethodWorker.run(TestMethodWorker.java:109)
	at org.testng.TestRunner.privateRun(TestRunner.java:744)
	at org.testng.TestRunner.run(TestRunner.java:602)
	at org.testng.SuiteRunner.runTest(SuiteRunner.java:380)
	at org.testng.SuiteRunner.runSequentially(SuiteRunner.java:375)
	at org.testng.SuiteRunner.privateRun(SuiteRunner.java:340)
	at org.testng.SuiteRunner.run(SuiteRunner.java:289)
	at org.testng.SuiteRunnerWorker.runSuite(SuiteRunnerWorker.java:52)
	at org.testng.SuiteRunnerWorker.run(SuiteRunnerWorker.java:86)
	at org.testng.TestNG.runSuitesSequentially(TestNG.java:1301)
	at org.testng.TestNG.runSuitesLocally(TestNG.java:1226)
	at org.testng.TestNG.runSuites(TestNG.java:1144)
	at org.testng.TestNG.run(TestNG.java:1115)
	at org.apache.maven.surefire.testng.TestNGExecutor.run(TestNGExecutor.java:281)
	at org.apache.maven.surefire.testng.TestNGXmlTestSuite.execute(TestNGXmlTestSuite.java:75)
	at org.apache.maven.surefire.testng.TestNGProvider.invoke(TestNGProvider.java:121)
	at org.apache.maven.surefire.booter.ForkedBooter.invokeProviderInSameClassLoader(ForkedBooter.java:290)
	at org.apache.maven.surefire.booter.ForkedBooter.runSuitesInProcess(ForkedBooter.java:242)
	at org.apache.maven.surefire.booter.ForkedBooter.main(ForkedBooter.java:121)
]]>
            </full-stacktrace>
          </exception> <!-- java.lang.NullPointerException -->
          <reporter-output>
          </reporter-output>
        </test-method> <!-- leadToOpportunityVodafone -->
        <test-method status="SKIP" signature="browserLaunch(java.lang.String, org.testng.ITestResult)[pri:0, instance:com.vil.web.tests.postpaid.lead.Test_Automation_230@2ef5e5e3]" name="browserLaunch" is-config="true" duration-ms="0" started-at="2018-04-23T19:33:41Z" finished-at="2018-04-23T19:33:41Z">
          <reporter-output>
          </reporter-output>
        </test-method> <!-- browserLaunch -->
      </class> <!-- com.vil.web.tests.postpaid.lead.Test_Automation_230 -->
      <class name="com.vil.web.tests.postpaid.complaint.TC_071_BillingAndPaymentdueToDonorOperator">
        <test-method status="SKIP" signature="billingComplaintPostpaidPaymentdueToDonorOperator(java.lang.String)[pri:1, instance:com.vil.web.tests.postpaid.complaint.TC_071_BillingAndPaymentdueToDonorOperator@20e2cbe0]" name="billingComplaintPostpaidPaymentdueToDonorOperator" duration-ms="0" started-at="2018-04-23T19:33:40Z" description="Network related complaint postpaid using BO user" finished-at="2018-04-23T19:33:40Z">
          <exception class="java.lang.NullPointerException">
            <full-stacktrace>
              <![CDATA[java.lang.NullPointerException
	at com.vil.web.library.GenericLib.getColumnIndex(GenericLib.java:140)
	at com.vil.web.tests.postpaid.enquiry.activation.TC_401_CallTypeEnquiryForBillingPostp._closeSR(TC_401_CallTypeEnquiryForBillingPostp.java:20)
	at sun.reflect.NativeMethodAccessorImpl.invoke0(Native Method)
	at sun.reflect.NativeMethodAccessorImpl.invoke(NativeMethodAccessorImpl.java:62)
	at sun.reflect.DelegatingMethodAccessorImpl.invoke(DelegatingMethodAccessorImpl.java:43)
	at java.lang.reflect.Method.invoke(Method.java:498)
	at org.testng.internal.MethodInvocationHelper.invokeMethod(MethodInvocationHelper.java:108)
	at org.testng.internal.Invoker.invokeConfigurationMethod(Invoker.java:523)
	at org.testng.internal.Invoker.invokeConfigurations(Invoker.java:224)
	at org.testng.internal.Invoker.invokeMethod(Invoker.java:599)
	at org.testng.internal.Invoker.invokeTestMethod(Invoker.java:869)
	at org.testng.internal.Invoker.invokeTestMethods(Invoker.java:1193)
	at org.testng.internal.TestMethodWorker.invokeTestMethods(TestMethodWorker.java:126)
	at org.testng.internal.TestMethodWorker.run(TestMethodWorker.java:109)
	at org.testng.TestRunner.privateRun(TestRunner.java:744)
	at org.testng.TestRunner.run(TestRunner.java:602)
	at org.testng.SuiteRunner.runTest(SuiteRunner.java:380)
	at org.testng.SuiteRunner.runSequentially(SuiteRunner.java:375)
	at org.testng.SuiteRunner.privateRun(SuiteRunner.java:340)
	at org.testng.SuiteRunner.run(SuiteRunner.java:289)
	at org.testng.SuiteRunnerWorker.runSuite(SuiteRunnerWorker.java:52)
	at org.testng.SuiteRunnerWorker.run(SuiteRunnerWorker.java:86)
	at org.testng.TestNG.runSuitesSequentially(TestNG.java:1301)
	at org.testng.TestNG.runSuitesLocally(TestNG.java:1226)
	at org.testng.TestNG.runSuites(TestNG.java:1144)
	at org.testng.TestNG.run(TestNG.java:1115)
	at org.apache.maven.surefire.testng.TestNGExecutor.run(TestNGExecutor.java:281)
	at org.apache.maven.surefire.testng.TestNGXmlTestSuite.execute(TestNGXmlTestSuite.java:75)
	at org.apache.maven.surefire.testng.TestNGProvider.invoke(TestNGProvider.java:121)
	at org.apache.maven.surefire.booter.ForkedBooter.invokeProviderInSameClassLoader(ForkedBooter.java:290)
	at org.apache.maven.surefire.booter.ForkedBooter.runSuitesInProcess(ForkedBooter.java:242)
	at org.apache.maven.surefire.booter.ForkedBooter.main(ForkedBooter.java:121)
]]>
            </full-stacktrace>
          </exception> <!-- java.lang.NullPointerException -->
          <reporter-output>
          </reporter-output>
        </test-method> <!-- billingComplaintPostpaidPaymentdueToDonorOperator -->
        <test-method status="SKIP" signature="browserLaunch(java.lang.String, org.testng.ITestResult)[pri:0, instance:com.vil.web.tests.postpaid.complaint.TC_071_BillingAndPaymentdueToDonorOperator@20e2cbe0]" name="browserLaunch" is-config="true" duration-ms="0" started-at="2018-04-23T19:33:40Z" finished-at="2018-04-23T19:33:40Z">
          <reporter-output>
          </reporter-output>
        </test-method> <!-- browserLaunch -->
        <test-method status="SKIP" signature="_closeSR()[pri:0, instance:com.vil.web.tests.postpaid.complaint.TC_071_BillingAndPaymentdueToDonorOperator@20e2cbe0]" name="_closeSR" is-config="true" duration-ms="0" started-at="2018-04-23T19:33:40Z" finished-at="2018-04-23T19:33:40Z">
          <reporter-output>
          </reporter-output>
        </test-method> <!-- _closeSR -->
      </class> <!-- com.vil.web.tests.postpaid.complaint.TC_071_BillingAndPaymentdueToDonorOperator -->
      <class name="com.vil.web.tests.postpaid.complaint.TC_063_NetworkComplaintPostpaid">
        <test-method status="SKIP" signature="_closeSR()[pri:0, instance:com.vil.web.tests.postpaid.complaint.TC_063_NetworkComplaintPostpaid@7c16905e]" name="_closeSR" is-config="true" duration-ms="0" started-at="2018-04-23T19:33:40Z" finished-at="2018-04-23T19:33:40Z">
          <reporter-output>
          </reporter-output>
        </test-method> <!-- _closeSR -->
        <test-method status="SKIP" signature="networkComplaintPostpaid(java.lang.String)[pri:1, instance:com.vil.web.tests.postpaid.complaint.TC_063_NetworkComplaintPostpaid@7c16905e]" name="networkComplaintPostpaid" duration-ms="0" started-at="2018-04-23T19:33:40Z" description="Network related complaint postpaid" finished-at="2018-04-23T19:33:40Z">
          <exception class="java.lang.NullPointerException">
            <full-stacktrace>
              <![CDATA[java.lang.NullPointerException
	at com.vil.web.library.GenericLib.getColumnIndex(GenericLib.java:140)
	at com.vil.web.tests.postpaid.enquiry.activation.TC_401_CallTypeEnquiryForBillingPostp._closeSR(TC_401_CallTypeEnquiryForBillingPostp.java:20)
	at sun.reflect.NativeMethodAccessorImpl.invoke0(Native Method)
	at sun.reflect.NativeMethodAccessorImpl.invoke(NativeMethodAccessorImpl.java:62)
	at sun.reflect.DelegatingMethodAccessorImpl.invoke(DelegatingMethodAccessorImpl.java:43)
	at java.lang.reflect.Method.invoke(Method.java:498)
	at org.testng.internal.MethodInvocationHelper.invokeMethod(MethodInvocationHelper.java:108)
	at org.testng.internal.Invoker.invokeConfigurationMethod(Invoker.java:523)
	at org.testng.internal.Invoker.invokeConfigurations(Invoker.java:224)
	at org.testng.internal.Invoker.invokeMethod(Invoker.java:599)
	at org.testng.internal.Invoker.invokeTestMethod(Invoker.java:869)
	at org.testng.internal.Invoker.invokeTestMethods(Invoker.java:1193)
	at org.testng.internal.TestMethodWorker.invokeTestMethods(TestMethodWorker.java:126)
	at org.testng.internal.TestMethodWorker.run(TestMethodWorker.java:109)
	at org.testng.TestRunner.privateRun(TestRunner.java:744)
	at org.testng.TestRunner.run(TestRunner.java:602)
	at org.testng.SuiteRunner.runTest(SuiteRunner.java:380)
	at org.testng.SuiteRunner.runSequentially(SuiteRunner.java:375)
	at org.testng.SuiteRunner.privateRun(SuiteRunner.java:340)
	at org.testng.SuiteRunner.run(SuiteRunner.java:289)
	at org.testng.SuiteRunnerWorker.runSuite(SuiteRunnerWorker.java:52)
	at org.testng.SuiteRunnerWorker.run(SuiteRunnerWorker.java:86)
	at org.testng.TestNG.runSuitesSequentially(TestNG.java:1301)
	at org.testng.TestNG.runSuitesLocally(TestNG.java:1226)
	at org.testng.TestNG.runSuites(TestNG.java:1144)
	at org.testng.TestNG.run(TestNG.java:1115)
	at org.apache.maven.surefire.testng.TestNGExecutor.run(TestNGExecutor.java:281)
	at org.apache.maven.surefire.testng.TestNGXmlTestSuite.execute(TestNGXmlTestSuite.java:75)
	at org.apache.maven.surefire.testng.TestNGProvider.invoke(TestNGProvider.java:121)
	at org.apache.maven.surefire.booter.ForkedBooter.invokeProviderInSameClassLoader(ForkedBooter.java:290)
	at org.apache.maven.surefire.booter.ForkedBooter.runSuitesInProcess(ForkedBooter.java:242)
	at org.apache.maven.surefire.booter.ForkedBooter.main(ForkedBooter.java:121)
]]>
            </full-stacktrace>
          </exception> <!-- java.lang.NullPointerException -->
          <reporter-output>
          </reporter-output>
        </test-method> <!-- networkComplaintPostpaid -->
        <test-method status="SKIP" signature="browserLaunch(java.lang.String, org.testng.ITestResult)[pri:0, instance:com.vil.web.tests.postpaid.complaint.TC_063_NetworkComplaintPostpaid@7c16905e]" name="browserLaunch" is-config="true" duration-ms="0" started-at="2018-04-23T19:33:40Z" finished-at="2018-04-23T19:33:40Z">
          <reporter-output>
          </reporter-output>
        </test-method> <!-- browserLaunch -->
      </class> <!-- com.vil.web.tests.postpaid.complaint.TC_063_NetworkComplaintPostpaid -->
      <class name="com.vil.web.tests.postpaid.lead.Test_Automation_231">
        <test-method status="SKIP" signature="browserLaunch(java.lang.String, org.testng.ITestResult)[pri:0, instance:com.vil.web.tests.postpaid.lead.Test_Automation_231@36d4b5c]" name="browserLaunch" is-config="true" duration-ms="0" started-at="2018-04-23T19:33:41Z" finished-at="2018-04-23T19:33:41Z">
          <reporter-output>
          </reporter-output>
        </test-method> <!-- browserLaunch -->
        <test-method status="SKIP" signature="leadToOpportunityNonVodafone(java.lang.String)[pri:164, instance:com.vil.web.tests.postpaid.lead.Test_Automation_231@36d4b5c]" name="leadToOpportunityNonVodafone" duration-ms="0" started-at="2018-04-23T19:33:41Z" description=" Lead To Opportunity Creation for Non Vodafone" finished-at="2018-04-23T19:33:41Z">
          <exception class="java.lang.NullPointerException">
            <full-stacktrace>
              <![CDATA[java.lang.NullPointerException
	at com.vil.web.library.GenericLib.getColumnIndex(GenericLib.java:140)
	at com.vil.web.tests.postpaid.enquiry.activation.TC_401_CallTypeEnquiryForBillingPostp._closeSR(TC_401_CallTypeEnquiryForBillingPostp.java:20)
	at sun.reflect.NativeMethodAccessorImpl.invoke0(Native Method)
	at sun.reflect.NativeMethodAccessorImpl.invoke(NativeMethodAccessorImpl.java:62)
	at sun.reflect.DelegatingMethodAccessorImpl.invoke(DelegatingMethodAccessorImpl.java:43)
	at java.lang.reflect.Method.invoke(Method.java:498)
	at org.testng.internal.MethodInvocationHelper.invokeMethod(MethodInvocationHelper.java:108)
	at org.testng.internal.Invoker.invokeConfigurationMethod(Invoker.java:523)
	at org.testng.internal.Invoker.invokeConfigurations(Invoker.java:224)
	at org.testng.internal.Invoker.invokeMethod(Invoker.java:599)
	at org.testng.internal.Invoker.invokeTestMethod(Invoker.java:869)
	at org.testng.internal.Invoker.invokeTestMethods(Invoker.java:1193)
	at org.testng.internal.TestMethodWorker.invokeTestMethods(TestMethodWorker.java:126)
	at org.testng.internal.TestMethodWorker.run(TestMethodWorker.java:109)
	at org.testng.TestRunner.privateRun(TestRunner.java:744)
	at org.testng.TestRunner.run(TestRunner.java:602)
	at org.testng.SuiteRunner.runTest(SuiteRunner.java:380)
	at org.testng.SuiteRunner.runSequentially(SuiteRunner.java:375)
	at org.testng.SuiteRunner.privateRun(SuiteRunner.java:340)
	at org.testng.SuiteRunner.run(SuiteRunner.java:289)
	at org.testng.SuiteRunnerWorker.runSuite(SuiteRunnerWorker.java:52)
	at org.testng.SuiteRunnerWorker.run(SuiteRunnerWorker.java:86)
	at org.testng.TestNG.runSuitesSequentially(TestNG.java:1301)
	at org.testng.TestNG.runSuitesLocally(TestNG.java:1226)
	at org.testng.TestNG.runSuites(TestNG.java:1144)
	at org.testng.TestNG.run(TestNG.java:1115)
	at org.apache.maven.surefire.testng.TestNGExecutor.run(TestNGExecutor.java:281)
	at org.apache.maven.surefire.testng.TestNGXmlTestSuite.execute(TestNGXmlTestSuite.java:75)
	at org.apache.maven.surefire.testng.TestNGProvider.invoke(TestNGProvider.java:121)
	at org.apache.maven.surefire.booter.ForkedBooter.invokeProviderInSameClassLoader(ForkedBooter.java:290)
	at org.apache.maven.surefire.booter.ForkedBooter.runSuitesInProcess(ForkedBooter.java:242)
	at org.apache.maven.surefire.booter.ForkedBooter.main(ForkedBooter.java:121)
]]>
            </full-stacktrace>
          </exception> <!-- java.lang.NullPointerException -->
          <reporter-output>
          </reporter-output>
        </test-method> <!-- leadToOpportunityNonVodafone -->
      </class> <!-- com.vil.web.tests.postpaid.lead.Test_Automation_231 -->
      <class name="com.vil.web.tests.postpaid.lead.Test_Automation_227">
        <test-method status="SKIP" signature="browserLaunch(java.lang.String, org.testng.ITestResult)[pri:0, instance:com.vil.web.tests.postpaid.lead.Test_Automation_227@3a82f6ef]" name="browserLaunch" is-config="true" duration-ms="0" started-at="2018-04-23T19:33:41Z" finished-at="2018-04-23T19:33:41Z">
          <reporter-output>
          </reporter-output>
        </test-method> <!-- browserLaunch -->
        <test-method status="SKIP" signature="leadCreationForVodafone(java.lang.String)[pri:227, instance:com.vil.web.tests.postpaid.lead.Test_Automation_227@3a82f6ef]" name="leadCreationForVodafone" duration-ms="0" started-at="2018-04-23T19:33:41Z" description=" Lead Creation for Vodafone" finished-at="2018-04-23T19:33:41Z">
          <exception class="java.lang.NullPointerException">
            <full-stacktrace>
              <![CDATA[java.lang.NullPointerException
	at com.vil.web.library.GenericLib.getColumnIndex(GenericLib.java:140)
	at com.vil.web.tests.postpaid.enquiry.activation.TC_401_CallTypeEnquiryForBillingPostp._closeSR(TC_401_CallTypeEnquiryForBillingPostp.java:20)
	at sun.reflect.NativeMethodAccessorImpl.invoke0(Native Method)
	at sun.reflect.NativeMethodAccessorImpl.invoke(NativeMethodAccessorImpl.java:62)
	at sun.reflect.DelegatingMethodAccessorImpl.invoke(DelegatingMethodAccessorImpl.java:43)
	at java.lang.reflect.Method.invoke(Method.java:498)
	at org.testng.internal.MethodInvocationHelper.invokeMethod(MethodInvocationHelper.java:108)
	at org.testng.internal.Invoker.invokeConfigurationMethod(Invoker.java:523)
	at org.testng.internal.Invoker.invokeConfigurations(Invoker.java:224)
	at org.testng.internal.Invoker.invokeMethod(Invoker.java:599)
	at org.testng.internal.Invoker.invokeTestMethod(Invoker.java:869)
	at org.testng.internal.Invoker.invokeTestMethods(Invoker.java:1193)
	at org.testng.internal.TestMethodWorker.invokeTestMethods(TestMethodWorker.java:126)
	at org.testng.internal.TestMethodWorker.run(TestMethodWorker.java:109)
	at org.testng.TestRunner.privateRun(TestRunner.java:744)
	at org.testng.TestRunner.run(TestRunner.java:602)
	at org.testng.SuiteRunner.runTest(SuiteRunner.java:380)
	at org.testng.SuiteRunner.runSequentially(SuiteRunner.java:375)
	at org.testng.SuiteRunner.privateRun(SuiteRunner.java:340)
	at org.testng.SuiteRunner.run(SuiteRunner.java:289)
	at org.testng.SuiteRunnerWorker.runSuite(SuiteRunnerWorker.java:52)
	at org.testng.SuiteRunnerWorker.run(SuiteRunnerWorker.java:86)
	at org.testng.TestNG.runSuitesSequentially(TestNG.java:1301)
	at org.testng.TestNG.runSuitesLocally(TestNG.java:1226)
	at org.testng.TestNG.runSuites(TestNG.java:1144)
	at org.testng.TestNG.run(TestNG.java:1115)
	at org.apache.maven.surefire.testng.TestNGExecutor.run(TestNGExecutor.java:281)
	at org.apache.maven.surefire.testng.TestNGXmlTestSuite.execute(TestNGXmlTestSuite.java:75)
	at org.apache.maven.surefire.testng.TestNGProvider.invoke(TestNGProvider.java:121)
	at org.apache.maven.surefire.booter.ForkedBooter.invokeProviderInSameClassLoader(ForkedBooter.java:290)
	at org.apache.maven.surefire.booter.ForkedBooter.runSuitesInProcess(ForkedBooter.java:242)
	at org.apache.maven.surefire.booter.ForkedBooter.main(ForkedBooter.java:121)
]]>
            </full-stacktrace>
          </exception> <!-- java.lang.NullPointerException -->
          <reporter-output>
          </reporter-output>
        </test-method> <!-- leadCreationForVodafone -->
      </class> <!-- com.vil.web.tests.postpaid.lead.Test_Automation_227 -->
      <class name="com.vil.web.tests.prepaid.complaint.TC_110_BalanceRechargeComplaintsPrepaid">
        <test-method status="SKIP" signature="_closeSR()[pri:0, instance:com.vil.web.tests.prepaid.complaint.TC_110_BalanceRechargeComplaintsPrepaid@4520ebad]" name="_closeSR" is-config="true" duration-ms="0" started-at="2018-04-23T19:33:39Z" finished-at="2018-04-23T19:33:39Z">
          <reporter-output>
          </reporter-output>
        </test-method> <!-- _closeSR -->
        <test-method status="SKIP" signature="browserLaunch(java.lang.String, org.testng.ITestResult)[pri:0, instance:com.vil.web.tests.prepaid.complaint.TC_110_BalanceRechargeComplaintsPrepaid@4520ebad]" name="browserLaunch" is-config="true" duration-ms="0" started-at="2018-04-23T19:33:39Z" finished-at="2018-04-23T19:33:39Z">
          <reporter-output>
          </reporter-output>
        </test-method> <!-- browserLaunch -->
        <test-method status="SKIP" signature="balanceRechargeSegmentedComplaintsVarification(java.lang.String)[pri:1, instance:com.vil.web.tests.prepaid.complaint.TC_110_BalanceRechargeComplaintsPrepaid@4520ebad]" name="balanceRechargeSegmentedComplaintsVarification" duration-ms="0" started-at="2018-04-23T19:33:39Z" description="Complaints- Balance &amp; Recharge prepaid" finished-at="2018-04-23T19:33:39Z">
          <exception class="java.lang.NullPointerException">
            <full-stacktrace>
              <![CDATA[java.lang.NullPointerException
	at com.vil.web.library.GenericLib.getColumnIndex(GenericLib.java:140)
	at com.vil.web.tests.postpaid.enquiry.activation.TC_401_CallTypeEnquiryForBillingPostp._closeSR(TC_401_CallTypeEnquiryForBillingPostp.java:20)
	at sun.reflect.NativeMethodAccessorImpl.invoke0(Native Method)
	at sun.reflect.NativeMethodAccessorImpl.invoke(NativeMethodAccessorImpl.java:62)
	at sun.reflect.DelegatingMethodAccessorImpl.invoke(DelegatingMethodAccessorImpl.java:43)
	at java.lang.reflect.Method.invoke(Method.java:498)
	at org.testng.internal.MethodInvocationHelper.invokeMethod(MethodInvocationHelper.java:108)
	at org.testng.internal.Invoker.invokeConfigurationMethod(Invoker.java:523)
	at org.testng.internal.Invoker.invokeConfigurations(Invoker.java:224)
	at org.testng.internal.Invoker.invokeMethod(Invoker.java:599)
	at org.testng.internal.Invoker.invokeTestMethod(Invoker.java:869)
	at org.testng.internal.Invoker.invokeTestMethods(Invoker.java:1193)
	at org.testng.internal.TestMethodWorker.invokeTestMethods(TestMethodWorker.java:126)
	at org.testng.internal.TestMethodWorker.run(TestMethodWorker.java:109)
	at org.testng.TestRunner.privateRun(TestRunner.java:744)
	at org.testng.TestRunner.run(TestRunner.java:602)
	at org.testng.SuiteRunner.runTest(SuiteRunner.java:380)
	at org.testng.SuiteRunner.runSequentially(SuiteRunner.java:375)
	at org.testng.SuiteRunner.privateRun(SuiteRunner.java:340)
	at org.testng.SuiteRunner.run(SuiteRunner.java:289)
	at org.testng.SuiteRunnerWorker.runSuite(SuiteRunnerWorker.java:52)
	at org.testng.SuiteRunnerWorker.run(SuiteRunnerWorker.java:86)
	at org.testng.TestNG.runSuitesSequentially(TestNG.java:1301)
	at org.testng.TestNG.runSuitesLocally(TestNG.java:1226)
	at org.testng.TestNG.runSuites(TestNG.java:1144)
	at org.testng.TestNG.run(TestNG.java:1115)
	at org.apache.maven.surefire.testng.TestNGExecutor.run(TestNGExecutor.java:281)
	at org.apache.maven.surefire.testng.TestNGXmlTestSuite.execute(TestNGXmlTestSuite.java:75)
	at org.apache.maven.surefire.testng.TestNGProvider.invoke(TestNGProvider.java:121)
	at org.apache.maven.surefire.booter.ForkedBooter.invokeProviderInSameClassLoader(ForkedBooter.java:290)
	at org.apache.maven.surefire.booter.ForkedBooter.runSuitesInProcess(ForkedBooter.java:242)
	at org.apache.maven.surefire.booter.ForkedBooter.main(ForkedBooter.java:121)
]]>
            </full-stacktrace>
          </exception> <!-- java.lang.NullPointerException -->
          <reporter-output>
          </reporter-output>
        </test-method> <!-- balanceRechargeSegmentedComplaintsVarification -->
      </class> <!-- com.vil.web.tests.prepaid.complaint.TC_110_BalanceRechargeComplaintsPrepaid -->
      <class name="com.vil.web.tests.prepaid.enquiry.activation.TC_021_PrepaidEnquiryActivation">
        <test-method status="SKIP" signature="enquiryActivationPrepaid(java.lang.String)[pri:21, instance:com.vil.web.tests.prepaid.enquiry.activation.TC_021_PrepaidEnquiryActivation@548a9f61]" name="enquiryActivationPrepaid" duration-ms="0" started-at="2018-04-23T19:33:41Z" description=" Creation of Enquiry Call type for Sub-Type=Activation related" finished-at="2018-04-23T19:33:41Z">
          <exception class="java.lang.NullPointerException">
            <full-stacktrace>
              <![CDATA[java.lang.NullPointerException
	at com.vil.web.library.GenericLib.getColumnIndex(GenericLib.java:140)
	at com.vil.web.tests.postpaid.enquiry.activation.TC_401_CallTypeEnquiryForBillingPostp._closeSR(TC_401_CallTypeEnquiryForBillingPostp.java:20)
	at sun.reflect.NativeMethodAccessorImpl.invoke0(Native Method)
	at sun.reflect.NativeMethodAccessorImpl.invoke(NativeMethodAccessorImpl.java:62)
	at sun.reflect.DelegatingMethodAccessorImpl.invoke(DelegatingMethodAccessorImpl.java:43)
	at java.lang.reflect.Method.invoke(Method.java:498)
	at org.testng.internal.MethodInvocationHelper.invokeMethod(MethodInvocationHelper.java:108)
	at org.testng.internal.Invoker.invokeConfigurationMethod(Invoker.java:523)
	at org.testng.internal.Invoker.invokeConfigurations(Invoker.java:224)
	at org.testng.internal.Invoker.invokeMethod(Invoker.java:599)
	at org.testng.internal.Invoker.invokeTestMethod(Invoker.java:869)
	at org.testng.internal.Invoker.invokeTestMethods(Invoker.java:1193)
	at org.testng.internal.TestMethodWorker.invokeTestMethods(TestMethodWorker.java:126)
	at org.testng.internal.TestMethodWorker.run(TestMethodWorker.java:109)
	at org.testng.TestRunner.privateRun(TestRunner.java:744)
	at org.testng.TestRunner.run(TestRunner.java:602)
	at org.testng.SuiteRunner.runTest(SuiteRunner.java:380)
	at org.testng.SuiteRunner.runSequentially(SuiteRunner.java:375)
	at org.testng.SuiteRunner.privateRun(SuiteRunner.java:340)
	at org.testng.SuiteRunner.run(SuiteRunner.java:289)
	at org.testng.SuiteRunnerWorker.runSuite(SuiteRunnerWorker.java:52)
	at org.testng.SuiteRunnerWorker.run(SuiteRunnerWorker.java:86)
	at org.testng.TestNG.runSuitesSequentially(TestNG.java:1301)
	at org.testng.TestNG.runSuitesLocally(TestNG.java:1226)
	at org.testng.TestNG.runSuites(TestNG.java:1144)
	at org.testng.TestNG.run(TestNG.java:1115)
	at org.apache.maven.surefire.testng.TestNGExecutor.run(TestNGExecutor.java:281)
	at org.apache.maven.surefire.testng.TestNGXmlTestSuite.execute(TestNGXmlTestSuite.java:75)
	at org.apache.maven.surefire.testng.TestNGProvider.invoke(TestNGProvider.java:121)
	at org.apache.maven.surefire.booter.ForkedBooter.invokeProviderInSameClassLoader(ForkedBooter.java:290)
	at org.apache.maven.surefire.booter.ForkedBooter.runSuitesInProcess(ForkedBooter.java:242)
	at org.apache.maven.surefire.booter.ForkedBooter.main(ForkedBooter.java:121)
]]>
            </full-stacktrace>
          </exception> <!-- java.lang.NullPointerException -->
          <reporter-output>
          </reporter-output>
        </test-method> <!-- enquiryActivationPrepaid -->
        <test-method status="SKIP" signature="browserLaunch(java.lang.String, org.testng.ITestResult)[pri:0, instance:com.vil.web.tests.prepaid.enquiry.activation.TC_021_PrepaidEnquiryActivation@548a9f61]" name="browserLaunch" is-config="true" duration-ms="0" started-at="2018-04-23T19:33:41Z" finished-at="2018-04-23T19:33:41Z">
          <reporter-output>
          </reporter-output>
        </test-method> <!-- browserLaunch -->
        <test-method status="SKIP" signature="_closeSR()[pri:0, instance:com.vil.web.tests.prepaid.enquiry.activation.TC_021_PrepaidEnquiryActivation@548a9f61]" name="_closeSR" is-config="true" duration-ms="0" started-at="2018-04-23T19:33:41Z" finished-at="2018-04-23T19:33:41Z">
          <reporter-output>
          </reporter-output>
        </test-method> <!-- _closeSR -->
      </class> <!-- com.vil.web.tests.prepaid.enquiry.activation.TC_021_PrepaidEnquiryActivation -->
      <class name="com.vil.web.tests.prepaid.complaint.TC_111_BalanceRechargeSegmentedComplaintsPrepaid">
        <test-method status="SKIP" signature="balanceRechargeSegmentedComplaintsVarification(java.lang.String)[pri:1, instance:com.vil.web.tests.prepaid.complaint.TC_111_BalanceRechargeSegmentedComplaintsPrepaid@5419f379]" name="balanceRechargeSegmentedComplaintsVarification" duration-ms="0" started-at="2018-04-23T19:33:39Z" description="Complaints- Balance &amp; Recharge Segmented prepaid" finished-at="2018-04-23T19:33:39Z">
          <exception class="java.lang.NullPointerException">
            <full-stacktrace>
              <![CDATA[java.lang.NullPointerException
	at com.vil.web.library.GenericLib.getColumnIndex(GenericLib.java:140)
	at com.vil.web.tests.postpaid.enquiry.activation.TC_401_CallTypeEnquiryForBillingPostp._closeSR(TC_401_CallTypeEnquiryForBillingPostp.java:20)
	at sun.reflect.NativeMethodAccessorImpl.invoke0(Native Method)
	at sun.reflect.NativeMethodAccessorImpl.invoke(NativeMethodAccessorImpl.java:62)
	at sun.reflect.DelegatingMethodAccessorImpl.invoke(DelegatingMethodAccessorImpl.java:43)
	at java.lang.reflect.Method.invoke(Method.java:498)
	at org.testng.internal.MethodInvocationHelper.invokeMethod(MethodInvocationHelper.java:108)
	at org.testng.internal.Invoker.invokeConfigurationMethod(Invoker.java:523)
	at org.testng.internal.Invoker.invokeConfigurations(Invoker.java:224)
	at org.testng.internal.Invoker.invokeMethod(Invoker.java:599)
	at org.testng.internal.Invoker.invokeTestMethod(Invoker.java:869)
	at org.testng.internal.Invoker.invokeTestMethods(Invoker.java:1193)
	at org.testng.internal.TestMethodWorker.invokeTestMethods(TestMethodWorker.java:126)
	at org.testng.internal.TestMethodWorker.run(TestMethodWorker.java:109)
	at org.testng.TestRunner.privateRun(TestRunner.java:744)
	at org.testng.TestRunner.run(TestRunner.java:602)
	at org.testng.SuiteRunner.runTest(SuiteRunner.java:380)
	at org.testng.SuiteRunner.runSequentially(SuiteRunner.java:375)
	at org.testng.SuiteRunner.privateRun(SuiteRunner.java:340)
	at org.testng.SuiteRunner.run(SuiteRunner.java:289)
	at org.testng.SuiteRunnerWorker.runSuite(SuiteRunnerWorker.java:52)
	at org.testng.SuiteRunnerWorker.run(SuiteRunnerWorker.java:86)
	at org.testng.TestNG.runSuitesSequentially(TestNG.java:1301)
	at org.testng.TestNG.runSuitesLocally(TestNG.java:1226)
	at org.testng.TestNG.runSuites(TestNG.java:1144)
	at org.testng.TestNG.run(TestNG.java:1115)
	at org.apache.maven.surefire.testng.TestNGExecutor.run(TestNGExecutor.java:281)
	at org.apache.maven.surefire.testng.TestNGXmlTestSuite.execute(TestNGXmlTestSuite.java:75)
	at org.apache.maven.surefire.testng.TestNGProvider.invoke(TestNGProvider.java:121)
	at org.apache.maven.surefire.booter.ForkedBooter.invokeProviderInSameClassLoader(ForkedBooter.java:290)
	at org.apache.maven.surefire.booter.ForkedBooter.runSuitesInProcess(ForkedBooter.java:242)
	at org.apache.maven.surefire.booter.ForkedBooter.main(ForkedBooter.java:121)
]]>
            </full-stacktrace>
          </exception> <!-- java.lang.NullPointerException -->
          <reporter-output>
          </reporter-output>
        </test-method> <!-- balanceRechargeSegmentedComplaintsVarification -->
        <test-method status="SKIP" signature="browserLaunch(java.lang.String, org.testng.ITestResult)[pri:0, instance:com.vil.web.tests.prepaid.complaint.TC_111_BalanceRechargeSegmentedComplaintsPrepaid@5419f379]" name="browserLaunch" is-config="true" duration-ms="0" started-at="2018-04-23T19:33:39Z" finished-at="2018-04-23T19:33:39Z">
          <reporter-output>
          </reporter-output>
        </test-method> <!-- browserLaunch -->
        <test-method status="SKIP" signature="_closeSR()[pri:0, instance:com.vil.web.tests.prepaid.complaint.TC_111_BalanceRechargeSegmentedComplaintsPrepaid@5419f379]" name="_closeSR" is-config="true" duration-ms="0" started-at="2018-04-23T19:33:39Z" finished-at="2018-04-23T19:33:39Z">
          <reporter-output>
          </reporter-output>
        </test-method> <!-- _closeSR -->
      </class> <!-- com.vil.web.tests.prepaid.complaint.TC_111_BalanceRechargeSegmentedComplaintsPrepaid -->
      <class name="com.vil.web.tests.postpaid.lead.Test_Automation_229">
        <test-method status="SKIP" signature="browserLaunch(java.lang.String, org.testng.ITestResult)[pri:0, instance:com.vil.web.tests.postpaid.lead.Test_Automation_229@643b1d11]" name="browserLaunch" is-config="true" duration-ms="0" started-at="2018-04-23T19:33:40Z" finished-at="2018-04-23T19:33:40Z">
          <reporter-output>
          </reporter-output>
        </test-method> <!-- browserLaunch -->
        <test-method status="SKIP" signature="NMNPLeadCreation(java.lang.String)[pri:1, instance:com.vil.web.tests.postpaid.lead.Test_Automation_229@643b1d11]" name="NMNPLeadCreation" duration-ms="0" started-at="2018-04-23T19:33:40Z" description="NMNPLeadCreation" finished-at="2018-04-23T19:33:40Z">
          <exception class="java.lang.NullPointerException">
            <full-stacktrace>
              <![CDATA[java.lang.NullPointerException
	at com.vil.web.library.GenericLib.getColumnIndex(GenericLib.java:140)
	at com.vil.web.tests.postpaid.enquiry.activation.TC_401_CallTypeEnquiryForBillingPostp._closeSR(TC_401_CallTypeEnquiryForBillingPostp.java:20)
	at sun.reflect.NativeMethodAccessorImpl.invoke0(Native Method)
	at sun.reflect.NativeMethodAccessorImpl.invoke(NativeMethodAccessorImpl.java:62)
	at sun.reflect.DelegatingMethodAccessorImpl.invoke(DelegatingMethodAccessorImpl.java:43)
	at java.lang.reflect.Method.invoke(Method.java:498)
	at org.testng.internal.MethodInvocationHelper.invokeMethod(MethodInvocationHelper.java:108)
	at org.testng.internal.Invoker.invokeConfigurationMethod(Invoker.java:523)
	at org.testng.internal.Invoker.invokeConfigurations(Invoker.java:224)
	at org.testng.internal.Invoker.invokeMethod(Invoker.java:599)
	at org.testng.internal.Invoker.invokeTestMethod(Invoker.java:869)
	at org.testng.internal.Invoker.invokeTestMethods(Invoker.java:1193)
	at org.testng.internal.TestMethodWorker.invokeTestMethods(TestMethodWorker.java:126)
	at org.testng.internal.TestMethodWorker.run(TestMethodWorker.java:109)
	at org.testng.TestRunner.privateRun(TestRunner.java:744)
	at org.testng.TestRunner.run(TestRunner.java:602)
	at org.testng.SuiteRunner.runTest(SuiteRunner.java:380)
	at org.testng.SuiteRunner.runSequentially(SuiteRunner.java:375)
	at org.testng.SuiteRunner.privateRun(SuiteRunner.java:340)
	at org.testng.SuiteRunner.run(SuiteRunner.java:289)
	at org.testng.SuiteRunnerWorker.runSuite(SuiteRunnerWorker.java:52)
	at org.testng.SuiteRunnerWorker.run(SuiteRunnerWorker.java:86)
	at org.testng.TestNG.runSuitesSequentially(TestNG.java:1301)
	at org.testng.TestNG.runSuitesLocally(TestNG.java:1226)
	at org.testng.TestNG.runSuites(TestNG.java:1144)
	at org.testng.TestNG.run(TestNG.java:1115)
	at org.apache.maven.surefire.testng.TestNGExecutor.run(TestNGExecutor.java:281)
	at org.apache.maven.surefire.testng.TestNGXmlTestSuite.execute(TestNGXmlTestSuite.java:75)
	at org.apache.maven.surefire.testng.TestNGProvider.invoke(TestNGProvider.java:121)
	at org.apache.maven.surefire.booter.ForkedBooter.invokeProviderInSameClassLoader(ForkedBooter.java:290)
	at org.apache.maven.surefire.booter.ForkedBooter.runSuitesInProcess(ForkedBooter.java:242)
	at org.apache.maven.surefire.booter.ForkedBooter.main(ForkedBooter.java:121)
]]>
            </full-stacktrace>
          </exception> <!-- java.lang.NullPointerException -->
          <reporter-output>
          </reporter-output>
        </test-method> <!-- NMNPLeadCreation -->
      </class> <!-- com.vil.web.tests.postpaid.lead.Test_Automation_229 -->
      <class name="com.vil.web.tests.postpaid.lead.Test_Automation_228">
        <test-method status="SKIP" signature="browserLaunch(java.lang.String, org.testng.ITestResult)[pri:0, instance:com.vil.web.tests.postpaid.lead.Test_Automation_228@100fc185]" name="browserLaunch" is-config="true" duration-ms="0" started-at="2018-04-23T19:33:41Z" finished-at="2018-04-23T19:33:41Z">
          <reporter-output>
          </reporter-output>
        </test-method> <!-- browserLaunch -->
        <test-method status="SKIP" signature="leadCreationForNonVodafone(java.lang.String)[pri:147, instance:com.vil.web.tests.postpaid.lead.Test_Automation_228@100fc185]" name="leadCreationForNonVodafone" duration-ms="0" started-at="2018-04-23T19:33:41Z" description=" Lead Creation for Non Vodafone Customer" finished-at="2018-04-23T19:33:41Z">
          <exception class="java.lang.NullPointerException">
            <full-stacktrace>
              <![CDATA[java.lang.NullPointerException
	at com.vil.web.library.GenericLib.getColumnIndex(GenericLib.java:140)
	at com.vil.web.tests.postpaid.enquiry.activation.TC_401_CallTypeEnquiryForBillingPostp._closeSR(TC_401_CallTypeEnquiryForBillingPostp.java:20)
	at sun.reflect.NativeMethodAccessorImpl.invoke0(Native Method)
	at sun.reflect.NativeMethodAccessorImpl.invoke(NativeMethodAccessorImpl.java:62)
	at sun.reflect.DelegatingMethodAccessorImpl.invoke(DelegatingMethodAccessorImpl.java:43)
	at java.lang.reflect.Method.invoke(Method.java:498)
	at org.testng.internal.MethodInvocationHelper.invokeMethod(MethodInvocationHelper.java:108)
	at org.testng.internal.Invoker.invokeConfigurationMethod(Invoker.java:523)
	at org.testng.internal.Invoker.invokeConfigurations(Invoker.java:224)
	at org.testng.internal.Invoker.invokeMethod(Invoker.java:599)
	at org.testng.internal.Invoker.invokeTestMethod(Invoker.java:869)
	at org.testng.internal.Invoker.invokeTestMethods(Invoker.java:1193)
	at org.testng.internal.TestMethodWorker.invokeTestMethods(TestMethodWorker.java:126)
	at org.testng.internal.TestMethodWorker.run(TestMethodWorker.java:109)
	at org.testng.TestRunner.privateRun(TestRunner.java:744)
	at org.testng.TestRunner.run(TestRunner.java:602)
	at org.testng.SuiteRunner.runTest(SuiteRunner.java:380)
	at org.testng.SuiteRunner.runSequentially(SuiteRunner.java:375)
	at org.testng.SuiteRunner.privateRun(SuiteRunner.java:340)
	at org.testng.SuiteRunner.run(SuiteRunner.java:289)
	at org.testng.SuiteRunnerWorker.runSuite(SuiteRunnerWorker.java:52)
	at org.testng.SuiteRunnerWorker.run(SuiteRunnerWorker.java:86)
	at org.testng.TestNG.runSuitesSequentially(TestNG.java:1301)
	at org.testng.TestNG.runSuitesLocally(TestNG.java:1226)
	at org.testng.TestNG.runSuites(TestNG.java:1144)
	at org.testng.TestNG.run(TestNG.java:1115)
	at org.apache.maven.surefire.testng.TestNGExecutor.run(TestNGExecutor.java:281)
	at org.apache.maven.surefire.testng.TestNGXmlTestSuite.execute(TestNGXmlTestSuite.java:75)
	at org.apache.maven.surefire.testng.TestNGProvider.invoke(TestNGProvider.java:121)
	at org.apache.maven.surefire.booter.ForkedBooter.invokeProviderInSameClassLoader(ForkedBooter.java:290)
	at org.apache.maven.surefire.booter.ForkedBooter.runSuitesInProcess(ForkedBooter.java:242)
	at org.apache.maven.surefire.booter.ForkedBooter.main(ForkedBooter.java:121)
]]>
            </full-stacktrace>
          </exception> <!-- java.lang.NullPointerException -->
          <reporter-output>
          </reporter-output>
        </test-method> <!-- leadCreationForNonVodafone -->
      </class> <!-- com.vil.web.tests.postpaid.lead.Test_Automation_228 -->
      <class name="com.vil.web.tests.postpaid.complaint.Test_Automation_086">
        <test-method status="SKIP" signature="NumberOrAccountActivationPostpaidComplaint(java.lang.String)[pri:1, instance:com.vil.web.tests.postpaid.complaint.Test_Automation_086@6767c1fc]" name="NumberOrAccountActivationPostpaidComplaint" duration-ms="0" started-at="2018-04-23T19:33:41Z" description="NumberOrAccountActivationPostpaidComplaint" finished-at="2018-04-23T19:33:41Z">
          <exception class="java.lang.NullPointerException">
            <full-stacktrace>
              <![CDATA[java.lang.NullPointerException
	at com.vil.web.library.GenericLib.getColumnIndex(GenericLib.java:140)
	at com.vil.web.tests.postpaid.enquiry.activation.TC_401_CallTypeEnquiryForBillingPostp._closeSR(TC_401_CallTypeEnquiryForBillingPostp.java:20)
	at sun.reflect.NativeMethodAccessorImpl.invoke0(Native Method)
	at sun.reflect.NativeMethodAccessorImpl.invoke(NativeMethodAccessorImpl.java:62)
	at sun.reflect.DelegatingMethodAccessorImpl.invoke(DelegatingMethodAccessorImpl.java:43)
	at java.lang.reflect.Method.invoke(Method.java:498)
	at org.testng.internal.MethodInvocationHelper.invokeMethod(MethodInvocationHelper.java:108)
	at org.testng.internal.Invoker.invokeConfigurationMethod(Invoker.java:523)
	at org.testng.internal.Invoker.invokeConfigurations(Invoker.java:224)
	at org.testng.internal.Invoker.invokeMethod(Invoker.java:599)
	at org.testng.internal.Invoker.invokeTestMethod(Invoker.java:869)
	at org.testng.internal.Invoker.invokeTestMethods(Invoker.java:1193)
	at org.testng.internal.TestMethodWorker.invokeTestMethods(TestMethodWorker.java:126)
	at org.testng.internal.TestMethodWorker.run(TestMethodWorker.java:109)
	at org.testng.TestRunner.privateRun(TestRunner.java:744)
	at org.testng.TestRunner.run(TestRunner.java:602)
	at org.testng.SuiteRunner.runTest(SuiteRunner.java:380)
	at org.testng.SuiteRunner.runSequentially(SuiteRunner.java:375)
	at org.testng.SuiteRunner.privateRun(SuiteRunner.java:340)
	at org.testng.SuiteRunner.run(SuiteRunner.java:289)
	at org.testng.SuiteRunnerWorker.runSuite(SuiteRunnerWorker.java:52)
	at org.testng.SuiteRunnerWorker.run(SuiteRunnerWorker.java:86)
	at org.testng.TestNG.runSuitesSequentially(TestNG.java:1301)
	at org.testng.TestNG.runSuitesLocally(TestNG.java:1226)
	at org.testng.TestNG.runSuites(TestNG.java:1144)
	at org.testng.TestNG.run(TestNG.java:1115)
	at org.apache.maven.surefire.testng.TestNGExecutor.run(TestNGExecutor.java:281)
	at org.apache.maven.surefire.testng.TestNGXmlTestSuite.execute(TestNGXmlTestSuite.java:75)
	at org.apache.maven.surefire.testng.TestNGProvider.invoke(TestNGProvider.java:121)
	at org.apache.maven.surefire.booter.ForkedBooter.invokeProviderInSameClassLoader(ForkedBooter.java:290)
	at org.apache.maven.surefire.booter.ForkedBooter.runSuitesInProcess(ForkedBooter.java:242)
	at org.apache.maven.surefire.booter.ForkedBooter.main(ForkedBooter.java:121)
]]>
            </full-stacktrace>
          </exception> <!-- java.lang.NullPointerException -->
          <reporter-output>
          </reporter-output>
        </test-method> <!-- NumberOrAccountActivationPostpaidComplaint -->
        <test-method status="SKIP" signature="_closeSR()[pri:0, instance:com.vil.web.tests.postpaid.complaint.Test_Automation_086@6767c1fc]" name="_closeSR" is-config="true" duration-ms="0" started-at="2018-04-23T19:33:41Z" finished-at="2018-04-23T19:33:41Z">
          <reporter-output>
          </reporter-output>
        </test-method> <!-- _closeSR -->
        <test-method status="SKIP" signature="browserLaunch(java.lang.String, org.testng.ITestResult)[pri:0, instance:com.vil.web.tests.postpaid.complaint.Test_Automation_086@6767c1fc]" name="browserLaunch" is-config="true" duration-ms="0" started-at="2018-04-23T19:33:41Z" finished-at="2018-04-23T19:33:41Z">
          <reporter-output>
          </reporter-output>
        </test-method> <!-- browserLaunch -->
      </class> <!-- com.vil.web.tests.postpaid.complaint.Test_Automation_086 -->
      <class name="com.vil.web.tests.postpaid.complaint.TC_095_ServiceissueCustomerFeedbackComplaintsPostpaid">
        <test-method status="SKIP" signature="_closeSR()[pri:0, instance:com.vil.web.tests.postpaid.complaint.TC_095_ServiceissueCustomerFeedbackComplaintsPostpaid@62ee68d8]" name="_closeSR" is-config="true" duration-ms="0" started-at="2018-04-23T19:33:39Z" finished-at="2018-04-23T19:33:39Z">
          <reporter-output>
          </reporter-output>
        </test-method> <!-- _closeSR -->
        <test-method status="SKIP" signature="browserLaunch(java.lang.String, org.testng.ITestResult)[pri:0, instance:com.vil.web.tests.postpaid.complaint.TC_095_ServiceissueCustomerFeedbackComplaintsPostpaid@62ee68d8]" name="browserLaunch" is-config="true" duration-ms="0" started-at="2018-04-23T19:33:39Z" finished-at="2018-04-23T19:33:39Z">
          <reporter-output>
          </reporter-output>
        </test-method> <!-- browserLaunch -->
        <test-method status="SKIP" signature="ServiceissueCustomerFeedbackComplaintsVarification(java.lang.String)[pri:1, instance:com.vil.web.tests.postpaid.complaint.TC_095_ServiceissueCustomerFeedbackComplaintsPostpaid@62ee68d8]" name="ServiceissueCustomerFeedbackComplaintsVarification" duration-ms="0" started-at="2018-04-23T19:33:39Z" description="Complaints-Services -Service Issue-Customer Feedback_Postpaid" finished-at="2018-04-23T19:33:39Z">
          <exception class="java.lang.NullPointerException">
            <full-stacktrace>
              <![CDATA[java.lang.NullPointerException
	at com.vil.web.library.GenericLib.getColumnIndex(GenericLib.java:140)
	at com.vil.web.tests.postpaid.enquiry.activation.TC_401_CallTypeEnquiryForBillingPostp._closeSR(TC_401_CallTypeEnquiryForBillingPostp.java:20)
	at sun.reflect.NativeMethodAccessorImpl.invoke0(Native Method)
	at sun.reflect.NativeMethodAccessorImpl.invoke(NativeMethodAccessorImpl.java:62)
	at sun.reflect.DelegatingMethodAccessorImpl.invoke(DelegatingMethodAccessorImpl.java:43)
	at java.lang.reflect.Method.invoke(Method.java:498)
	at org.testng.internal.MethodInvocationHelper.invokeMethod(MethodInvocationHelper.java:108)
	at org.testng.internal.Invoker.invokeConfigurationMethod(Invoker.java:523)
	at org.testng.internal.Invoker.invokeConfigurations(Invoker.java:224)
	at org.testng.internal.Invoker.invokeMethod(Invoker.java:599)
	at org.testng.internal.Invoker.invokeTestMethod(Invoker.java:869)
	at org.testng.internal.Invoker.invokeTestMethods(Invoker.java:1193)
	at org.testng.internal.TestMethodWorker.invokeTestMethods(TestMethodWorker.java:126)
	at org.testng.internal.TestMethodWorker.run(TestMethodWorker.java:109)
	at org.testng.TestRunner.privateRun(TestRunner.java:744)
	at org.testng.TestRunner.run(TestRunner.java:602)
	at org.testng.SuiteRunner.runTest(SuiteRunner.java:380)
	at org.testng.SuiteRunner.runSequentially(SuiteRunner.java:375)
	at org.testng.SuiteRunner.privateRun(SuiteRunner.java:340)
	at org.testng.SuiteRunner.run(SuiteRunner.java:289)
	at org.testng.SuiteRunnerWorker.runSuite(SuiteRunnerWorker.java:52)
	at org.testng.SuiteRunnerWorker.run(SuiteRunnerWorker.java:86)
	at org.testng.TestNG.runSuitesSequentially(TestNG.java:1301)
	at org.testng.TestNG.runSuitesLocally(TestNG.java:1226)
	at org.testng.TestNG.runSuites(TestNG.java:1144)
	at org.testng.TestNG.run(TestNG.java:1115)
	at org.apache.maven.surefire.testng.TestNGExecutor.run(TestNGExecutor.java:281)
	at org.apache.maven.surefire.testng.TestNGXmlTestSuite.execute(TestNGXmlTestSuite.java:75)
	at org.apache.maven.surefire.testng.TestNGProvider.invoke(TestNGProvider.java:121)
	at org.apache.maven.surefire.booter.ForkedBooter.invokeProviderInSameClassLoader(ForkedBooter.java:290)
	at org.apache.maven.surefire.booter.ForkedBooter.runSuitesInProcess(ForkedBooter.java:242)
	at org.apache.maven.surefire.booter.ForkedBooter.main(ForkedBooter.java:121)
]]>
            </full-stacktrace>
          </exception> <!-- java.lang.NullPointerException -->
          <reporter-output>
          </reporter-output>
        </test-method> <!-- ServiceissueCustomerFeedbackComplaintsVarification -->
      </class> <!-- com.vil.web.tests.postpaid.complaint.TC_095_ServiceissueCustomerFeedbackComplaintsPostpaid -->
      <class name="com.vil.web.tests.postpaid.complaint.Test_Automation_083">
        <test-method status="SKIP" signature="browserLaunch(java.lang.String, org.testng.ITestResult)[pri:0, instance:com.vil.web.tests.postpaid.complaint.Test_Automation_083@39aeed2f]" name="browserLaunch" is-config="true" duration-ms="0" started-at="2018-04-23T19:33:40Z" finished-at="2018-04-23T19:33:40Z">
          <reporter-output>
          </reporter-output>
        </test-method> <!-- browserLaunch -->
        <test-method status="SKIP" signature="_closeSR()[pri:0, instance:com.vil.web.tests.postpaid.complaint.Test_Automation_083@39aeed2f]" name="_closeSR" is-config="true" duration-ms="0" started-at="2018-04-23T19:33:40Z" finished-at="2018-04-23T19:33:40Z">
          <reporter-output>
          </reporter-output>
        </test-method> <!-- _closeSR -->
        <test-method status="SKIP" signature="NetworkDataConfiguration(java.lang.String)[pri:1, instance:com.vil.web.tests.postpaid.complaint.Test_Automation_083@39aeed2f]" name="NetworkDataConfiguration" duration-ms="0" started-at="2018-04-23T19:33:40Z" description="NetworkDataConfigurationPostpaidComplaint" finished-at="2018-04-23T19:33:40Z">
          <exception class="java.lang.NullPointerException">
            <full-stacktrace>
              <![CDATA[java.lang.NullPointerException
	at com.vil.web.library.GenericLib.getColumnIndex(GenericLib.java:140)
	at com.vil.web.tests.postpaid.enquiry.activation.TC_401_CallTypeEnquiryForBillingPostp._closeSR(TC_401_CallTypeEnquiryForBillingPostp.java:20)
	at sun.reflect.NativeMethodAccessorImpl.invoke0(Native Method)
	at sun.reflect.NativeMethodAccessorImpl.invoke(NativeMethodAccessorImpl.java:62)
	at sun.reflect.DelegatingMethodAccessorImpl.invoke(DelegatingMethodAccessorImpl.java:43)
	at java.lang.reflect.Method.invoke(Method.java:498)
	at org.testng.internal.MethodInvocationHelper.invokeMethod(MethodInvocationHelper.java:108)
	at org.testng.internal.Invoker.invokeConfigurationMethod(Invoker.java:523)
	at org.testng.internal.Invoker.invokeConfigurations(Invoker.java:224)
	at org.testng.internal.Invoker.invokeMethod(Invoker.java:599)
	at org.testng.internal.Invoker.invokeTestMethod(Invoker.java:869)
	at org.testng.internal.Invoker.invokeTestMethods(Invoker.java:1193)
	at org.testng.internal.TestMethodWorker.invokeTestMethods(TestMethodWorker.java:126)
	at org.testng.internal.TestMethodWorker.run(TestMethodWorker.java:109)
	at org.testng.TestRunner.privateRun(TestRunner.java:744)
	at org.testng.TestRunner.run(TestRunner.java:602)
	at org.testng.SuiteRunner.runTest(SuiteRunner.java:380)
	at org.testng.SuiteRunner.runSequentially(SuiteRunner.java:375)
	at org.testng.SuiteRunner.privateRun(SuiteRunner.java:340)
	at org.testng.SuiteRunner.run(SuiteRunner.java:289)
	at org.testng.SuiteRunnerWorker.runSuite(SuiteRunnerWorker.java:52)
	at org.testng.SuiteRunnerWorker.run(SuiteRunnerWorker.java:86)
	at org.testng.TestNG.runSuitesSequentially(TestNG.java:1301)
	at org.testng.TestNG.runSuitesLocally(TestNG.java:1226)
	at org.testng.TestNG.runSuites(TestNG.java:1144)
	at org.testng.TestNG.run(TestNG.java:1115)
	at org.apache.maven.surefire.testng.TestNGExecutor.run(TestNGExecutor.java:281)
	at org.apache.maven.surefire.testng.TestNGXmlTestSuite.execute(TestNGXmlTestSuite.java:75)
	at org.apache.maven.surefire.testng.TestNGProvider.invoke(TestNGProvider.java:121)
	at org.apache.maven.surefire.booter.ForkedBooter.invokeProviderInSameClassLoader(ForkedBooter.java:290)
	at org.apache.maven.surefire.booter.ForkedBooter.runSuitesInProcess(ForkedBooter.java:242)
	at org.apache.maven.surefire.booter.ForkedBooter.main(ForkedBooter.java:121)
]]>
            </full-stacktrace>
          </exception> <!-- java.lang.NullPointerException -->
          <reporter-output>
          </reporter-output>
        </test-method> <!-- NetworkDataConfiguration -->
      </class> <!-- com.vil.web.tests.postpaid.complaint.Test_Automation_083 -->
      <class name="com.vil.web.tests.postpaid.complaint.Test_Automation_082">
        <test-method status="SKIP" signature="SeperationMergerIssueComplaint(java.lang.String)[pri:1, instance:com.vil.web.tests.postpaid.complaint.Test_Automation_082@5c7fa833]" name="SeperationMergerIssueComplaint" duration-ms="0" started-at="2018-04-23T19:33:40Z" description="SeperationMergerIssueComplaint" finished-at="2018-04-23T19:33:40Z">
          <exception class="java.lang.NullPointerException">
            <full-stacktrace>
              <![CDATA[java.lang.NullPointerException
	at com.vil.web.library.GenericLib.getColumnIndex(GenericLib.java:140)
	at com.vil.web.tests.postpaid.enquiry.activation.TC_401_CallTypeEnquiryForBillingPostp._closeSR(TC_401_CallTypeEnquiryForBillingPostp.java:20)
	at sun.reflect.NativeMethodAccessorImpl.invoke0(Native Method)
	at sun.reflect.NativeMethodAccessorImpl.invoke(NativeMethodAccessorImpl.java:62)
	at sun.reflect.DelegatingMethodAccessorImpl.invoke(DelegatingMethodAccessorImpl.java:43)
	at java.lang.reflect.Method.invoke(Method.java:498)
	at org.testng.internal.MethodInvocationHelper.invokeMethod(MethodInvocationHelper.java:108)
	at org.testng.internal.Invoker.invokeConfigurationMethod(Invoker.java:523)
	at org.testng.internal.Invoker.invokeConfigurations(Invoker.java:224)
	at org.testng.internal.Invoker.invokeMethod(Invoker.java:599)
	at org.testng.internal.Invoker.invokeTestMethod(Invoker.java:869)
	at org.testng.internal.Invoker.invokeTestMethods(Invoker.java:1193)
	at org.testng.internal.TestMethodWorker.invokeTestMethods(TestMethodWorker.java:126)
	at org.testng.internal.TestMethodWorker.run(TestMethodWorker.java:109)
	at org.testng.TestRunner.privateRun(TestRunner.java:744)
	at org.testng.TestRunner.run(TestRunner.java:602)
	at org.testng.SuiteRunner.runTest(SuiteRunner.java:380)
	at org.testng.SuiteRunner.runSequentially(SuiteRunner.java:375)
	at org.testng.SuiteRunner.privateRun(SuiteRunner.java:340)
	at org.testng.SuiteRunner.run(SuiteRunner.java:289)
	at org.testng.SuiteRunnerWorker.runSuite(SuiteRunnerWorker.java:52)
	at org.testng.SuiteRunnerWorker.run(SuiteRunnerWorker.java:86)
	at org.testng.TestNG.runSuitesSequentially(TestNG.java:1301)
	at org.testng.TestNG.runSuitesLocally(TestNG.java:1226)
	at org.testng.TestNG.runSuites(TestNG.java:1144)
	at org.testng.TestNG.run(TestNG.java:1115)
	at org.apache.maven.surefire.testng.TestNGExecutor.run(TestNGExecutor.java:281)
	at org.apache.maven.surefire.testng.TestNGXmlTestSuite.execute(TestNGXmlTestSuite.java:75)
	at org.apache.maven.surefire.testng.TestNGProvider.invoke(TestNGProvider.java:121)
	at org.apache.maven.surefire.booter.ForkedBooter.invokeProviderInSameClassLoader(ForkedBooter.java:290)
	at org.apache.maven.surefire.booter.ForkedBooter.runSuitesInProcess(ForkedBooter.java:242)
	at org.apache.maven.surefire.booter.ForkedBooter.main(ForkedBooter.java:121)
]]>
            </full-stacktrace>
          </exception> <!-- java.lang.NullPointerException -->
          <reporter-output>
          </reporter-output>
        </test-method> <!-- SeperationMergerIssueComplaint -->
        <test-method status="SKIP" signature="browserLaunch(java.lang.String, org.testng.ITestResult)[pri:0, instance:com.vil.web.tests.postpaid.complaint.Test_Automation_082@5c7fa833]" name="browserLaunch" is-config="true" duration-ms="0" started-at="2018-04-23T19:33:40Z" finished-at="2018-04-23T19:33:40Z">
          <reporter-output>
          </reporter-output>
        </test-method> <!-- browserLaunch -->
        <test-method status="SKIP" signature="_closeSR()[pri:0, instance:com.vil.web.tests.postpaid.complaint.Test_Automation_082@5c7fa833]" name="_closeSR" is-config="true" duration-ms="0" started-at="2018-04-23T19:33:40Z" finished-at="2018-04-23T19:33:40Z">
          <reporter-output>
          </reporter-output>
        </test-method> <!-- _closeSR -->
      </class> <!-- com.vil.web.tests.postpaid.complaint.Test_Automation_082 -->
      <class name="com.vil.web.tests.postpaid.complaint.Test_Automation_081">
        <test-method status="SKIP" signature="browserLaunch(java.lang.String, org.testng.ITestResult)[pri:0, instance:com.vil.web.tests.postpaid.complaint.Test_Automation_081@4439f31e]" name="browserLaunch" is-config="true" duration-ms="0" started-at="2018-04-23T19:33:39Z" finished-at="2018-04-23T19:33:39Z">
          <reporter-output>
          </reporter-output>
        </test-method> <!-- browserLaunch -->
        <test-method status="SKIP" signature="verifyLinkDownComplaint(java.lang.String)[pri:1, instance:com.vil.web.tests.postpaid.complaint.Test_Automation_081@4439f31e]" name="verifyLinkDownComplaint" duration-ms="0" started-at="2018-04-23T19:33:39Z" description="Link Down complaints for postpaid customer" finished-at="2018-04-23T19:33:39Z">
          <exception class="java.lang.NullPointerException">
            <full-stacktrace>
              <![CDATA[java.lang.NullPointerException
	at com.vil.web.library.GenericLib.getColumnIndex(GenericLib.java:140)
	at com.vil.web.tests.postpaid.enquiry.activation.TC_401_CallTypeEnquiryForBillingPostp._closeSR(TC_401_CallTypeEnquiryForBillingPostp.java:20)
	at sun.reflect.NativeMethodAccessorImpl.invoke0(Native Method)
	at sun.reflect.NativeMethodAccessorImpl.invoke(NativeMethodAccessorImpl.java:62)
	at sun.reflect.DelegatingMethodAccessorImpl.invoke(DelegatingMethodAccessorImpl.java:43)
	at java.lang.reflect.Method.invoke(Method.java:498)
	at org.testng.internal.MethodInvocationHelper.invokeMethod(MethodInvocationHelper.java:108)
	at org.testng.internal.Invoker.invokeConfigurationMethod(Invoker.java:523)
	at org.testng.internal.Invoker.invokeConfigurations(Invoker.java:224)
	at org.testng.internal.Invoker.invokeMethod(Invoker.java:599)
	at org.testng.internal.Invoker.invokeTestMethod(Invoker.java:869)
	at org.testng.internal.Invoker.invokeTestMethods(Invoker.java:1193)
	at org.testng.internal.TestMethodWorker.invokeTestMethods(TestMethodWorker.java:126)
	at org.testng.internal.TestMethodWorker.run(TestMethodWorker.java:109)
	at org.testng.TestRunner.privateRun(TestRunner.java:744)
	at org.testng.TestRunner.run(TestRunner.java:602)
	at org.testng.SuiteRunner.runTest(SuiteRunner.java:380)
	at org.testng.SuiteRunner.runSequentially(SuiteRunner.java:375)
	at org.testng.SuiteRunner.privateRun(SuiteRunner.java:340)
	at org.testng.SuiteRunner.run(SuiteRunner.java:289)
	at org.testng.SuiteRunnerWorker.runSuite(SuiteRunnerWorker.java:52)
	at org.testng.SuiteRunnerWorker.run(SuiteRunnerWorker.java:86)
	at org.testng.TestNG.runSuitesSequentially(TestNG.java:1301)
	at org.testng.TestNG.runSuitesLocally(TestNG.java:1226)
	at org.testng.TestNG.runSuites(TestNG.java:1144)
	at org.testng.TestNG.run(TestNG.java:1115)
	at org.apache.maven.surefire.testng.TestNGExecutor.run(TestNGExecutor.java:281)
	at org.apache.maven.surefire.testng.TestNGXmlTestSuite.execute(TestNGXmlTestSuite.java:75)
	at org.apache.maven.surefire.testng.TestNGProvider.invoke(TestNGProvider.java:121)
	at org.apache.maven.surefire.booter.ForkedBooter.invokeProviderInSameClassLoader(ForkedBooter.java:290)
	at org.apache.maven.surefire.booter.ForkedBooter.runSuitesInProcess(ForkedBooter.java:242)
	at org.apache.maven.surefire.booter.ForkedBooter.main(ForkedBooter.java:121)
]]>
            </full-stacktrace>
          </exception> <!-- java.lang.NullPointerException -->
          <reporter-output>
          </reporter-output>
        </test-method> <!-- verifyLinkDownComplaint -->
        <test-method status="SKIP" signature="_closeSR()[pri:0, instance:com.vil.web.tests.postpaid.complaint.Test_Automation_081@4439f31e]" name="_closeSR" is-config="true" duration-ms="0" started-at="2018-04-23T19:33:39Z" finished-at="2018-04-23T19:33:39Z">
          <reporter-output>
          </reporter-output>
        </test-method> <!-- _closeSR -->
      </class> <!-- com.vil.web.tests.postpaid.complaint.Test_Automation_081 -->
      <class name="com.vil.web.tests.postpaid.complaint.TC_113_BillingPaymentUpdateComplaintsPostpaid">
        <test-method status="SKIP" signature="browserLaunch(java.lang.String, org.testng.ITestResult)[pri:0, instance:com.vil.web.tests.postpaid.complaint.TC_113_BillingPaymentUpdateComplaintsPostpaid@7dc7cbad]" name="browserLaunch" is-config="true" duration-ms="0" started-at="2018-04-23T19:33:39Z" finished-at="2018-04-23T19:33:39Z">
          <reporter-output>
          </reporter-output>
        </test-method> <!-- browserLaunch -->
        <test-method status="SKIP" signature="_closeSR()[pri:0, instance:com.vil.web.tests.postpaid.complaint.TC_113_BillingPaymentUpdateComplaintsPostpaid@7dc7cbad]" name="_closeSR" is-config="true" duration-ms="0" started-at="2018-04-23T19:33:39Z" finished-at="2018-04-23T19:33:39Z">
          <reporter-output>
          </reporter-output>
        </test-method> <!-- _closeSR -->
        <test-method status="SKIP" signature="billingPaymentUpdatePostpaidVarification(java.lang.String)[pri:1, instance:com.vil.web.tests.postpaid.complaint.TC_113_BillingPaymentUpdateComplaintsPostpaid@7dc7cbad]" name="billingPaymentUpdatePostpaidVarification" duration-ms="0" started-at="2018-04-23T19:33:39Z" description="Billing Payment Update Complaints Postpaid" finished-at="2018-04-23T19:33:39Z">
          <exception class="java.lang.NullPointerException">
            <full-stacktrace>
              <![CDATA[java.lang.NullPointerException
	at com.vil.web.library.GenericLib.getColumnIndex(GenericLib.java:140)
	at com.vil.web.tests.postpaid.enquiry.activation.TC_401_CallTypeEnquiryForBillingPostp._closeSR(TC_401_CallTypeEnquiryForBillingPostp.java:20)
	at sun.reflect.NativeMethodAccessorImpl.invoke0(Native Method)
	at sun.reflect.NativeMethodAccessorImpl.invoke(NativeMethodAccessorImpl.java:62)
	at sun.reflect.DelegatingMethodAccessorImpl.invoke(DelegatingMethodAccessorImpl.java:43)
	at java.lang.reflect.Method.invoke(Method.java:498)
	at org.testng.internal.MethodInvocationHelper.invokeMethod(MethodInvocationHelper.java:108)
	at org.testng.internal.Invoker.invokeConfigurationMethod(Invoker.java:523)
	at org.testng.internal.Invoker.invokeConfigurations(Invoker.java:224)
	at org.testng.internal.Invoker.invokeMethod(Invoker.java:599)
	at org.testng.internal.Invoker.invokeTestMethod(Invoker.java:869)
	at org.testng.internal.Invoker.invokeTestMethods(Invoker.java:1193)
	at org.testng.internal.TestMethodWorker.invokeTestMethods(TestMethodWorker.java:126)
	at org.testng.internal.TestMethodWorker.run(TestMethodWorker.java:109)
	at org.testng.TestRunner.privateRun(TestRunner.java:744)
	at org.testng.TestRunner.run(TestRunner.java:602)
	at org.testng.SuiteRunner.runTest(SuiteRunner.java:380)
	at org.testng.SuiteRunner.runSequentially(SuiteRunner.java:375)
	at org.testng.SuiteRunner.privateRun(SuiteRunner.java:340)
	at org.testng.SuiteRunner.run(SuiteRunner.java:289)
	at org.testng.SuiteRunnerWorker.runSuite(SuiteRunnerWorker.java:52)
	at org.testng.SuiteRunnerWorker.run(SuiteRunnerWorker.java:86)
	at org.testng.TestNG.runSuitesSequentially(TestNG.java:1301)
	at org.testng.TestNG.runSuitesLocally(TestNG.java:1226)
	at org.testng.TestNG.runSuites(TestNG.java:1144)
	at org.testng.TestNG.run(TestNG.java:1115)
	at org.apache.maven.surefire.testng.TestNGExecutor.run(TestNGExecutor.java:281)
	at org.apache.maven.surefire.testng.TestNGXmlTestSuite.execute(TestNGXmlTestSuite.java:75)
	at org.apache.maven.surefire.testng.TestNGProvider.invoke(TestNGProvider.java:121)
	at org.apache.maven.surefire.booter.ForkedBooter.invokeProviderInSameClassLoader(ForkedBooter.java:290)
	at org.apache.maven.surefire.booter.ForkedBooter.runSuitesInProcess(ForkedBooter.java:242)
	at org.apache.maven.surefire.booter.ForkedBooter.main(ForkedBooter.java:121)
]]>
            </full-stacktrace>
          </exception> <!-- java.lang.NullPointerException -->
          <reporter-output>
          </reporter-output>
        </test-method> <!-- billingPaymentUpdatePostpaidVarification -->
      </class> <!-- com.vil.web.tests.postpaid.complaint.TC_113_BillingPaymentUpdateComplaintsPostpaid -->
      <class name="com.vil.web.tests.binocularsearch.Test_Automation_246">
        <test-method status="SKIP" signature="browserLaunch(java.lang.String, org.testng.ITestResult)[pri:0, instance:com.vil.web.tests.binocularsearch.Test_Automation_246@6cc4c815]" name="browserLaunch" is-config="true" duration-ms="0" started-at="2018-04-23T19:33:41Z" finished-at="2018-04-23T19:33:41Z">
          <reporter-output>
          </reporter-output>
        </test-method> <!-- browserLaunch -->
        <test-method status="SKIP" signature="verifyBinacularSearchFileds(java.lang.String)[pri:134, instance:com.vil.web.tests.binocularsearch.Test_Automation_246@6cc4c815]" name="verifyBinacularSearchFileds" duration-ms="0" started-at="2018-04-23T19:33:41Z" description="Binocular Search with all options available on Siebel" finished-at="2018-04-23T19:33:41Z">
          <exception class="java.lang.NullPointerException">
            <full-stacktrace>
              <![CDATA[java.lang.NullPointerException
	at com.vil.web.library.GenericLib.getColumnIndex(GenericLib.java:140)
	at com.vil.web.tests.postpaid.enquiry.activation.TC_401_CallTypeEnquiryForBillingPostp._closeSR(TC_401_CallTypeEnquiryForBillingPostp.java:20)
	at sun.reflect.NativeMethodAccessorImpl.invoke0(Native Method)
	at sun.reflect.NativeMethodAccessorImpl.invoke(NativeMethodAccessorImpl.java:62)
	at sun.reflect.DelegatingMethodAccessorImpl.invoke(DelegatingMethodAccessorImpl.java:43)
	at java.lang.reflect.Method.invoke(Method.java:498)
	at org.testng.internal.MethodInvocationHelper.invokeMethod(MethodInvocationHelper.java:108)
	at org.testng.internal.Invoker.invokeConfigurationMethod(Invoker.java:523)
	at org.testng.internal.Invoker.invokeConfigurations(Invoker.java:224)
	at org.testng.internal.Invoker.invokeMethod(Invoker.java:599)
	at org.testng.internal.Invoker.invokeTestMethod(Invoker.java:869)
	at org.testng.internal.Invoker.invokeTestMethods(Invoker.java:1193)
	at org.testng.internal.TestMethodWorker.invokeTestMethods(TestMethodWorker.java:126)
	at org.testng.internal.TestMethodWorker.run(TestMethodWorker.java:109)
	at org.testng.TestRunner.privateRun(TestRunner.java:744)
	at org.testng.TestRunner.run(TestRunner.java:602)
	at org.testng.SuiteRunner.runTest(SuiteRunner.java:380)
	at org.testng.SuiteRunner.runSequentially(SuiteRunner.java:375)
	at org.testng.SuiteRunner.privateRun(SuiteRunner.java:340)
	at org.testng.SuiteRunner.run(SuiteRunner.java:289)
	at org.testng.SuiteRunnerWorker.runSuite(SuiteRunnerWorker.java:52)
	at org.testng.SuiteRunnerWorker.run(SuiteRunnerWorker.java:86)
	at org.testng.TestNG.runSuitesSequentially(TestNG.java:1301)
	at org.testng.TestNG.runSuitesLocally(TestNG.java:1226)
	at org.testng.TestNG.runSuites(TestNG.java:1144)
	at org.testng.TestNG.run(TestNG.java:1115)
	at org.apache.maven.surefire.testng.TestNGExecutor.run(TestNGExecutor.java:281)
	at org.apache.maven.surefire.testng.TestNGXmlTestSuite.execute(TestNGXmlTestSuite.java:75)
	at org.apache.maven.surefire.testng.TestNGProvider.invoke(TestNGProvider.java:121)
	at org.apache.maven.surefire.booter.ForkedBooter.invokeProviderInSameClassLoader(ForkedBooter.java:290)
	at org.apache.maven.surefire.booter.ForkedBooter.runSuitesInProcess(ForkedBooter.java:242)
	at org.apache.maven.surefire.booter.ForkedBooter.main(ForkedBooter.java:121)
]]>
            </full-stacktrace>
          </exception> <!-- java.lang.NullPointerException -->
          <reporter-output>
          </reporter-output>
        </test-method> <!-- verifyBinacularSearchFileds -->
      </class> <!-- com.vil.web.tests.binocularsearch.Test_Automation_246 -->
      <class name="com.vil.web.tests.prepaid.activation.Test_Automation_005">
        <test-method status="PASS" signature="browserLaunch(java.lang.String, org.testng.ITestResult)[pri:0, instance:com.vil.web.tests.prepaid.activation.Test_Automation_005@5f375618]" name="browserLaunch" is-config="true" duration-ms="6920" started-at="2018-04-23T19:33:13Z" finished-at="2018-04-23T19:33:20Z">
          <params>
            <param index="0">
              <value>
                <![CDATA[chrome]]>
              </value>
            </param>
            <param index="1">
              <value>
                <![CDATA[[TestResult name=prepaidCustomerCreation status=FAILURE method=Test_Automation_005.prepaidCustomerCreation(java.lang.String)[pri:1, instance:com.vil.web.tests.prepaid.activation.Test_Automation_005@5f375618] output={null}]]]>
              </value>
            </param>
          </params>
          <reporter-output>
          </reporter-output>
        </test-method> <!-- browserLaunch -->
        <test-method status="FAIL" signature="prepaidCustomerCreation(java.lang.String)[pri:1, instance:com.vil.web.tests.prepaid.activation.Test_Automation_005@5f375618]" name="prepaidCustomerCreation" duration-ms="19" started-at="2018-04-23T19:33:20Z" description=" check for prepaid MSISDN created successfully in SCRM from Cpos  " finished-at="2018-04-23T19:33:20Z">
          <params>
            <param index="0">
              <value>
                <![CDATA[chrome]]>
              </value>
            </param>
          </params>
          <exception class="java.lang.NullPointerException">
            <full-stacktrace>
              <![CDATA[java.lang.NullPointerException
	at com.vil.web.library.GenericLib.getColumnIndex(GenericLib.java:140)
	at com.vil.web.pages.LoginPage.fstLogin(LoginPage.java:159)
	at com.vil.web.library.FunctionLib.prepaidMSISDN(FunctionLib.java:87)
	at com.vil.web.tests.prepaid.activation.Test_Automation_005.prepaidCustomerCreation(Test_Automation_005.java:24)
	at sun.reflect.NativeMethodAccessorImpl.invoke0(Native Method)
	at sun.reflect.NativeMethodAccessorImpl.invoke(NativeMethodAccessorImpl.java:62)
	at sun.reflect.DelegatingMethodAccessorImpl.invoke(DelegatingMethodAccessorImpl.java:43)
	at java.lang.reflect.Method.invoke(Method.java:498)
	at org.testng.internal.MethodInvocationHelper.invokeMethod(MethodInvocationHelper.java:108)
	at org.testng.internal.Invoker.invokeMethod(Invoker.java:661)
	at org.testng.internal.Invoker.invokeTestMethod(Invoker.java:869)
	at org.testng.internal.Invoker.invokeTestMethods(Invoker.java:1193)
	at org.testng.internal.TestMethodWorker.invokeTestMethods(TestMethodWorker.java:126)
	at org.testng.internal.TestMethodWorker.run(TestMethodWorker.java:109)
	at org.testng.TestRunner.privateRun(TestRunner.java:744)
	at org.testng.TestRunner.run(TestRunner.java:602)
	at org.testng.SuiteRunner.runTest(SuiteRunner.java:380)
	at org.testng.SuiteRunner.runSequentially(SuiteRunner.java:375)
	at org.testng.SuiteRunner.privateRun(SuiteRunner.java:340)
	at org.testng.SuiteRunner.run(SuiteRunner.java:289)
	at org.testng.SuiteRunnerWorker.runSuite(SuiteRunnerWorker.java:52)
	at org.testng.SuiteRunnerWorker.run(SuiteRunnerWorker.java:86)
	at org.testng.TestNG.runSuitesSequentially(TestNG.java:1301)
	at org.testng.TestNG.runSuitesLocally(TestNG.java:1226)
	at org.testng.TestNG.runSuites(TestNG.java:1144)
	at org.testng.TestNG.run(TestNG.java:1115)
	at org.apache.maven.surefire.testng.TestNGExecutor.run(TestNGExecutor.java:281)
	at org.apache.maven.surefire.testng.TestNGXmlTestSuite.execute(TestNGXmlTestSuite.java:75)
	at org.apache.maven.surefire.testng.TestNGProvider.invoke(TestNGProvider.java:121)
	at org.apache.maven.surefire.booter.ForkedBooter.invokeProviderInSameClassLoader(ForkedBooter.java:290)
	at org.apache.maven.surefire.booter.ForkedBooter.runSuitesInProcess(ForkedBooter.java:242)
	at org.apache.maven.surefire.booter.ForkedBooter.main(ForkedBooter.java:121)
]]>
            </full-stacktrace>
          </exception> <!-- java.lang.NullPointerException -->
          <reporter-output>
[...]
	at org.testng.SuiteRunner.privateRun(SuiteRunner.java:340)
	at org.testng.SuiteRunner.run(SuiteRunner.java:289)
	at org.testng.SuiteRunnerWorker.runSuite(SuiteRunnerWorker.java:52)
	at org.testng.SuiteRunnerWorker.run(SuiteRunnerWorker.java:86)
	at org.testng.TestNG.runSuitesSequentially(TestNG.java:1301)
	at org.testng.TestNG.runSuitesLocally(TestNG.java:1226)
	at org.testng.TestNG.runSuites(TestNG.java:1144)
	at org.testng.TestNG.run(TestNG.java:1115)
	at org.apache.maven.surefire.testng.TestNGExecutor.run(TestNGExecutor.java:281)
	at org.apache.maven.surefire.testng.TestNGXmlTestSuite.execute(TestNGXmlTestSuite.java:75)
	at org.apache.maven.surefire.testng.TestNGProvider.invoke(TestNGProvider.java:121)
	at org.apache.maven.surefire.booter.ForkedBooter.invokeProviderInSameClassLoader(ForkedBooter.java:290)
	at org.apache.maven.surefire.booter.ForkedBooter.runSuitesInProcess(ForkedBooter.java:242)
	at org.apache.maven.surefire.booter.ForkedBooter.main(ForkedBooter.java:121)
]]>
            </full-stacktrace>
          </exception> <!-- java.lang.NullPointerException -->
          <reporter-output>
          </reporter-output>
        </test-method> <!-- CreditAndCollectionCLChangeCompaint -->
      </class> <!-- com.vil.web.tests.postpaid.complaint.Test_Automation_075 -->
      <class name="com.vil.web.tests.postpaid.complaint.TC_069_BillingAndPaymentCompPostpforDepositIssue">
        <test-method status="SKIP" signature="billingComplaintPostpforDepositIssue(java.lang.String)[pri:1, instance:com.vil.web.tests.postpaid.complaint.TC_069_BillingAndPaymentCompPostpforDepositIssue@68be2bc2]" name="billingComplaintPostpforDepositIssue" duration-ms="0" started-at="2018-04-23T19:33:40Z" description="Network related complaint postpaid using BO user" finished-at="2018-04-23T19:33:40Z">
          <exception class="java.lang.NullPointerException">
            <full-stacktrace>
              <![CDATA[java.lang.NullPointerException
	at com.vil.web.library.GenericLib.getColumnIndex(GenericLib.java:140)
	at com.vil.web.tests.postpaid.enquiry.activation.TC_401_CallTypeEnquiryForBillingPostp._closeSR(TC_401_CallTypeEnquiryForBillingPostp.java:20)
	at sun.reflect.NativeMethodAccessorImpl.invoke0(Native Method)
	at sun.reflect.NativeMethodAccessorImpl.invoke(NativeMethodAccessorImpl.java:62)
	at sun.reflect.DelegatingMethodAccessorImpl.invoke(DelegatingMethodAccessorImpl.java:43)
	at java.lang.reflect.Method.invoke(Method.java:498)
	at org.testng.internal.MethodInvocationHelper.invokeMethod(MethodInvocationHelper.java:108)
	at org.testng.internal.Invoker.invokeConfigurationMethod(Invoker.java:523)
	at org.testng.internal.Invoker.invokeConfigurations(Invoker.java:224)
	at org.testng.internal.Invoker.invokeMethod(Invoker.java:599)
	at org.testng.internal.Invoker.invokeTestMethod(Invoker.java:869)
	at org.testng.internal.Invoker.invokeTestMethods(Invoker.java:1193)
	at org.testng.internal.TestMethodWorker.invokeTestMethods(TestMethodWorker.java:126)
	at org.testng.internal.TestMethodWorker.run(TestMethodWorker.java:109)
	at org.testng.TestRunner.privateRun(TestRunner.java:744)
	at org.testng.TestRunner.run(TestRunner.java:602)
	at org.testng.SuiteRunner.runTest(SuiteRunner.java:380)
	at org.testng.SuiteRunner.runSequentially(SuiteRunner.java:375)
	at org.testng.SuiteRunner.privateRun(SuiteRunner.java:340)
	at org.testng.SuiteRunner.run(SuiteRunner.java:289)
	at org.testng.SuiteRunnerWorker.runSuite(SuiteRunnerWorker.java:52)
	at org.testng.SuiteRunnerWorker.run(SuiteRunnerWorker.java:86)
	at org.testng.TestNG.runSuitesSequentially(TestNG.java:1301)
	at org.testng.TestNG.runSuitesLocally(TestNG.java:1226)
	at org.testng.TestNG.runSuites(TestNG.java:1144)
	at org.testng.TestNG.run(TestNG.java:1115)
	at org.apache.maven.surefire.testng.TestNGExecutor.run(TestNGExecutor.java:281)
	at org.apache.maven.surefire.testng.TestNGXmlTestSuite.execute(TestNGXmlTestSuite.java:75)
	at org.apache.maven.surefire.testng.TestNGProvider.invoke(TestNGProvider.java:121)
	at org.apache.maven.surefire.booter.ForkedBooter.invokeProviderInSameClassLoader(ForkedBooter.java:290)
	at org.apache.maven.surefire.booter.ForkedBooter.runSuitesInProcess(ForkedBooter.java:242)
	at org.apache.maven.surefire.booter.ForkedBooter.main(ForkedBooter.java:121)
]]>
            </full-stacktrace>
          </exception> <!-- java.lang.NullPointerException -->
          <reporter-output>
          </reporter-output>
        </test-method> <!-- billingComplaintPostpforDepositIssue -->
        <test-method status="SKIP" signature="_closeSR()[pri:0, instance:com.vil.web.tests.postpaid.complaint.TC_069_BillingAndPaymentCompPostpforDepositIssue@68be2bc2]" name="_closeSR" is-config="true" duration-ms="0" started-at="2018-04-23T19:33:40Z" finished-at="2018-04-23T19:33:40Z">
          <reporter-output>
          </reporter-output>
        </test-method> <!-- _closeSR -->
        <test-method status="SKIP" signature="browserLaunch(java.lang.String, org.testng.ITestResult)[pri:0, instance:com.vil.web.tests.postpaid.complaint.TC_069_BillingAndPaymentCompPostpforDepositIssue@68be2bc2]" name="browserLaunch" is-config="true" duration-ms="0" started-at="2018-04-23T19:33:40Z" finished-at="2018-04-23T19:33:40Z">
          <reporter-output>
          </reporter-output>
        </test-method> <!-- browserLaunch -->
      </class> <!-- com.vil.web.tests.postpaid.complaint.TC_069_BillingAndPaymentCompPostpforDepositIssue -->
      <class name="com.vil.web.tests.prepaid.quickactionbtn.TC_064_PushSms">
        <test-method status="PASS" signature="browserLaunch(java.lang.String, org.testng.ITestResult)[pri:0, instance:com.vil.web.tests.prepaid.quickactionbtn.TC_064_PushSms@51081592]" name="browserLaunch" is-config="true" duration-ms="6314" started-at="2018-04-23T19:32:59Z" finished-at="2018-04-23T19:33:06Z">
          <params>
            <param index="0">
              <value>
                <![CDATA[chrome]]>
              </value>
            </param>
            <param index="1">
              <value>
                <![CDATA[[TestResult name=pushSmsVarification status=FAILURE method=TC_064_PushSms.pushSmsVarification(java.lang.String)[pri:1, instance:com.vil.web.tests.prepaid.quickactionbtn.TC_064_PushSms@51081592] output={null}]]]>
              </value>
            </param>
          </params>
          <reporter-output>
          </reporter-output>
        </test-method> <!-- browserLaunch -->
        <test-method status="FAIL" signature="pushSmsVarification(java.lang.String)[pri:1, instance:com.vil.web.tests.prepaid.quickactionbtn.TC_064_PushSms@51081592]" name="pushSmsVarification" duration-ms="12" started-at="2018-04-23T19:33:06Z" description=" Push SMS " finished-at="2018-04-23T19:33:06Z">
          <params>
            <param index="0">
              <value>
                <![CDATA[chrome]]>
              </value>
            </param>
          </params>
          <exception class="java.lang.NullPointerException">
            <full-stacktrace>
              <![CDATA[java.lang.NullPointerException
	at com.vil.web.library.GenericLib.getColumnIndex(GenericLib.java:140)
	at com.vil.web.pages.LoginPage.fstLogin(LoginPage.java:159)
	at com.vil.web.library.FunctionLib.prepaidMSISDN(FunctionLib.java:87)
	at com.vil.web.tests.prepaid.quickactionbtn.TC_064_PushSms.pushSmsVarification(TC_064_PushSms.java:33)
	at sun.reflect.NativeMethodAccessorImpl.invoke0(Native Method)
	at sun.reflect.NativeMethodAccessorImpl.invoke(NativeMethodAccessorImpl.java:62)
	at sun.reflect.DelegatingMethodAccessorImpl.invoke(DelegatingMethodAccessorImpl.java:43)
	at java.lang.reflect.Method.invoke(Method.java:498)
	at org.testng.internal.MethodInvocationHelper.invokeMethod(MethodInvocationHelper.java:108)
	at org.testng.internal.Invoker.invokeMethod(Invoker.java:661)
	at org.testng.internal.Invoker.invokeTestMethod(Invoker.java:869)
	at org.testng.internal.Invoker.invokeTestMethods(Invoker.java:1193)
	at org.testng.internal.TestMethodWorker.invokeTestMethods(TestMethodWorker.java:126)
	at org.testng.internal.TestMethodWorker.run(TestMethodWorker.java:109)
	at org.testng.TestRunner.privateRun(TestRunner.java:744)
	at org.testng.TestRunner.run(TestRunner.java:602)
	at org.testng.SuiteRunner.runTest(SuiteRunner.java:380)
	at org.testng.SuiteRunner.runSequentially(SuiteRunner.java:375)
	at org.testng.SuiteRunner.privateRun(SuiteRunner.java:340)
	at org.testng.SuiteRunner.run(SuiteRunner.java:289)
	at org.testng.SuiteRunnerWorker.runSuite(SuiteRunnerWorker.java:52)
	at org.testng.SuiteRunnerWorker.run(SuiteRunnerWorker.java:86)
	at org.testng.TestNG.runSuitesSequentially(TestNG.java:1301)
	at org.testng.TestNG.runSuitesLocally(TestNG.java:1226)
	at org.testng.TestNG.runSuites(TestNG.java:1144)
	at org.testng.TestNG.run(TestNG.java:1115)
	at org.apache.maven.surefire.testng.TestNGExecutor.run(TestNGExecutor.java:281)
	at org.apache.maven.surefire.testng.TestNGXmlTestSuite.execute(TestNGXmlTestSuite.java:75)
	at org.apache.maven.surefire.testng.TestNGProvider.invoke(TestNGProvider.java:121)
	at org.apache.maven.surefire.booter.ForkedBooter.invokeProviderInSameClassLoader(ForkedBooter.java:290)
	at org.apache.maven.surefire.booter.ForkedBooter.runSuitesInProcess(ForkedBooter.java:242)
	at org.apache.maven.surefire.booter.ForkedBooter.main(ForkedBooter.java:121)
]]>
            </full-stacktrace>
          </exception> <!-- java.lang.NullPointerException -->
          <reporter-output>
          </reporter-output>
        </test-method> <!-- pushSmsVarification -->
        <test-method status="PASS" signature="closebrowser()[pri:0, instance:com.vil.web.tests.prepaid.quickactionbtn.TC_064_PushSms@51081592]" name="closebrowser" is-config="true" duration-ms="294" started-at="2018-04-23T19:33:06Z" finished-at="2018-04-23T19:33:06Z">
          <reporter-output>
          </reporter-output>
        </test-method> <!-- closebrowser -->
      </class> <!-- com.vil.web.tests.prepaid.quickactionbtn.TC_064_PushSms -->
      <class name="com.vil.web.tests.postpaid.activation.Test_Automation_001">
        <test-method status="PASS" signature="DBConnection()[pri:0, instance:com.vil.web.tests.postpaid.activation.Test_Automation_001@50c87b21]" name="DBConnection" is-config="true" duration-ms="367" started-at="2018-04-23T19:32:38Z" finished-at="2018-04-23T19:32:39Z">
          <reporter-output>
          </reporter-output>
        </test-method> <!-- DBConnection -->
        <test-method status="PASS" signature="browserLaunch(java.lang.String, org.testng.ITestResult)[pri:0, instance:com.vil.web.tests.postpaid.activation.Test_Automation_001@50c87b21]" name="browserLaunch" is-config="true" duration-ms="7044" started-at="2018-04-23T19:32:50Z" finished-at="2018-04-23T19:32:57Z">
          <params>
            <param index="0">
              <value>
                <![CDATA[chrome]]>
              </value>
            </param>
            <param index="1">
              <value>
                <![CDATA[[TestResult name=postPaidCustomerCreation status=FAILURE method=Test_Automation_001.postPaidCustomerCreation(java.lang.String)[pri:1, instance:com.vil.web.tests.postpaid.activation.Test_Automation_001@50c87b21] output={null}]]]>
              </value>
            </param>
          </params>
          <reporter-output>
          </reporter-output>
        </test-method> <!-- browserLaunch -->
        <test-method status="FAIL" signature="postPaidCustomerCreation(java.lang.String)[pri:1, instance:com.vil.web.tests.postpaid.activation.Test_Automation_001@50c87b21]" name="postPaidCustomerCreation" duration-ms="53" started-at="2018-04-23T19:32:57Z" description=" check for prepaid MSISDN created successfully in SCRM from Cpos  " finished-at="2018-04-23T19:32:57Z">
          <params>
            <param index="0">
              <value>
                <![CDATA[chrome]]>
              </value>
            </param>
          </params>
          <exception class="java.lang.NullPointerException">
            <full-stacktrace>
              <![CDATA[java.lang.NullPointerException
	at com.vil.web.library.GenericLib.getColumnIndex(GenericLib.java:140)
	at com.vil.web.pages.LoginPage.fstLogin(LoginPage.java:159)
	at com.vil.web.library.FunctionLib.postpaidMSISDN(FunctionLib.java:29)
	at com.vil.web.tests.postpaid.activation.Test_Automation_001.postPaidCustomerCreation(Test_Automation_001.java:26)
	at sun.reflect.NativeMethodAccessorImpl.invoke0(Native Method)
	at sun.reflect.NativeMethodAccessorImpl.invoke(NativeMethodAccessorImpl.java:62)
	at sun.reflect.DelegatingMethodAccessorImpl.invoke(DelegatingMethodAccessorImpl.java:43)
	at java.lang.reflect.Method.invoke(Method.java:498)
	at org.testng.internal.MethodInvocationHelper.invokeMethod(MethodInvocationHelper.java:108)
	at org.testng.internal.Invoker.invokeMethod(Invoker.java:661)
	at org.testng.internal.Invoker.invokeTestMethod(Invoker.java:869)
	at org.testng.internal.Invoker.invokeTestMethods(Invoker.java:1193)
	at org.testng.internal.TestMethodWorker.invokeTestMethods(TestMethodWorker.java:126)
	at org.testng.internal.TestMethodWorker.run(TestMethodWorker.java:109)
	at org.testng.TestRunner.privateRun(TestRunner.java:744)
	at org.testng.TestRunner.run(TestRunner.java:602)
	at org.testng.SuiteRunner.runTest(SuiteRunner.java:380)
	at org.testng.SuiteRunner.runSequentially(SuiteRunner.java:375)
	at org.testng.SuiteRunner.privateRun(SuiteRunner.java:340)
	at org.testng.SuiteRunner.run(SuiteRunner.java:289)
	at org.testng.SuiteRunnerWorker.runSuite(SuiteRunnerWorker.java:52)
	at org.testng.SuiteRunnerWorker.run(SuiteRunnerWorker.java:86)
	at org.testng.TestNG.runSuitesSequentially(TestNG.java:1301)
	at org.testng.TestNG.runSuitesLocally(TestNG.java:1226)
	at org.testng.TestNG.runSuites(TestNG.java:1144)
	at org.testng.TestNG.run(TestNG.java:1115)
	at org.apache.maven.surefire.testng.TestNGExecutor.run(TestNGExecutor.java:281)
	at org.apache.maven.surefire.testng.TestNGXmlTestSuite.execute(TestNGXmlTestSuite.java:75)
	at org.apache.maven.surefire.testng.TestNGProvider.invoke(TestNGProvider.java:121)
	at org.apache.maven.surefire.booter.ForkedBooter.invokeProviderInSameClassLoader(ForkedBooter.java:290)
	at org.apache.maven.surefire.booter.ForkedBooter.runSuitesInProcess(ForkedBooter.java:242)
	at org.apache.maven.surefire.booter.ForkedBooter.main(ForkedBooter.java:121)
]]>
            </full-stacktrace>
          </exception> <!-- java.lang.NullPointerException -->
          <reporter-output>
          </reporter-output>
        </test-method> <!-- postPaidCustomerCreation -->
        <test-method status="PASS" signature="closebrowser()[pri:0, instance:com.vil.web.tests.postpaid.activation.Test_Automation_001@50c87b21]" name="closebrowser" is-config="true" duration-ms="2311" started-at="2018-04-23T19:32:57Z" finished-at="2018-04-23T19:32:59Z">
          <reporter-output>
          </reporter-output>
        </test-method> <!-- closebrowser -->
        <test-method status="SKIP" signature="killBrowserProcess()[pri:0, instance:com.vil.web.tests.postpaid.activation.Test_Automation_001@50c87b21]" name="killBrowserProcess" is-config="true" duration-ms="0" started-at="2018-04-23T19:33:42Z" finished-at="2018-04-23T19:33:42Z">
          <reporter-output>
          </reporter-output>
        </test-method> <!-- killBrowserProcess -->
      </class> <!-- com.vil.web.tests.postpaid.activation.Test_Automation_001 -->
      <class name="com.vil.web.tests.postpaid.complaint.TC_096_FailedInteractionsSelfHelpErrorOrAccessPostP">
        <test-method status="SKIP" signature="browserLaunch(java.lang.String, org.testng.ITestResult)[pri:0, instance:com.vil.web.tests.postpaid.complaint.TC_096_FailedInteractionsSelfHelpErrorOrAccessPostP@7823a2f9]" name="browserLaunch" is-config="true" duration-ms="0" started-at="2018-04-23T19:33:40Z" finished-at="2018-04-23T19:33:40Z">
          <reporter-output>
          </reporter-output>
        </test-method> <!-- browserLaunch -->
        <test-method status="SKIP" signature="failedInteractionsSelfHelpErrorOrAccessPostP(java.lang.String)[pri:1, instance:com.vil.web.tests.postpaid.complaint.TC_096_FailedInteractionsSelfHelpErrorOrAccessPostP@7823a2f9]" name="failedInteractionsSelfHelpErrorOrAccessPostP" duration-ms="0" started-at="2018-04-23T19:33:40Z" description="Network related complaint postpaid using BO user" finished-at="2018-04-23T19:33:40Z">
          <exception class="java.lang.NullPointerException">
            <full-stacktrace>
              <![CDATA[java.lang.NullPointerException
	at com.vil.web.library.GenericLib.getColumnIndex(GenericLib.java:140)
	at com.vil.web.tests.postpaid.enquiry.activation.TC_401_CallTypeEnquiryForBillingPostp._closeSR(TC_401_CallTypeEnquiryForBillingPostp.java:20)
	at sun.reflect.NativeMethodAccessorImpl.invoke0(Native Method)
	at sun.reflect.NativeMethodAccessorImpl.invoke(NativeMethodAccessorImpl.java:62)
	at sun.reflect.DelegatingMethodAccessorImpl.invoke(DelegatingMethodAccessorImpl.java:43)
	at java.lang.reflect.Method.invoke(Method.java:498)
	at org.testng.internal.MethodInvocationHelper.invokeMethod(MethodInvocationHelper.java:108)
	at org.testng.internal.Invoker.invokeConfigurationMethod(Invoker.java:523)
	at org.testng.internal.Invoker.invokeConfigurations(Invoker.java:224)
	at org.testng.internal.Invoker.invokeMethod(Invoker.java:599)
	at org.testng.internal.Invoker.invokeTestMethod(Invoker.java:869)
	at org.testng.internal.Invoker.invokeTestMethods(Invoker.java:1193)
	at org.testng.internal.TestMethodWorker.invokeTestMethods(TestMethodWorker.java:126)
	at org.testng.internal.TestMethodWorker.run(TestMethodWorker.java:109)
	at org.testng.TestRunner.privateRun(TestRunner.java:744)
	at org.testng.TestRunner.run(TestRunner.java:602)
	at org.testng.SuiteRunner.runTest(SuiteRunner.java:380)
	at org.testng.SuiteRunner.runSequentially(SuiteRunner.java:375)
	at org.testng.SuiteRunner.privateRun(SuiteRunner.java:340)
	at org.testng.SuiteRunner.run(SuiteRunner.java:289)
	at org.testng.SuiteRunnerWorker.runSuite(SuiteRunnerWorker.java:52)
	at org.testng.SuiteRunnerWorker.run(SuiteRunnerWorker.java:86)
	at org.testng.TestNG.runSuitesSequentially(TestNG.java:1301)
	at org.testng.TestNG.runSuitesLocally(TestNG.java:1226)
	at org.testng.TestNG.runSuites(TestNG.java:1144)
	at org.testng.TestNG.run(TestNG.java:1115)
	at org.apache.maven.surefire.testng.TestNGExecutor.run(TestNGExecutor.java:281)
	at org.apache.maven.surefire.testng.TestNGXmlTestSuite.execute(TestNGXmlTestSuite.java:75)
	at org.apache.maven.surefire.testng.TestNGProvider.invoke(TestNGProvider.java:121)
	at org.apache.maven.surefire.booter.ForkedBooter.invokeProviderInSameClassLoader(ForkedBooter.java:290)
	at org.apache.maven.surefire.booter.ForkedBooter.runSuitesInProcess(ForkedBooter.java:242)
	at org.apache.maven.surefire.booter.ForkedBooter.main(ForkedBooter.java:121)
]]>
            </full-stacktrace>
          </exception> <!-- java.lang.NullPointerException -->
          <reporter-output>
          </reporter-output>
        </test-method> <!-- failedInteractionsSelfHelpErrorOrAccessPostP -->
        <test-method status="SKIP" signature="_closeSR()[pri:0, instance:com.vil.web.tests.postpaid.complaint.TC_096_FailedInteractionsSelfHelpErrorOrAccessPostP@7823a2f9]" name="_closeSR" is-config="true" duration-ms="0" started-at="2018-04-23T19:33:40Z" finished-at="2018-04-23T19:33:40Z">
          <reporter-output>
          </reporter-output>
        </test-method> <!-- _closeSR -->
      </class> <!-- com.vil.web.tests.postpaid.complaint.TC_096_FailedInteractionsSelfHelpErrorOrAccessPostP -->
    </test> <!-- SanityTest -->
  </suite> <!-- Suite -->
</testng-results>
