<?xml version="1.0" encoding="UTF-8"?>
<testsuite xmlns:xsi="http://www.w3.org/2001/XMLSchema-instance" xsi:schemaLocation="https://maven.apache.org/surefire/maven-surefire-plugin/xsd/surefire-test-report.xsd" name="TestSuite" time="64.108" tests="138" errors="0" skipped="130" failures="8">
  <properties>
[...]
</properties>
  <testcase name="pushOtaVarification" classname="com.vil.web.tests.prepaid.quickactionbtn.TC_406_PushOTA" time="0.042">
    <failure type="java.lang.NullPointerException">java.lang.NullPointerException
	at com.vil.web.tests.prepaid.quickactionbtn.TC_406_PushOTA.pushOtaVarification(TC_406_PushOTA.java:23)
</failure>
    <system-out><![CDATA[-------DB Connection Opened---------
D:\Automation\VIL-testautomation/test-output
D:\Automation\VIL-testautomation/reports/Run-23-04-2018-07-32-39/extent/
------test output dir deleted--------
Deleted file/folder: D:\Automation\VIL-testautomation\test-output
--extent folder created
D:\Automation\VIL-testautomation/reports/Run-23-04-2018-07-32-39/extent/extent_23-04-2018-07-32-39.html
--excel folder created
--scrrenshot folder created
]]></system-out>
    <system-err><![CDATA[Starting ChromeDriver 2.36.540470 (e522d04694c7ebea4ba8821272dbef4f9b818c91) on port 8583
Only local connections are allowed.
Apr 23, 2018 7:32:43 PM org.openqa.selenium.remote.ProtocolHandshake createSession
INFO: Detected dialect: OSS
java.io.FileNotFoundException: D:\Automation\VIL-testautomation\testdata\fst\fst_data.xlsx (The system cannot find the path specified)
	at java.io.FileInputStream.open0(Native Method)
	at java.io.FileInputStream.open(FileInputStream.java:195)
	at java.io.FileInputStream.<init>(FileInputStream.java:138)
	at java.io.FileInputStream.<init>(FileInputStream.java:93)
	at com.vil.web.library.GenericLib.toReadExcelData(GenericLib.java:110)
	at com.vil.web.library.GenericLib.getColumnIndex(GenericLib.java:138)
	at com.vil.web.pages.LoginPage.fstLogin(LoginPage.java:159)
	at com.vil.web.library.FunctionLib.prepaidMSISDN(FunctionLib.java:87)
	at com.vil.web.tests.prepaid.quickactionbtn.TC_406_PushOTA.pushOtaVarification(TC_406_PushOTA.java:23)
	at sun.reflect.NativeMethodAccessorImpl.invoke0(Native Method)
	at sun.reflect.NativeMethodAccessorImpl.invoke(NativeMethodAccessorImpl.java:62)
	at sun.reflect.DelegatingMethodAccessorImpl.invoke(DelegatingMethodAccessorImpl.java:43)
	at java.lang.reflect.Method.invoke(Method.java:498)
	at org.testng.internal.MethodInvocationHelper.invokeMethod(MethodInvocationHelper.java:108)
	at org.testng.internal.Invoker.invokeMethod(Invoker.java:661)
	at org.testng.internal.Invoker.invokeTestMethod(Invoker.java:869)
	at org.testng.internal.Invoker.invokeTestMethods(Invoker.java:1193)
	at org.testng.internal.TestMethodWorker.invokeTestMethods(TestMethodWorker.java:126)
	at org.testng.internal.TestMethodWorker.run(TestMethodWorker.java:109)
	at org.testng.TestRunner.privateRun(TestRunner.java:744)
	at org.testng.TestRunner.run(TestRunner.java:602)
	at org.testng.SuiteRunner.runTest(SuiteRunner.java:380)
	at org.testng.SuiteRunner.runSequentially(SuiteRunner.java:375)
	at org.testng.SuiteRunner.privateRun(SuiteRunner.java:340)
	at org.testng.SuiteRunner.run(SuiteRunner.java:289)
	at org.testng.SuiteRunnerWorker.runSuite(SuiteRunnerWorker.java:52)
	at org.testng.SuiteRunnerWorker.run(SuiteRunnerWorker.java:86)
	at org.testng.TestNG.runSuitesSequentially(TestNG.java:1301)
	at org.testng.TestNG.runSuitesLocally(TestNG.java:1226)
	at org.testng.TestNG.runSuites(TestNG.java:1144)
	at org.testng.TestNG.run(TestNG.java:1115)
	at org.apache.maven.surefire.testng.TestNGExecutor.run(TestNGExecutor.java:281)
	at org.apache.maven.surefire.testng.TestNGXmlTestSuite.execute(TestNGXmlTestSuite.java:75)
	at org.apache.maven.surefire.testng.TestNGProvider.invoke(TestNGProvider.java:121)
	at org.apache.maven.surefire.booter.ForkedBooter.invokeProviderInSameClassLoader(ForkedBooter.java:290)
	at org.apache.maven.surefire.booter.ForkedBooter.runSuitesInProcess(ForkedBooter.java:242)
	at org.apache.maven.surefire.booter.ForkedBooter.main(ForkedBooter.java:121)
]]></system-err>
  </testcase>
  <testcase name="postPaidCustomerCreation" classname="com.vil.web.tests.postpaid.activation.Test_Automation_001" time="0.054">
    <failure type="java.lang.NullPointerException">java.lang.NullPointerException
	at com.vil.web.tests.postpaid.activation.Test_Automation_001.postPaidCustomerCreation(Test_Automation_001.java:26)
</failure>
    <system-out><![CDATA[---------------------[#text: Y]
XML file updated successfully
]]></system-out>
    <system-err><![CDATA[Apr 23, 2018 7:32:48 PM com.aventstack.extentreports.utils.Writer write
SEVERE: D:\Automation\VIL-testautomation\reports\Run-23-04-2018-07-32-39\extent
java.io.FileNotFoundException: D:\Automation\VIL-testautomation\reports\Run-23-04-2018-07-32-39\extent (Access is denied)
	at java.io.FileOutputStream.open0(Native Method)
	at java.io.FileOutputStream.open(FileOutputStream.java:270)
	at java.io.FileOutputStream.<init>(FileOutputStream.java:213)
	at java.io.FileOutputStream.<init>(FileOutputStream.java:162)
	at java.io.FileWriter.<init>(FileWriter.java:90)
	at com.aventstack.extentreports.utils.Writer.write(Writer.java:22)
	at com.aventstack.extentreports.reporter.ExtentHtmlReporter.flush(ExtentHtmlReporter.java:151)
	at java.util.ArrayList.forEach(ArrayList.java:1257)
	at com.aventstack.extentreports.Report.notifyReporters(Report.java:263)
	at com.aventstack.extentreports.Report.flush(Report.java:185)
	at com.aventstack.extentreports.ExtentReports.flush(ExtentReports.java:281)
	at com.vil.web.reports.MyExtentListners.onTestFailure(MyExtentListners.java:118)
	at org.testng.internal.Invoker.runTestListeners(Invoker.java:1731)
	at org.testng.internal.Invoker.runTestListeners(Invoker.java:1714)
	at org.testng.internal.Invoker.invokeMethod(Invoker.java:714)
	at org.testng.internal.Invoker.invokeTestMethod(Invoker.java:869)
	at org.testng.internal.Invoker.invokeTestMethods(Invoker.java:1193)
	at org.testng.internal.TestMethodWorker.invokeTestMethods(TestMethodWorker.java:126)
	at org.testng.internal.TestMethodWorker.run(TestMethodWorker.java:109)
	at org.testng.TestRunner.privateRun(TestRunner.java:744)
	at org.testng.TestRunner.run(TestRunner.java:602)
	at org.testng.SuiteRunner.runTest(SuiteRunner.java:380)
	at org.testng.SuiteRunner.runSequentially(SuiteRunner.java:375)
	at org.testng.SuiteRunner.privateRun(SuiteRunner.java:340)
	at org.testng.SuiteRunner.run(SuiteRunner.java:289)
	at org.testng.SuiteRunnerWorker.runSuite(SuiteRunnerWorker.java:52)
	at org.testng.SuiteRunnerWorker.run(SuiteRunnerWorker.java:86)
	at org.testng.TestNG.runSuitesSequentially(TestNG.java:1301)
	at org.testng.TestNG.runSuitesLocally(TestNG.java:1226)
	at org.testng.TestNG.runSuites(TestNG.java:1144)
	at org.testng.TestNG.run(TestNG.java:1115)
	at org.apache.maven.surefire.testng.TestNGExecutor.run(TestNGExecutor.java:281)
	at org.apache.maven.surefire.testng.TestNGXmlTestSuite.execute(TestNGXmlTestSuite.java:75)
	at org.apache.maven.surefire.testng.TestNGProvider.invoke(TestNGProvider.java:121)
	at org.apache.maven.surefire.booter.ForkedBooter.invokeProviderInSameClassLoader(ForkedBooter.java:290)
	at org.apache.maven.surefire.booter.ForkedBooter.runSuitesInProcess(ForkedBooter.java:242)
	at org.apache.maven.surefire.booter.ForkedBooter.main(ForkedBooter.java:121)

Starting ChromeDriver 2.36.540470 (e522d04694c7ebea4ba8821272dbef4f9b818c91) on port 29592
Only local connections are allowed.
Apr 23, 2018 7:32:53 PM org.openqa.selenium.remote.ProtocolHandshake createSession
INFO: Detected dialect: OSS
java.io.FileNotFoundException: D:\Automation\VIL-testautomation\testdata\fst\fst_data.xlsx (The system cannot find the path specified)
	at java.io.FileInputStream.open0(Native Method)
	at java.io.FileInputStream.open(FileInputStream.java:195)
	at java.io.FileInputStream.<init>(FileInputStream.java:138)
	at java.io.FileInputStream.<init>(FileInputStream.java:93)
	at com.vil.web.library.GenericLib.toReadExcelData(GenericLib.java:110)
	at com.vil.web.library.GenericLib.getColumnIndex(GenericLib.java:138)
	at com.vil.web.pages.LoginPage.fstLogin(LoginPage.java:159)
	at com.vil.web.library.FunctionLib.postpaidMSISDN(FunctionLib.java:29)
	at com.vil.web.tests.postpaid.activation.Test_Automation_001.postPaidCustomerCreation(Test_Automation_001.java:26)
	at sun.reflect.NativeMethodAccessorImpl.invoke0(Native Method)
	at sun.reflect.NativeMethodAccessorImpl.invoke(NativeMethodAccessorImpl.java:62)
	at sun.reflect.DelegatingMethodAccessorImpl.invoke(DelegatingMethodAccessorImpl.java:43)
	at java.lang.reflect.Method.invoke(Method.java:498)
	at org.testng.internal.MethodInvocationHelper.invokeMethod(MethodInvocationHelper.java:108)
	at org.testng.internal.Invoker.invokeMethod(Invoker.java:661)
	at org.testng.internal.Invoker.invokeTestMethod(Invoker.java:869)
	at org.testng.internal.Invoker.invokeTestMethods(Invoker.java:1193)
	at org.testng.internal.TestMethodWorker.invokeTestMethods(TestMethodWorker.java:126)
	at org.testng.internal.TestMethodWorker.run(TestMethodWorker.java:109)
	at org.testng.TestRunner.privateRun(TestRunner.java:744)
	at org.testng.TestRunner.run(TestRunner.java:602)
	at org.testng.SuiteRunner.runTest(SuiteRunner.java:380)
	at org.testng.SuiteRunner.runSequentially(SuiteRunner.java:375)
	at org.testng.SuiteRunner.privateRun(SuiteRunner.java:340)
	at org.testng.SuiteRunner.run(SuiteRunner.java:289)
	at org.testng.SuiteRunnerWorker.runSuite(SuiteRunnerWorker.java:52)
	at org.testng.SuiteRunnerWorker.run(SuiteRunnerWorker.java:86)
	at org.testng.TestNG.runSuitesSequentially(TestNG.java:1301)
	at org.testng.TestNG.runSuitesLocally(TestNG.java:1226)
	at org.testng.TestNG.runSuites(TestNG.java:1144)
	at org.testng.TestNG.run(TestNG.java:1115)
	at org.apache.maven.surefire.testng.TestNGExecutor.run(TestNGExecutor.java:281)
	at org.apache.maven.surefire.testng.TestNGXmlTestSuite.execute(TestNGXmlTestSuite.java:75)
	at org.apache.maven.surefire.testng.TestNGProvider.invoke(TestNGProvider.java:121)
	at org.apache.maven.surefire.booter.ForkedBooter.invokeProviderInSameClassLoader(ForkedBooter.java:290)
	at org.apache.maven.surefire.booter.ForkedBooter.runSuitesInProcess(ForkedBooter.java:242)
	at org.apache.maven.surefire.booter.ForkedBooter.main(ForkedBooter.java:121)
]]></system-err>
  </testcase>
  <testcase name="pushSmsVarification" classname="com.vil.web.tests.prepaid.quickactionbtn.TC_064_PushSms" time="0.026">
    <failure type="java.lang.NullPointerException">java.lang.NullPointerException
	at com.vil.web.tests.prepaid.quickactionbtn.TC_064_PushSms.pushSmsVarification(TC_064_PushSms.java:33)
</failure>
    <system-out><![CDATA[---------------------[#text: N]
XML file updated successfully
]]></system-out>
    <system-err><![CDATA[Apr 23, 2018 7:32:57 PM com.aventstack.extentreports.utils.Writer write
SEVERE: D:\Automation\VIL-testautomation\reports\Run-23-04-2018-07-32-39\extent
java.io.FileNotFoundException: D:\Automation\VIL-testautomation\reports\Run-23-04-2018-07-32-39\extent (Access is denied)
	at java.io.FileOutputStream.open0(Native Method)
	at java.io.FileOutputStream.open(FileOutputStream.java:270)
	at java.io.FileOutputStream.<init>(FileOutputStream.java:213)
	at java.io.FileOutputStream.<init>(FileOutputStream.java:162)
	at java.io.FileWriter.<init>(FileWriter.java:90)
	at com.aventstack.extentreports.utils.Writer.write(Writer.java:22)
	at com.aventstack.extentreports.reporter.ExtentHtmlReporter.flush(ExtentHtmlReporter.java:151)
	at java.util.ArrayList.forEach(ArrayList.java:1257)
	at com.aventstack.extentreports.Report.notifyReporters(Report.java:263)
	at com.aventstack.extentreports.Report.flush(Report.java:185)
	at com.aventstack.extentreports.ExtentReports.flush(ExtentReports.java:281)
	at com.vil.web.reports.MyExtentListners.onTestFailure(MyExtentListners.java:118)
	at org.testng.internal.Invoker.runTestListeners(Invoker.java:1731)
	at org.testng.internal.Invoker.runTestListeners(Invoker.java:1714)
	at org.testng.internal.Invoker.invokeMethod(Invoker.java:714)
	at org.testng.internal.Invoker.invokeTestMethod(Invoker.java:869)
	at org.testng.internal.Invoker.invokeTestMethods(Invoker.java:1193)
	at org.testng.internal.TestMethodWorker.invokeTestMethods(TestMethodWorker.java:126)
	at org.testng.internal.TestMethodWorker.run(TestMethodWorker.java:109)
	at org.testng.TestRunner.privateRun(TestRunner.java:744)
	at org.testng.TestRunner.run(TestRunner.java:602)
	at org.testng.SuiteRunner.runTest(SuiteRunner.java:380)
	at org.testng.SuiteRunner.runSequentially(SuiteRunner.java:375)
	at org.testng.SuiteRunner.privateRun(SuiteRunner.java:340)
	at org.testng.SuiteRunner.run(SuiteRunner.java:289)
	at org.testng.SuiteRunnerWorker.runSuite(SuiteRunnerWorker.java:52)
	at org.testng.SuiteRunnerWorker.run(SuiteRunnerWorker.java:86)
	at org.testng.TestNG.runSuitesSequentially(TestNG.java:1301)
	at org.testng.TestNG.runSuitesLocally(TestNG.java:1226)
	at org.testng.TestNG.runSuites(TestNG.java:1144)
	at org.testng.TestNG.run(TestNG.java:1115)
	at org.apache.maven.surefire.testng.TestNGExecutor.run(TestNGExecutor.java:281)
	at org.apache.maven.surefire.testng.TestNGXmlTestSuite.execute(TestNGXmlTestSuite.java:75)
	at org.apache.maven.surefire.testng.TestNGProvider.invoke(TestNGProvider.java:121)
	at org.apache.maven.surefire.booter.ForkedBooter.invokeProviderInSameClassLoader(ForkedBooter.java:290)
	at org.apache.maven.surefire.booter.ForkedBooter.runSuitesInProcess(ForkedBooter.java:242)
	at org.apache.maven.surefire.booter.ForkedBooter.main(ForkedBooter.java:121)

Starting ChromeDriver 2.36.540470 (e522d04694c7ebea4ba8821272dbef4f9b818c91) on port 32761
Only local connections are allowed.
Apr 23, 2018 7:33:02 PM org.openqa.selenium.remote.ProtocolHandshake createSession
INFO: Detected dialect: OSS
java.io.FileNotFoundException: D:\Automation\VIL-testautomation\testdata\fst\fst_data.xlsx (The system cannot find the path specified)
	at java.io.FileInputStream.open0(Native Method)
	at java.io.FileInputStream.open(FileInputStream.java:195)
	at java.io.FileInputStream.<init>(FileInputStream.java:138)
	at java.io.FileInputStream.<init>(FileInputStream.java:93)
	at com.vil.web.library.GenericLib.toReadExcelData(GenericLib.java:110)
	at com.vil.web.library.GenericLib.getColumnIndex(GenericLib.java:138)
	at com.vil.web.pages.LoginPage.fstLogin(LoginPage.java:159)
	at com.vil.web.library.FunctionLib.prepaidMSISDN(FunctionLib.java:87)
	at com.vil.web.tests.prepaid.quickactionbtn.TC_064_PushSms.pushSmsVarification(TC_064_PushSms.java:33)
	at sun.reflect.NativeMethodAccessorImpl.invoke0(Native Method)
	at sun.reflect.NativeMethodAccessorImpl.invoke(NativeMethodAccessorImpl.java:62)
	at sun.reflect.DelegatingMethodAccessorImpl.invoke(DelegatingMethodAccessorImpl.java:43)
	at java.lang.reflect.Method.invoke(Method.java:498)
	at org.testng.internal.MethodInvocationHelper.invokeMethod(MethodInvocationHelper.java:108)
	at org.testng.internal.Invoker.invokeMethod(Invoker.java:661)
	at org.testng.internal.Invoker.invokeTestMethod(Invoker.java:869)
	at org.testng.internal.Invoker.invokeTestMethods(Invoker.java:1193)
	at org.testng.internal.TestMethodWorker.invokeTestMethods(TestMethodWorker.java:126)
	at org.testng.internal.TestMethodWorker.run(TestMethodWorker.java:109)
	at org.testng.TestRunner.privateRun(TestRunner.java:744)
	at org.testng.TestRunner.run(TestRunner.java:602)
	at org.testng.SuiteRunner.runTest(SuiteRunner.java:380)
	at org.testng.SuiteRunner.runSequentially(SuiteRunner.java:375)
	at org.testng.SuiteRunner.privateRun(SuiteRunner.java:340)
	at org.testng.SuiteRunner.run(SuiteRunner.java:289)
	at org.testng.SuiteRunnerWorker.runSuite(SuiteRunnerWorker.java:52)
	at org.testng.SuiteRunnerWorker.run(SuiteRunnerWorker.java:86)
	at org.testng.TestNG.runSuitesSequentially(TestNG.java:1301)
	at org.testng.TestNG.runSuitesLocally(TestNG.java:1226)
	at org.testng.TestNG.runSuites(TestNG.java:1144)
	at org.testng.TestNG.run(TestNG.java:1115)
	at org.apache.maven.surefire.testng.TestNGExecutor.run(TestNGExecutor.java:281)
	at org.apache.maven.surefire.testng.TestNGXmlTestSuite.execute(TestNGXmlTestSuite.java:75)
	at org.apache.maven.surefire.testng.TestNGProvider.invoke(TestNGProvider.java:121)
	at org.apache.maven.surefire.booter.ForkedBooter.invokeProviderInSameClassLoader(ForkedBooter.java:290)
	at org.apache.maven.surefire.booter.ForkedBooter.runSuitesInProcess(ForkedBooter.java:242)
	at org.apache.maven.surefire.booter.ForkedBooter.main(ForkedBooter.java:121)
]]></system-err>
  </testcase>
  <testcase name="_closeSR" classname="com.vil.web.tests.postpaid.enquiry.activation.TC_401_CallTypeEnquiryForBillingPostp" time="6.811">
    <failure type="java.lang.NullPointerException">java.lang.NullPointerException
	at com.vil.web.tests.postpaid.enquiry.activation.TC_401_CallTypeEnquiryForBillingPostp._closeSR(TC_401_CallTypeEnquiryForBillingPostp.java:20)
</failure>
    <system-err><![CDATA[Apr 23, 2018 7:33:06 PM com.aventstack.extentreports.utils.Writer write
SEVERE: D:\Automation\VIL-testautomation\reports\Run-23-04-2018-07-32-39\extent
java.io.FileNotFoundException: D:\Automation\VIL-testautomation\reports\Run-23-04-2018-07-32-39\extent (Access is denied)
	at java.io.FileOutputStream.open0(Native Method)
	at java.io.FileOutputStream.open(FileOutputStream.java:270)
	at java.io.FileOutputStream.<init>(FileOutputStream.java:213)
	at java.io.FileOutputStream.<init>(FileOutputStream.java:162)
	at java.io.FileWriter.<init>(FileWriter.java:90)
	at com.aventstack.extentreports.utils.Writer.write(Writer.java:22)
	at com.aventstack.extentreports.reporter.ExtentHtmlReporter.flush(ExtentHtmlReporter.java:151)
	at java.util.ArrayList.forEach(ArrayList.java:1257)
	at com.aventstack.extentreports.Report.notifyReporters(Report.java:263)
	at com.aventstack.extentreports.Report.flush(Report.java:185)
	at com.aventstack.extentreports.ExtentReports.flush(ExtentReports.java:281)
	at com.vil.web.reports.MyExtentListners.onTestFailure(MyExtentListners.java:118)
	at org.testng.internal.Invoker.runTestListeners(Invoker.java:1731)
	at org.testng.internal.Invoker.runTestListeners(Invoker.java:1714)
	at org.testng.internal.Invoker.invokeMethod(Invoker.java:714)
	at org.testng.internal.Invoker.invokeTestMethod(Invoker.java:869)
	at org.testng.internal.Invoker.invokeTestMethods(Invoker.java:1193)
	at org.testng.internal.TestMethodWorker.invokeTestMethods(TestMethodWorker.java:126)
	at org.testng.internal.TestMethodWorker.run(TestMethodWorker.java:109)
	at org.testng.TestRunner.privateRun(TestRunner.java:744)
	at org.testng.TestRunner.run(TestRunner.java:602)
	at org.testng.SuiteRunner.runTest(SuiteRunner.java:380)
	at org.testng.SuiteRunner.runSequentially(SuiteRunner.java:375)
	at org.testng.SuiteRunner.privateRun(SuiteRunner.java:340)
	at org.testng.SuiteRunner.run(SuiteRunner.java:289)
	at org.testng.SuiteRunnerWorker.runSuite(SuiteRunnerWorker.java:52)
	at org.testng.SuiteRunnerWorker.run(SuiteRunnerWorker.java:86)
	at org.testng.TestNG.runSuitesSequentially(TestNG.java:1301)
	at org.testng.TestNG.runSuitesLocally(TestNG.java:1226)
	at org.testng.TestNG.runSuites(TestNG.java:1144)
	at org.testng.TestNG.run(TestNG.java:1115)
	at org.apache.maven.surefire.testng.TestNGExecutor.run(TestNGExecutor.java:281)
	at org.apache.maven.surefire.testng.TestNGXmlTestSuite.execute(TestNGXmlTestSuite.java:75)
	at org.apache.maven.surefire.testng.TestNGProvider.invoke(TestNGProvider.java:121)
	at org.apache.maven.surefire.booter.ForkedBooter.invokeProviderInSameClassLoader(ForkedBooter.java:290)
	at org.apache.maven.surefire.booter.ForkedBooter.runSuitesInProcess(ForkedBooter.java:242)
	at org.apache.maven.surefire.booter.ForkedBooter.main(ForkedBooter.java:121)

Starting ChromeDriver 2.36.540470 (e522d04694c7ebea4ba8821272dbef4f9b818c91) on port 48172
Only local connections are allowed.
Apr 23, 2018 7:33:09 PM org.openqa.selenium.remote.ProtocolHandshake createSession
INFO: Detected dialect: OSS
java.io.FileNotFoundException: D:\Automation\VIL-testautomation\testdata\fst\fst_data.xlsx (The system cannot find the path specified)
	at java.io.FileInputStream.open0(Native Method)
	at java.io.FileInputStream.open(FileInputStream.java:195)
	at java.io.FileInputStream.<init>(FileInputStream.java:138)
	at java.io.FileInputStream.<init>(FileInputStream.java:93)
	at com.vil.web.library.GenericLib.toReadExcelData(GenericLib.java:110)
	at com.vil.web.library.GenericLib.getColumnIndex(GenericLib.java:138)
	at com.vil.web.tests.postpaid.enquiry.activation.TC_401_CallTypeEnquiryForBillingPostp._closeSR(TC_401_CallTypeEnquiryForBillingPostp.java:20)
	at sun.reflect.NativeMethodAccessorImpl.invoke0(Native Method)
	at sun.reflect.NativeMethodAccessorImpl.invoke(NativeMethodAccessorImpl.java:62)
	at sun.reflect.DelegatingMethodAccessorImpl.invoke(DelegatingMethodAccessorImpl.java:43)
	at java.lang.reflect.Method.invoke(Method.java:498)
	at org.testng.internal.MethodInvocationHelper.invokeMethod(MethodInvocationHelper.java:108)
	at org.testng.internal.Invoker.invokeConfigurationMethod(Invoker.java:523)
	at org.testng.internal.Invoker.invokeConfigurations(Invoker.java:224)
	at org.testng.internal.Invoker.invokeMethod(Invoker.java:599)
	at org.testng.internal.Invoker.invokeTestMethod(Invoker.java:869)
	at org.testng.internal.Invoker.invokeTestMethods(Invoker.java:1193)
	at org.testng.internal.TestMethodWorker.invokeTestMethods(TestMethodWorker.java:126)
	at org.testng.internal.TestMethodWorker.run(TestMethodWorker.java:109)
	at org.testng.TestRunner.privateRun(TestRunner.java:744)
	at org.testng.TestRunner.run(TestRunner.java:602)
	at org.testng.SuiteRunner.runTest(SuiteRunner.java:380)
	at org.testng.SuiteRunner.runSequentially(SuiteRunner.java:375)
	at org.testng.SuiteRunner.privateRun(SuiteRunner.java:340)
	at org.testng.SuiteRunner.run(SuiteRunner.java:289)
	at org.testng.SuiteRunnerWorker.runSuite(SuiteRunnerWorker.java:52)
	at org.testng.SuiteRunnerWorker.run(SuiteRunnerWorker.java:86)
	at org.testng.TestNG.runSuitesSequentially(TestNG.java:1301)
	at org.testng.TestNG.runSuitesLocally(TestNG.java:1226)
	at org.testng.TestNG.runSuites(TestNG.java:1144)
	at org.testng.TestNG.run(TestNG.java:1115)
	at org.apache.maven.surefire.testng.TestNGExecutor.run(TestNGExecutor.java:281)
	at org.apache.maven.surefire.testng.TestNGXmlTestSuite.execute(TestNGXmlTestSuite.java:75)
	at org.apache.maven.surefire.testng.TestNGProvider.invoke(TestNGProvider.java:121)
	at org.apache.maven.surefire.booter.ForkedBooter.invokeProviderInSameClassLoader(ForkedBooter.java:290)
	at org.apache.maven.surefire.booter.ForkedBooter.runSuitesInProcess(ForkedBooter.java:242)
	at org.apache.maven.surefire.booter.ForkedBooter.main(ForkedBooter.java:121)
]]></system-err>
  </testcase>
  <testcase name="enquiryBillingAndPaymentPostpaid" classname="com.vil.web.tests.postpaid.enquiry.activation.TC_401_CallTypeEnquiryForBillingPostp" time="0">
    <skipped/>
  </testcase>
  <testcase name="prepaidCustomerCreation" classname="com.vil.web.tests.prepaid.activation.Test_Automation_005" time="0.027">
    <failure type="java.lang.NullPointerException">java.lang.NullPointerException
	at com.vil.web.tests.prepaid.activation.Test_Automation_005.prepaidCustomerCreation(Test_Automation_005.java:24)
</failure>
    <system-out><![CDATA[---------------------[#text: Y]
XML file updated successfully
]]></system-out>
    <system-err><![CDATA[Apr 23, 2018 7:33:13 PM com.aventstack.extentreports.utils.Writer write
SEVERE: D:\Automation\VIL-testautomation\reports\Run-23-04-2018-07-32-39\extent
java.io.FileNotFoundException: D:\Automation\VIL-testautomation\reports\Run-23-04-2018-07-32-39\extent (Access is denied)
	at java.io.FileOutputStream.open0(Native Method)
	at java.io.FileOutputStream.open(FileOutputStream.java:270)
	at java.io.FileOutputStream.<init>(FileOutputStream.java:213)
	at java.io.FileOutputStream.<init>(FileOutputStream.java:162)
	at java.io.FileWriter.<init>(FileWriter.java:90)
	at com.aventstack.extentreports.utils.Writer.write(Writer.java:22)
	at com.aventstack.extentreports.reporter.ExtentHtmlReporter.flush(ExtentHtmlReporter.java:151)
	at java.util.ArrayList.forEach(ArrayList.java:1257)
	at com.aventstack.extentreports.Report.notifyReporters(Report.java:263)
	at com.aventstack.extentreports.Report.flush(Report.java:185)
	at com.aventstack.extentreports.ExtentReports.flush(ExtentReports.java:281)
	at com.vil.web.reports.MyExtentListners.onTestSkipped(MyExtentListners.java:135)
	at org.testng.internal.Invoker.runTestListeners(Invoker.java:1723)
	at org.testng.internal.Invoker.runTestListeners(Invoker.java:1714)
	at org.testng.internal.Invoker.registerSkippedTestResult(Invoker.java:1272)
	at org.testng.internal.Invoker.invokeMethod(Invoker.java:605)
	at org.testng.internal.Invoker.invokeTestMethod(Invoker.java:869)
	at org.testng.internal.Invoker.invokeTestMethods(Invoker.java:1193)
	at org.testng.internal.TestMethodWorker.invokeTestMethods(TestMethodWorker.java:126)
	at org.testng.internal.TestMethodWorker.run(TestMethodWorker.java:109)
	at org.testng.TestRunner.privateRun(TestRunner.java:744)
	at org.testng.TestRunner.run(TestRunner.java:602)
	at org.testng.SuiteRunner.runTest(SuiteRunner.java:380)
	at org.testng.SuiteRunner.runSequentially(SuiteRunner.java:375)
	at org.testng.SuiteRunner.privateRun(SuiteRunner.java:340)
	at org.testng.SuiteRunner.run(SuiteRunner.java:289)
	at org.testng.SuiteRunnerWorker.runSuite(SuiteRunnerWorker.java:52)
	at org.testng.SuiteRunnerWorker.run(SuiteRunnerWorker.java:86)
	at org.testng.TestNG.runSuitesSequentially(TestNG.java:1301)
	at org.testng.TestNG.runSuitesLocally(TestNG.java:1226)
	at org.testng.TestNG.runSuites(TestNG.java:1144)
	at org.testng.TestNG.run(TestNG.java:1115)
	at org.apache.maven.surefire.testng.TestNGExecutor.run(TestNGExecutor.java:281)
	at org.apache.maven.surefire.testng.TestNGXmlTestSuite.execute(TestNGXmlTestSuite.java:75)
	at org.apache.maven.surefire.testng.TestNGProvider.invoke(TestNGProvider.java:121)
	at org.apache.maven.surefire.booter.ForkedBooter.invokeProviderInSameClassLoader(ForkedBooter.java:290)
	at org.apache.maven.surefire.booter.ForkedBooter.runSuitesInProcess(ForkedBooter.java:242)
	at org.apache.maven.surefire.booter.ForkedBooter.main(ForkedBooter.java:121)

Starting ChromeDriver 2.36.540470 (e522d04694c7ebea4ba8821272dbef4f9b818c91) on port 42534
Only local connections are allowed.
Apr 23, 2018 7:33:16 PM org.openqa.selenium.remote.ProtocolHandshake createSession
INFO: Detected dialect: OSS
java.io.FileNotFoundException: D:\Automation\VIL-testautomation\testdata\fst\fst_data.xlsx (The system cannot find the path specified)
	at java.io.FileInputStream.open0(Native Method)
	at java.io.FileInputStream.open(FileInputStream.java:195)
	at java.io.FileInputStream.<init>(FileInputStream.java:138)
	at java.io.FileInputStream.<init>(FileInputStream.java:93)
	at com.vil.web.library.GenericLib.toReadExcelData(GenericLib.java:110)
	at com.vil.web.library.GenericLib.getColumnIndex(GenericLib.java:138)
	at com.vil.web.pages.LoginPage.fstLogin(LoginPage.java:159)
	at com.vil.web.library.FunctionLib.prepaidMSISDN(FunctionLib.java:87)
	at com.vil.web.tests.prepaid.activation.Test_Automation_005.prepaidCustomerCreation(Test_Automation_005.java:24)
	at sun.reflect.NativeMethodAccessorImpl.invoke0(Native Method)
	at sun.reflect.NativeMethodAccessorImpl.invoke(NativeMethodAccessorImpl.java:62)
	at sun.reflect.DelegatingMethodAccessorImpl.invoke(DelegatingMethodAccessorImpl.java:43)
	at java.lang.reflect.Method.invoke(Method.java:498)
	at org.testng.internal.MethodInvocationHelper.invokeMethod(MethodInvocationHelper.java:108)
	at org.testng.internal.Invoker.invokeMethod(Invoker.java:661)
	at org.testng.internal.Invoker.invokeTestMethod(Invoker.java:869)
	at org.testng.internal.Invoker.invokeTestMethods(Invoker.java:1193)
	at org.testng.internal.TestMethodWorker.invokeTestMethods(TestMethodWorker.java:126)
	at org.testng.internal.TestMethodWorker.run(TestMethodWorker.java:109)
	at org.testng.TestRunner.privateRun(TestRunner.java:744)
	at org.testng.TestRunner.run(TestRunner.java:602)
	at org.testng.SuiteRunner.runTest(SuiteRunner.java:380)
	at org.testng.SuiteRunner.runSequentially(SuiteRunner.java:375)
	at org.testng.SuiteRunner.privateRun(SuiteRunner.java:340)
	at org.testng.SuiteRunner.run(SuiteRunner.java:289)
	at org.testng.SuiteRunnerWorker.runSuite(SuiteRunnerWorker.java:52)
	at org.testng.SuiteRunnerWorker.run(SuiteRunnerWorker.java:86)
	at org.testng.TestNG.runSuitesSequentially(TestNG.java:1301)
	at org.testng.TestNG.runSuitesLocally(TestNG.java:1226)
	at org.testng.TestNG.runSuites(TestNG.java:1144)
	at org.testng.TestNG.run(TestNG.java:1115)
	at org.apache.maven.surefire.testng.TestNGExecutor.run(TestNGExecutor.java:281)
	at org.apache.maven.surefire.testng.TestNGXmlTestSuite.execute(TestNGXmlTestSuite.java:75)
	at org.apache.maven.surefire.testng.TestNGProvider.invoke(TestNGProvider.java:121)
	at org.apache.maven.surefire.booter.ForkedBooter.invokeProviderInSameClassLoader(ForkedBooter.java:290)
	at org.apache.maven.surefire.booter.ForkedBooter.runSuitesInProcess(ForkedBooter.java:242)
	at org.apache.maven.surefire.booter.ForkedBooter.main(ForkedBooter.java:121)
]]></system-err>
  </testcase>
  <testcase name="_closeSR" classname="com.vil.web.tests.postpaid.complaint.TC_247_PcnAlertComplaintsPostpaidNo" time="8.586">
    <failure type="java.lang.NullPointerException">java.lang.NullPointerException
	at com.vil.web.tests.postpaid.complaint.TC_247_PcnAlertComplaintsPostpaidNo._closeSR(TC_247_PcnAlertComplaintsPostpaidNo.java:25)
</failure>
    <system-err><![CDATA[Apr 23, 2018 7:33:20 PM com.aventstack.extentreports.utils.Writer write
SEVERE: D:\Automation\VIL-testautomation\reports\Run-23-04-2018-07-32-39\extent
java.io.FileNotFoundException: D:\Automation\VIL-testautomation\reports\Run-23-04-2018-07-32-39\extent (Access is denied)
	at java.io.FileOutputStream.open0(Native Method)
	at java.io.FileOutputStream.open(FileOutputStream.java:270)
	at java.io.FileOutputStream.<init>(FileOutputStream.java:213)
	at java.io.FileOutputStream.<init>(FileOutputStream.java:162)
	at java.io.FileWriter.<init>(FileWriter.java:90)
	at com.aventstack.extentreports.utils.Writer.write(Writer.java:22)
	at com.aventstack.extentreports.reporter.ExtentHtmlReporter.flush(ExtentHtmlReporter.java:151)
	at java.util.ArrayList.forEach(ArrayList.java:1257)
	at com.aventstack.extentreports.Report.notifyReporters(Report.java:263)
	at com.aventstack.extentreports.Report.flush(Report.java:185)
	at com.aventstack.extentreports.ExtentReports.flush(ExtentReports.java:281)
	at com.vil.web.reports.MyExtentListners.onTestFailure(MyExtentListners.java:118)
	at org.testng.internal.Invoker.runTestListeners(Invoker.java:1731)
	at org.testng.internal.Invoker.runTestListeners(Invoker.java:1714)
	at org.testng.internal.Invoker.invokeMethod(Invoker.java:714)
	at org.testng.internal.Invoker.invokeTestMethod(Invoker.java:869)
	at org.testng.internal.Invoker.invokeTestMethods(Invoker.java:1193)
	at org.testng.internal.TestMethodWorker.invokeTestMethods(TestMethodWorker.java:126)
	at org.testng.internal.TestMethodWorker.run(TestMethodWorker.java:109)
	at org.testng.TestRunner.privateRun(TestRunner.java:744)
	at org.testng.TestRunner.run(TestRunner.java:602)
	at org.testng.SuiteRunner.runTest(SuiteRunner.java:380)
	at org.testng.SuiteRunner.runSequentially(SuiteRunner.java:375)
	at org.testng.SuiteRunner.privateRun(SuiteRunner.java:340)
	at org.testng.SuiteRunner.run(SuiteRunner.java:289)
	at org.testng.SuiteRunnerWorker.runSuite(SuiteRunnerWorker.java:52)
	at org.testng.SuiteRunnerWorker.run(SuiteRunnerWorker.java:86)
	at org.testng.TestNG.runSuitesSequentially(TestNG.java:1301)
	at org.testng.TestNG.runSuitesLocally(TestNG.java:1226)
	at org.testng.TestNG.runSuites(TestNG.java:1144)
	at org.testng.TestNG.run(TestNG.java:1115)
	at org.apache.maven.surefire.testng.TestNGExecutor.run(TestNGExecutor.java:281)
	at org.apache.maven.surefire.testng.TestNGXmlTestSuite.execute(TestNGXmlTestSuite.java:75)
	at org.apache.maven.surefire.testng.TestNGProvider.invoke(TestNGProvider.java:121)
	at org.apache.maven.surefire.booter.ForkedBooter.invokeProviderInSameClassLoader(ForkedBooter.java:290)
	at org.apache.maven.surefire.booter.ForkedBooter.runSuitesInProcess(ForkedBooter.java:242)
	at org.apache.maven.surefire.booter.ForkedBooter.main(ForkedBooter.java:121)

Starting ChromeDriver 2.36.540470 (e522d04694c7ebea4ba8821272dbef4f9b818c91) on port 14739
Only local connections are allowed.
Apr 23, 2018 7:33:25 PM org.openqa.selenium.remote.ProtocolHandshake createSession
INFO: Detected dialect: OSS
java.io.FileNotFoundException: D:\Automation\VIL-testautomation\testdata\fst\fst_data.xlsx (The system cannot find the path specified)
	at java.io.FileInputStream.open0(Native Method)
	at java.io.FileInputStream.open(FileInputStream.java:195)
	at java.io.FileInputStream.<init>(FileInputStream.java:138)
	at java.io.FileInputStream.<init>(FileInputStream.java:93)
	at com.vil.web.library.GenericLib.toReadExcelData(GenericLib.java:110)
	at com.vil.web.library.GenericLib.getColumnIndex(GenericLib.java:138)
	at com.vil.web.tests.postpaid.complaint.TC_247_PcnAlertComplaintsPostpaidNo._closeSR(TC_247_PcnAlertComplaintsPostpaidNo.java:25)
	at sun.reflect.NativeMethodAccessorImpl.invoke0(Native Method)
	at sun.reflect.NativeMethodAccessorImpl.invoke(NativeMethodAccessorImpl.java:62)
	at sun.reflect.DelegatingMethodAccessorImpl.invoke(DelegatingMethodAccessorImpl.java:43)
	at java.lang.reflect.Method.invoke(Method.java:498)
	at org.testng.internal.MethodInvocationHelper.invokeMethod(MethodInvocationHelper.java:108)
	at org.testng.internal.Invoker.invokeConfigurationMethod(Invoker.java:523)
	at org.testng.internal.Invoker.invokeConfigurations(Invoker.java:224)
	at org.testng.internal.Invoker.invokeMethod(Invoker.java:599)
	at org.testng.internal.Invoker.invokeTestMethod(Invoker.java:869)
	at org.testng.internal.Invoker.invokeTestMethods(Invoker.java:1193)
	at org.testng.internal.TestMethodWorker.invokeTestMethods(TestMethodWorker.java:126)
	at org.testng.internal.TestMethodWorker.run(TestMethodWorker.java:109)
	at org.testng.TestRunner.privateRun(TestRunner.java:744)
	at org.testng.TestRunner.run(TestRunner.java:602)
	at org.testng.SuiteRunner.runTest(SuiteRunner.java:380)
	at org.testng.SuiteRunner.runSequentially(SuiteRunner.java:375)
	at org.testng.SuiteRunner.privateRun(SuiteRunner.java:340)
	at org.testng.SuiteRunner.run(SuiteRunner.java:289)
	at org.testng.SuiteRunnerWorker.runSuite(SuiteRunnerWorker.java:52)
	at org.testng.SuiteRunnerWorker.run(SuiteRunnerWorker.java:86)
	at org.testng.TestNG.runSuitesSequentially(TestNG.java:1301)
	at org.testng.TestNG.runSuitesLocally(TestNG.java:1226)
	at org.testng.TestNG.runSuites(TestNG.java:1144)
	at org.testng.TestNG.run(TestNG.java:1115)
	at org.apache.maven.surefire.testng.TestNGExecutor.run(TestNGExecutor.java:281)
	at org.apache.maven.surefire.testng.TestNGXmlTestSuite.execute(TestNGXmlTestSuite.java:75)
	at org.apache.maven.surefire.testng.TestNGProvider.invoke(TestNGProvider.java:121)
	at org.apache.maven.surefire.booter.ForkedBooter.invokeProviderInSameClassLoader(ForkedBooter.java:290)
	at org.apache.maven.surefire.booter.ForkedBooter.runSuitesInProcess(ForkedBooter.java:242)
	at org.apache.maven.surefire.booter.ForkedBooter.main(ForkedBooter.java:121)
]]></system-err>
  </testcase>
  <testcase name="PcnAlertComplaintsPostpaidVarification" classname="com.vil.web.tests.postpaid.complaint.TC_247_PcnAlertComplaintsPostpaidNo" time="0">
    <skipped/>
  </testcase>
  <testcase name="_closeSR" classname="com.vil.web.tests.postpaid.complaint.Test_Automation_077" time="15.52">
    <failure type="java.lang.NullPointerException">java.lang.NullPointerException
	at com.vil.web.tests.postpaid.complaint.Test_Automation_077._closeSR(Test_Automation_077.java:25)
</failure>
    <system-err><![CDATA[Apr 23, 2018 7:33:28 PM com.aventstack.extentreports.utils.Writer write
SEVERE: D:\Automation\VIL-testautomation\reports\Run-23-04-2018-07-32-39\extent
java.io.FileNotFoundException: D:\Automation\VIL-testautomation\reports\Run-23-04-2018-07-32-39\extent (Access is denied)
	at java.io.FileOutputStream.open0(Native Method)
	at java.io.FileOutputStream.open(FileOutputStream.java:270)
	at java.io.FileOutputStream.<init>(FileOutputStream.java:213)
	at java.io.FileOutputStream.<init>(FileOutputStream.java:162)
	at java.io.FileWriter.<init>(FileWriter.java:90)
	at com.aventstack.extentreports.utils.Writer.write(Writer.java:22)
	at com.aventstack.extentreports.reporter.ExtentHtmlReporter.flush(ExtentHtmlReporter.java:151)
	at java.util.ArrayList.forEach(ArrayList.java:1257)
	at com.aventstack.extentreports.Report.notifyReporters(Report.java:263)
	at com.aventstack.extentreports.Report.flush(Report.java:185)
	at com.aventstack.extentreports.ExtentReports.flush(ExtentReports.java:281)
	at com.vil.web.reports.MyExtentListners.onTestSkipped(MyExtentListners.java:135)
	at org.testng.internal.Invoker.runTestListeners(Invoker.java:1723)
	at org.testng.internal.Invoker.runTestListeners(Invoker.java:1714)
	at org.testng.internal.Invoker.registerSkippedTestResult(Invoker.java:1272)
	at org.testng.internal.Invoker.invokeMethod(Invoker.java:605)
	at org.testng.internal.Invoker.invokeTestMethod(Invoker.java:869)
	at org.testng.internal.Invoker.invokeTestMethods(Invoker.java:1193)
	at org.testng.internal.TestMethodWorker.invokeTestMethods(TestMethodWorker.java:126)
	at org.testng.internal.TestMethodWorker.run(TestMethodWorker.java:109)
	at org.testng.TestRunner.privateRun(TestRunner.java:744)
	at org.testng.TestRunner.run(TestRunner.java:602)
	at org.testng.SuiteRunner.runTest(SuiteRunner.java:380)
	at org.testng.SuiteRunner.runSequentially(SuiteRunner.java:375)
	at org.testng.SuiteRunner.privateRun(SuiteRunner.java:340)
	at org.testng.SuiteRunner.run(SuiteRunner.java:289)
	at org.testng.SuiteRunnerWorker.runSuite(SuiteRunnerWorker.java:52)
	at org.testng.SuiteRunnerWorker.run(SuiteRunnerWorker.java:86)
	at org.testng.TestNG.runSuitesSequentially(TestNG.java:1301)
	at org.testng.TestNG.runSuitesLocally(TestNG.java:1226)
	at org.testng.TestNG.runSuites(TestNG.java:1144)
	at org.testng.TestNG.run(TestNG.java:1115)
	at org.apache.maven.surefire.testng.TestNGExecutor.run(TestNGExecutor.java:281)
	at org.apache.maven.surefire.testng.TestNGXmlTestSuite.execute(TestNGXmlTestSuite.java:75)
	at org.apache.maven.surefire.testng.TestNGProvider.invoke(TestNGProvider.java:121)
	at org.apache.maven.surefire.booter.ForkedBooter.invokeProviderInSameClassLoader(ForkedBooter.java:290)
	at org.apache.maven.surefire.booter.ForkedBooter.runSuitesInProcess(ForkedBooter.java:242)
	at org.apache.maven.surefire.booter.ForkedBooter.main(ForkedBooter.java:121)

Starting ChromeDriver 2.36.540470 (e522d04694c7ebea4ba8821272dbef4f9b818c91) on port 36134
Only local connections are allowed.
Apr 23, 2018 7:33:31 PM org.openqa.selenium.remote.ProtocolHandshake createSession
INFO: Detected dialect: OSS
java.io.FileNotFoundException: D:\Automation\VIL-testautomation\testdata\fst\fst_data.xlsx (The system cannot find the path specified)
	at java.io.FileInputStream.open0(Native Method)
	at java.io.FileInputStream.open(FileInputStream.java:195)
	at java.io.FileInputStream.<init>(FileInputStream.java:138)
	at java.io.FileInputStream.<init>(FileInputStream.java:93)
	at com.vil.web.library.GenericLib.toReadExcelData(GenericLib.java:110)
	at com.vil.web.library.GenericLib.getColumnIndex(GenericLib.java:138)
	at com.vil.web.tests.postpaid.complaint.Test_Automation_077._closeSR(Test_Automation_077.java:25)
	at sun.reflect.NativeMethodAccessorImpl.invoke0(Native Method)
	at sun.reflect.NativeMethodAccessorImpl.invoke(NativeMethodAccessorImpl.java:62)
	at sun.reflect.DelegatingMethodAccessorImpl.invoke(DelegatingMethodAccessorImpl.java:43)
	at java.lang.reflect.Method.invoke(Method.java:498)
	at org.testng.internal.MethodInvocationHelper.invokeMethod(MethodInvocationHelper.java:108)
	at org.testng.internal.Invoker.invokeConfigurationMethod(Invoker.java:523)
	at org.testng.internal.Invoker.invokeConfigurations(Invoker.java:224)
	at org.testng.internal.Invoker.invokeMethod(Invoker.java:599)
	at org.testng.internal.Invoker.invokeTestMethod(Invoker.java:869)
	at org.testng.internal.Invoker.invokeTestMethods(Invoker.java:1193)
	at org.testng.internal.TestMethodWorker.invokeTestMethods(TestMethodWorker.java:126)
	at org.testng.internal.TestMethodWorker.run(TestMethodWorker.java:109)
	at org.testng.TestRunner.privateRun(TestRunner.java:744)
	at org.testng.TestRunner.run(TestRunner.java:602)
	at org.testng.SuiteRunner.runTest(SuiteRunner.java:380)
	at org.testng.SuiteRunner.runSequentially(SuiteRunner.java:375)
	at org.testng.SuiteRunner.privateRun(SuiteRunner.java:340)
	at org.testng.SuiteRunner.run(SuiteRunner.java:289)
	at org.testng.SuiteRunnerWorker.runSuite(SuiteRunnerWorker.java:52)
	at org.testng.SuiteRunnerWorker.run(SuiteRunnerWorker.java:86)
	at org.testng.TestNG.runSuitesSequentially(TestNG.java:1301)
	at org.testng.TestNG.runSuitesLocally(TestNG.java:1226)
	at org.testng.TestNG.runSuites(TestNG.java:1144)
	at org.testng.TestNG.run(TestNG.java:1115)
	at org.apache.maven.surefire.testng.TestNGExecutor.run(TestNGExecutor.java:281)
	at org.apache.maven.surefire.testng.TestNGXmlTestSuite.execute(TestNGXmlTestSuite.java:75)
	at org.apache.maven.surefire.testng.TestNGProvider.invoke(TestNGProvider.java:121)
	at org.apache.maven.surefire.booter.ForkedBooter.invokeProviderInSameClassLoader(ForkedBooter.java:290)
	at org.apache.maven.surefire.booter.ForkedBooter.runSuitesInProcess(ForkedBooter.java:242)
	at org.apache.maven.surefire.booter.ForkedBooter.main(ForkedBooter.java:121)
]]></system-err>
  </testcase>
  <testcase name="verifyStaticIpNotReachable" classname="com.vil.web.tests.postpaid.complaint.Test_Automation_077" time="0">
    <skipped/>
  </testcase>
  <testcase name="browserLaunch" classname="com.vil.web.tests.postpaid.complaint.TC_109_ServicesServiceissueComplaintsLegalPostpaid" time="19.208">
    <failure message="session not created exception&#10;from disconnected: received Inspector.detached event&#10;  (Session info: chrome=66.0.3359.117)&#10;  (Driver info: chromedriver=2.36.540470 (e522d04694c7ebea4ba8821272dbef4f9b818c91),platform=Windows NT 10.0.14393 x86_64) (WARNING: The server did not provide any stacktrace information)&#10;Command duration or timeout: 3.09 seconds&#10;Build info: version: &apos;3.11.0&apos;, revision: &apos;e59cfb3&apos;, time: &apos;2018-03-11T20:26:55.152Z&apos;&#10;System info: host: &apos;INPUCZPC00003&apos;, ip: &apos;10.14.129.96&apos;, os.name: &apos;Windows 10&apos;, os.arch: &apos;amd64&apos;, os.version: &apos;10.0&apos;, java.version: &apos;1.8.0_161&apos;&#10;Driver info: driver.version: ChromeDriver" type="org.openqa.selenium.SessionNotCreatedException">org.openqa.selenium.SessionNotCreatedException: 
session not created exception
from disconnected: received Inspector.detached event
  (Session info: chrome=66.0.3359.117)
  (Driver info: chromedriver=2.36.540470 (e522d04694c7ebea4ba8821272dbef4f9b818c91),platform=Windows NT 10.0.14393 x86_64) (WARNING: The server did not provide any stacktrace information)
Command duration or timeout: 3.09 seconds
Build info: version: '3.11.0', revision: 'e59cfb3', time: '2018-03-11T20:26:55.152Z'
System info: host: 'INPUCZPC00003', ip: '10.14.129.96', os.name: 'Windows 10', os.arch: 'amd64', os.version: '10.0', java.version: '1.8.0_161'
Driver info: driver.version: ChromeDriver
</failure>
    <system-err><![CDATA[Apr 23, 2018 7:33:35 PM com.aventstack.extentreports.utils.Writer write
SEVERE: D:\Automation\VIL-testautomation\reports\Run-23-04-2018-07-32-39\extent
java.io.FileNotFoundException: D:\Automation\VIL-testautomation\reports\Run-23-04-2018-07-32-39\extent (Access is denied)
	at java.io.FileOutputStream.open0(Native Method)
	at java.io.FileOutputStream.open(FileOutputStream.java:270)
	at java.io.FileOutputStream.<init>(FileOutputStream.java:213)
	at java.io.FileOutputStream.<init>(FileOutputStream.java:162)
	at java.io.FileWriter.<init>(FileWriter.java:90)
	at com.aventstack.extentreports.utils.Writer.write(Writer.java:22)
	at com.aventstack.extentreports.reporter.ExtentHtmlReporter.flush(ExtentHtmlReporter.java:151)
	at java.util.ArrayList.forEach(ArrayList.java:1257)
	at com.aventstack.extentreports.Report.notifyReporters(Report.java:263)
	at com.aventstack.extentreports.Report.flush(Report.java:185)
	at com.aventstack.extentreports.ExtentReports.flush(ExtentReports.java:281)
	at com.vil.web.reports.MyExtentListners.onTestSkipped(MyExtentListners.java:135)
	at org.testng.internal.Invoker.runTestListeners(Invoker.java:1723)
	at org.testng.internal.Invoker.runTestListeners(Invoker.java:1714)
	at org.testng.internal.Invoker.registerSkippedTestResult(Invoker.java:1272)
	at org.testng.internal.Invoker.invokeMethod(Invoker.java:605)
	at org.testng.internal.Invoker.invokeTestMethod(Invoker.java:869)
	at org.testng.internal.Invoker.invokeTestMethods(Invoker.java:1193)
	at org.testng.internal.TestMethodWorker.invokeTestMethods(TestMethodWorker.java:126)
	at org.testng.internal.TestMethodWorker.run(TestMethodWorker.java:109)
	at org.testng.TestRunner.privateRun(TestRunner.java:744)
	at org.testng.TestRunner.run(TestRunner.java:602)
	at org.testng.SuiteRunner.runTest(SuiteRunner.java:380)
	at org.testng.SuiteRunner.runSequentially(SuiteRunner.java:375)
	at org.testng.SuiteRunner.privateRun(SuiteRunner.java:340)
	at org.testng.SuiteRunner.run(SuiteRunner.java:289)
	at org.testng.SuiteRunnerWorker.runSuite(SuiteRunnerWorker.java:52)
	at org.testng.SuiteRunnerWorker.run(SuiteRunnerWorker.java:86)
	at org.testng.TestNG.runSuitesSequentially(TestNG.java:1301)
	at org.testng.TestNG.runSuitesLocally(TestNG.java:1226)
	at org.testng.TestNG.runSuites(TestNG.java:1144)
	at org.testng.TestNG.run(TestNG.java:1115)
	at org.apache.maven.surefire.testng.TestNGExecutor.run(TestNGExecutor.java:281)
	at org.apache.maven.surefire.testng.TestNGXmlTestSuite.execute(TestNGXmlTestSuite.java:75)
	at org.apache.maven.surefire.testng.TestNGProvider.invoke(TestNGProvider.java:121)
	at org.apache.maven.surefire.booter.ForkedBooter.invokeProviderInSameClassLoader(ForkedBooter.java:290)
	at org.apache.maven.surefire.booter.ForkedBooter.runSuitesInProcess(ForkedBooter.java:242)
	at org.apache.maven.surefire.booter.ForkedBooter.main(ForkedBooter.java:121)

Starting ChromeDriver 2.36.540470 (e522d04694c7ebea4ba8821272dbef4f9b818c91) on port 31879
Only local connections are allowed.
]]></system-err>
  </testcase>
  <testcase name="_closeSR" classname="com.vil.web.tests.postpaid.complaint.TC_109_ServicesServiceissueComplaintsLegalPostpaid" time="0">
    <skipped/>
  </testcase>
  <testcase name="ServiceissueComplaintsLegalPostpaidVarification" classname="com.vil.web.tests.postpaid.complaint.TC_109_ServicesServiceissueComplaintsLegalPostpaid" time="0">
    <skipped message="session not created exception&#10;from disconnected: received Inspector.detached event&#10;  (Session info: chrome=66.0.3359.117)&#10;  (Driver info: chromedriver=2.36.540470 (e522d04694c7ebea4ba8821272dbef4f9b818c91),platform=Windows NT 10.0.14393 x86_64) (WARNING: The server did not provide any stacktrace information)&#10;Command duration or timeout: 3.09 seconds&#10;Build info: version: &apos;3.11.0&apos;, revision: &apos;e59cfb3&apos;, time: &apos;2018-03-11T20:26:55.152Z&apos;&#10;System info: host: &apos;INPUCZPC00003&apos;, ip: &apos;10.14.129.96&apos;, os.name: &apos;Windows 10&apos;, os.arch: &apos;amd64&apos;, os.version: &apos;10.0&apos;, java.version: &apos;1.8.0_161&apos;&#10;Driver info: driver.version: ChromeDriver"/>
  </testcase>
  <testcase name="browserLaunch" classname="com.vil.web.tests.postpaid.complaint.Test_Automation_078" time="0">
    <skipped/>
    <system-err><![CDATA[Apr 23, 2018 7:33:39 PM com.aventstack.extentreports.utils.Writer write
SEVERE: D:\Automation\VIL-testautomation\reports\Run-23-04-2018-07-32-39\extent
java.io.FileNotFoundException: D:\Automation\VIL-testautomation\reports\Run-23-04-2018-07-32-39\extent (Access is denied)
	at java.io.FileOutputStream.open0(Native Method)
	at java.io.FileOutputStream.open(FileOutputStream.java:270)
	at java.io.FileOutputStream.<init>(FileOutputStream.java:213)
	at java.io.FileOutputStream.<init>(FileOutputStream.java:162)
	at java.io.FileWriter.<init>(FileWriter.java:90)
	at com.aventstack.extentreports.utils.Writer.write(Writer.java:22)
	at com.aventstack.extentreports.reporter.ExtentHtmlReporter.flush(ExtentHtmlReporter.java:151)
	at java.util.ArrayList.forEach(ArrayList.java:1257)
	at com.aventstack.extentreports.Report.notifyReporters(Report.java:263)
	at com.aventstack.extentreports.Report.flush(Report.java:185)
	at com.aventstack.extentreports.ExtentReports.flush(ExtentReports.java:281)
	at com.vil.web.reports.MyExtentListners.onTestSkipped(MyExtentListners.java:135)
	at org.testng.internal.Invoker.runTestListeners(Invoker.java:1723)
	at org.testng.internal.Invoker.runTestListeners(Invoker.java:1714)
	at org.testng.internal.Invoker.registerSkippedTestResult(Invoker.java:1272)
	at org.testng.internal.Invoker.invokeMethod(Invoker.java:605)
	at org.testng.internal.Invoker.invokeTestMethod(Invoker.java:869)
	at org.testng.internal.Invoker.invokeTestMethods(Invoker.java:1193)
	at org.testng.internal.TestMethodWorker.invokeTestMethods(TestMethodWorker.java:126)
	at org.testng.internal.TestMethodWorker.run(TestMethodWorker.java:109)
	at org.testng.TestRunner.privateRun(TestRunner.java:744)
	at org.testng.TestRunner.run(TestRunner.java:602)
	at org.testng.SuiteRunner.runTest(SuiteRunner.java:380)
	at org.testng.SuiteRunner.runSequentially(SuiteRunner.java:375)
	at org.testng.SuiteRunner.privateRun(SuiteRunner.java:340)
	at org.testng.SuiteRunner.run(SuiteRunner.java:289)
	at org.testng.SuiteRunnerWorker.runSuite(SuiteRunnerWorker.java:52)
	at org.testng.SuiteRunnerWorker.run(SuiteRunnerWorker.java:86)
	at org.testng.TestNG.runSuitesSequentially(TestNG.java:1301)
	at org.testng.TestNG.runSuitesLocally(TestNG.java:1226)
	at org.testng.TestNG.runSuites(TestNG.java:1144)
	at org.testng.TestNG.run(TestNG.java:1115)
	at org.apache.maven.surefire.testng.TestNGExecutor.run(TestNGExecutor.java:281)
	at org.apache.maven.surefire.testng.TestNGXmlTestSuite.execute(TestNGXmlTestSuite.java:75)
	at org.apache.maven.surefire.testng.TestNGProvider.invoke(TestNGProvider.java:121)
	at org.apache.maven.surefire.booter.ForkedBooter.invokeProviderInSameClassLoader(ForkedBooter.java:290)
	at org.apache.maven.surefire.booter.ForkedBooter.runSuitesInProcess(ForkedBooter.java:242)
	at org.apache.maven.surefire.booter.ForkedBooter.main(ForkedBooter.java:121)

]]></system-err>
  </testcase>
  <testcase name="_closeSR" classname="com.vil.web.tests.postpaid.complaint.Test_Automation_078" time="0">
    <skipped/>
  </testcase>
  <testcase name="verifyParticularIpNotAccessible" classname="com.vil.web.tests.postpaid.complaint.Test_Automation_078" time="0">
    <skipped/>
  </testcase>
  <testcase name="browserLaunch" classname="com.vil.web.tests.postpaid.complaint.TC_095_ServiceissueCustomerFeedbackComplaintsPostpaid" time="0">
    <skipped/>
    <system-err><![CDATA[Apr 23, 2018 7:33:39 PM com.aventstack.extentreports.utils.Writer write
SEVERE: D:\Automation\VIL-testautomation\reports\Run-23-04-2018-07-32-39\extent
java.io.FileNotFoundException: D:\Automation\VIL-testautomation\reports\Run-23-04-2018-07-32-39\extent (Access is denied)
	at java.io.FileOutputStream.open0(Native Method)
	at java.io.FileOutputStream.open(FileOutputStream.java:270)
	at java.io.FileOutputStream.<init>(FileOutputStream.java:213)
	at java.io.FileOutputStream.<init>(FileOutputStream.java:162)
	at java.io.FileWriter.<init>(FileWriter.java:90)
	at com.aventstack.extentreports.utils.Writer.write(Writer.java:22)
	at com.aventstack.extentreports.reporter.ExtentHtmlReporter.flush(ExtentHtmlReporter.java:151)
	at java.util.ArrayList.forEach(ArrayList.java:1257)
	at com.aventstack.extentreports.Report.notifyReporters(Report.java:263)
	at com.aventstack.extentreports.Report.flush(Report.java:185)
	at com.aventstack.extentreports.ExtentReports.flush(ExtentReports.java:281)
	at com.vil.web.reports.MyExtentListners.onTestSkipped(MyExtentListners.java:135)
	at org.testng.internal.Invoker.runTestListeners(Invoker.java:1723)
	at org.testng.internal.Invoker.runTestListeners(Invoker.java:1714)
	at org.testng.internal.Invoker.registerSkippedTestResult(Invoker.java:1272)
	at org.testng.internal.Invoker.invokeMethod(Invoker.java:605)
	at org.testng.internal.Invoker.invokeTestMethod(Invoker.java:869)
	at org.testng.internal.Invoker.invokeTestMethods(Invoker.java:1193)
	at org.testng.internal.TestMethodWorker.invokeTestMethods(TestMethodWorker.java:126)
	at org.testng.internal.TestMethodWorker.run(TestMethodWorker.java:109)
	at org.testng.TestRunner.privateRun(TestRunner.java:744)
	at org.testng.TestRunner.run(TestRunner.java:602)
	at org.testng.SuiteRunner.runTest(SuiteRunner.java:380)
	at org.testng.SuiteRunner.runSequentially(SuiteRunner.java:375)
	at org.testng.SuiteRunner.privateRun(SuiteRunner.java:340)
	at org.testng.SuiteRunner.run(SuiteRunner.java:289)
	at org.testng.SuiteRunnerWorker.runSuite(SuiteRunnerWorker.java:52)
	at org.testng.SuiteRunnerWorker.run(SuiteRunnerWorker.java:86)
	at org.testng.TestNG.runSuitesSequentially(TestNG.java:1301)
	at org.testng.TestNG.runSuitesLocally(TestNG.java:1226)
	at org.testng.TestNG.runSuites(TestNG.java:1144)
	at org.testng.TestNG.run(TestNG.java:1115)
	at org.apache.maven.surefire.testng.TestNGExecutor.run(TestNGExecutor.java:281)
	at org.apache.maven.surefire.testng.TestNGXmlTestSuite.execute(TestNGXmlTestSuite.java:75)
	at org.apache.maven.surefire.testng.TestNGProvider.invoke(TestNGProvider.java:121)
	at org.apache.maven.surefire.booter.ForkedBooter.invokeProviderInSameClassLoader(ForkedBooter.java:290)
	at org.apache.maven.surefire.booter.ForkedBooter.runSuitesInProcess(ForkedBooter.java:242)
	at org.apache.maven.surefire.booter.ForkedBooter.main(ForkedBooter.java:121)

]]></system-err>
  </testcase>
  <testcase name="_closeSR" classname="com.vil.web.tests.postpaid.complaint.TC_095_ServiceissueCustomerFeedbackComplaintsPostpaid" time="0">
    <skipped/>
  </testcase>
  <testcase name="ServiceissueCustomerFeedbackComplaintsVarification" classname="com.vil.web.tests.postpaid.complaint.TC_095_ServiceissueCustomerFeedbackComplaintsPostpaid" time="0">
    <skipped/>
  </testcase>
  <testcase name="browserLaunch" classname="com.vil.web.tests.postpaid.complaint.Test_Automation_079" time="0">
    <skipped/>
    <system-err><![CDATA[Apr 23, 2018 7:33:39 PM com.aventstack.extentreports.utils.Writer write
SEVERE: D:\Automation\VIL-testautomation\reports\Run-23-04-2018-07-32-39\extent
java.io.FileNotFoundException: D:\Automation\VIL-testautomation\reports\Run-23-04-2018-07-32-39\extent (Access is denied)
	at java.io.FileOutputStream.open0(Native Method)
	at java.io.FileOutputStream.open(FileOutputStream.java:270)
	at java.io.FileOutputStream.<init>(FileOutputStream.java:213)
	at java.io.FileOutputStream.<init>(FileOutputStream.java:162)
	at java.io.FileWriter.<init>(FileWriter.java:90)
	at com.aventstack.extentreports.utils.Writer.write(Writer.java:22)
	at com.aventstack.extentreports.reporter.ExtentHtmlReporter.flush(ExtentHtmlReporter.java:151)
	at java.util.ArrayList.forEach(ArrayList.java:1257)
	at com.aventstack.extentreports.Report.notifyReporters(Report.java:263)
	at com.aventstack.extentreports.Report.flush(Report.java:185)
	at com.aventstack.extentreports.ExtentReports.flush(ExtentReports.java:281)
	at com.vil.web.reports.MyExtentListners.onTestSkipped(MyExtentListners.java:135)
	at org.testng.internal.Invoker.runTestListeners(Invoker.java:1723)
	at org.testng.internal.Invoker.runTestListeners(Invoker.java:1714)
	at org.testng.internal.Invoker.registerSkippedTestResult(Invoker.java:1272)
	at org.testng.internal.Invoker.invokeMethod(Invoker.java:605)
	at org.testng.internal.Invoker.invokeTestMethod(Invoker.java:869)
	at org.testng.internal.Invoker.invokeTestMethods(Invoker.java:1193)
	at org.testng.internal.TestMethodWorker.invokeTestMethods(TestMethodWorker.java:126)
	at org.testng.internal.TestMethodWorker.run(TestMethodWorker.java:109)
	at org.testng.TestRunner.privateRun(TestRunner.java:744)
	at org.testng.TestRunner.run(TestRunner.java:602)
	at org.testng.SuiteRunner.runTest(SuiteRunner.java:380)
	at org.testng.SuiteRunner.runSequentially(SuiteRunner.java:375)
	at org.testng.SuiteRunner.privateRun(SuiteRunner.java:340)
	at org.testng.SuiteRunner.run(SuiteRunner.java:289)
	at org.testng.SuiteRunnerWorker.runSuite(SuiteRunnerWorker.java:52)
	at org.testng.SuiteRunnerWorker.run(SuiteRunnerWorker.java:86)
	at org.testng.TestNG.runSuitesSequentially(TestNG.java:1301)
	at org.testng.TestNG.runSuitesLocally(TestNG.java:1226)
	at org.testng.TestNG.runSuites(TestNG.java:1144)
	at org.testng.TestNG.run(TestNG.java:1115)
	at org.apache.maven.surefire.testng.TestNGExecutor.run(TestNGExecutor.java:281)
	at org.apache.maven.surefire.testng.TestNGXmlTestSuite.execute(TestNGXmlTestSuite.java:75)
	at org.apache.maven.surefire.testng.TestNGProvider.invoke(TestNGProvider.java:121)
	at org.apache.maven.surefire.booter.ForkedBooter.invokeProviderInSameClassLoader(ForkedBooter.java:290)
	at org.apache.maven.surefire.booter.ForkedBooter.runSuitesInProcess(ForkedBooter.java:242)
	at org.apache.maven.surefire.booter.ForkedBooter.main(ForkedBooter.java:121)

]]></system-err>
  </testcase>
  <testcase name="_closeSR" classname="com.vil.web.tests.postpaid.complaint.Test_Automation_079" time="0">
    <skipped/>
  </testcase>
  <testcase name="verifyAllSimNotWorking" classname="com.vil.web.tests.postpaid.complaint.Test_Automation_079" time="0">
    <skipped/>
  </testcase>
  <testcase name="browserLaunch" classname="com.vil.web.tests.postpaid.complaint.TC_092_DeviceRelatedComplaintsPostpaid" time="0">
    <skipped/>
    <system-err><![CDATA[Apr 23, 2018 7:33:39 PM com.aventstack.extentreports.utils.Writer write
SEVERE: D:\Automation\VIL-testautomation\reports\Run-23-04-2018-07-32-39\extent
java.io.FileNotFoundException: D:\Automation\VIL-testautomation\reports\Run-23-04-2018-07-32-39\extent (Access is denied)
	at java.io.FileOutputStream.open0(Native Method)
	at java.io.FileOutputStream.open(FileOutputStream.java:270)
	at java.io.FileOutputStream.<init>(FileOutputStream.java:213)
	at java.io.FileOutputStream.<init>(FileOutputStream.java:162)
	at java.io.FileWriter.<init>(FileWriter.java:90)
	at com.aventstack.extentreports.utils.Writer.write(Writer.java:22)
	at com.aventstack.extentreports.reporter.ExtentHtmlReporter.flush(ExtentHtmlReporter.java:151)
	at java.util.ArrayList.forEach(ArrayList.java:1257)
	at com.aventstack.extentreports.Report.notifyReporters(Report.java:263)
	at com.aventstack.extentreports.Report.flush(Report.java:185)
	at com.aventstack.extentreports.ExtentReports.flush(ExtentReports.java:281)
	at com.vil.web.reports.MyExtentListners.onTestSkipped(MyExtentListners.java:135)
	at org.testng.internal.Invoker.runTestListeners(Invoker.java:1723)
	at org.testng.internal.Invoker.runTestListeners(Invoker.java:1714)
	at org.testng.internal.Invoker.registerSkippedTestResult(Invoker.java:1272)
	at org.testng.internal.Invoker.invokeMethod(Invoker.java:605)
	at org.testng.internal.Invoker.invokeTestMethod(Invoker.java:869)
	at org.testng.internal.Invoker.invokeTestMethods(Invoker.java:1193)
	at org.testng.internal.TestMethodWorker.invokeTestMethods(TestMethodWorker.java:126)
	at org.testng.internal.TestMethodWorker.run(TestMethodWorker.java:109)
	at org.testng.TestRunner.privateRun(TestRunner.java:744)
	at org.testng.TestRunner.run(TestRunner.java:602)
	at org.testng.SuiteRunner.runTest(SuiteRunner.java:380)
	at org.testng.SuiteRunner.runSequentially(SuiteRunner.java:375)
	at org.testng.SuiteRunner.privateRun(SuiteRunner.java:340)
	at org.testng.SuiteRunner.run(SuiteRunner.java:289)
	at org.testng.SuiteRunnerWorker.runSuite(SuiteRunnerWorker.java:52)
	at org.testng.SuiteRunnerWorker.run(SuiteRunnerWorker.java:86)
	at org.testng.TestNG.runSuitesSequentially(TestNG.java:1301)
	at org.testng.TestNG.runSuitesLocally(TestNG.java:1226)
	at org.testng.TestNG.runSuites(TestNG.java:1144)
	at org.testng.TestNG.run(TestNG.java:1115)
	at org.apache.maven.surefire.testng.TestNGExecutor.run(TestNGExecutor.java:281)
	at org.apache.maven.surefire.testng.TestNGXmlTestSuite.execute(TestNGXmlTestSuite.java:75)
	at org.apache.maven.surefire.testng.TestNGProvider.invoke(TestNGProvider.java:121)
	at org.apache.maven.surefire.booter.ForkedBooter.invokeProviderInSameClassLoader(ForkedBooter.java:290)
	at org.apache.maven.surefire.booter.ForkedBooter.runSuitesInProcess(ForkedBooter.java:242)
	at org.apache.maven.surefire.booter.ForkedBooter.main(ForkedBooter.java:121)

]]></system-err>
  </testcase>
  <testcase name="_closeSR" classname="com.vil.web.tests.postpaid.complaint.TC_092_DeviceRelatedComplaintsPostpaid" time="0">
    <skipped/>
  </testcase>
  <testcase name="deviceRelatedComplaintsVarification" classname="com.vil.web.tests.postpaid.complaint.TC_092_DeviceRelatedComplaintsPostpaid" time="0">
    <skipped/>
  </testcase>
  <testcase name="browserLaunch" classname="com.vil.web.tests.postpaid.complaint.Test_Automation_081" time="0">
    <skipped/>
    <system-err><![CDATA[Apr 23, 2018 7:33:39 PM com.aventstack.extentreports.utils.Writer write
SEVERE: D:\Automation\VIL-testautomation\reports\Run-23-04-2018-07-32-39\extent
java.io.FileNotFoundException: D:\Automation\VIL-testautomation\reports\Run-23-04-2018-07-32-39\extent (Access is denied)
	at java.io.FileOutputStream.open0(Native Method)
	at java.io.FileOutputStream.open(FileOutputStream.java:270)
	at java.io.FileOutputStream.<init>(FileOutputStream.java:213)
	at java.io.FileOutputStream.<init>(FileOutputStream.java:162)
	at java.io.FileWriter.<init>(FileWriter.java:90)
	at com.aventstack.extentreports.utils.Writer.write(Writer.java:22)
	at com.aventstack.extentreports.reporter.ExtentHtmlReporter.flush(ExtentHtmlReporter.java:151)
	at java.util.ArrayList.forEach(ArrayList.java:1257)
	at com.aventstack.extentreports.Report.notifyReporters(Report.java:263)
	at com.aventstack.extentreports.Report.flush(Report.java:185)
	at com.aventstack.extentreports.ExtentReports.flush(ExtentReports.java:281)
	at com.vil.web.reports.MyExtentListners.onTestSkipped(MyExtentListners.java:135)
	at org.testng.internal.Invoker.runTestListeners(Invoker.java:1723)
	at org.testng.internal.Invoker.runTestListeners(Invoker.java:1714)
	at org.testng.internal.Invoker.registerSkippedTestResult(Invoker.java:1272)
	at org.testng.internal.Invoker.invokeMethod(Invoker.java:605)
	at org.testng.internal.Invoker.invokeTestMethod(Invoker.java:869)
	at org.testng.internal.Invoker.invokeTestMethods(Invoker.java:1193)
	at org.testng.internal.TestMethodWorker.invokeTestMethods(TestMethodWorker.java:126)
	at org.testng.internal.TestMethodWorker.run(TestMethodWorker.java:109)
	at org.testng.TestRunner.privateRun(TestRunner.java:744)
	at org.testng.TestRunner.run(TestRunner.java:602)
	at org.testng.SuiteRunner.runTest(SuiteRunner.java:380)
	at org.testng.SuiteRunner.runSequentially(SuiteRunner.java:375)
	at org.testng.SuiteRunner.privateRun(SuiteRunner.java:340)
	at org.testng.SuiteRunner.run(SuiteRunner.java:289)
	at org.testng.SuiteRunnerWorker.runSuite(SuiteRunnerWorker.java:52)
	at org.testng.SuiteRunnerWorker.run(SuiteRunnerWorker.java:86)
	at org.testng.TestNG.runSuitesSequentially(TestNG.java:1301)
	at org.testng.TestNG.runSuitesLocally(TestNG.java:1226)
	at org.testng.TestNG.runSuites(TestNG.java:1144)
	at org.testng.TestNG.run(TestNG.java:1115)
	at org.apache.maven.surefire.testng.TestNGExecutor.run(TestNGExecutor.java:281)
	at org.apache.maven.surefire.testng.TestNGXmlTestSuite.execute(TestNGXmlTestSuite.java:75)
	at org.apache.maven.surefire.testng.TestNGProvider.invoke(TestNGProvider.java:121)
	at org.apache.maven.surefire.booter.ForkedBooter.invokeProviderInSameClassLoader(ForkedBooter.java:290)
	at org.apache.maven.surefire.booter.ForkedBooter.runSuitesInProcess(ForkedBooter.java:242)
	at org.apache.maven.surefire.booter.ForkedBooter.main(ForkedBooter.java:121)

]]></system-err>
  </testcase>
  <testcase name="_closeSR" classname="com.vil.web.tests.postpaid.complaint.Test_Automation_081" time="0">
    <skipped/>
  </testcase>
  <testcase name="verifyLinkDownComplaint" classname="com.vil.web.tests.postpaid.complaint.Test_Automation_081" time="0">
    <skipped/>
  </testcase>
  <testcase name="browserLaunch" classname="com.vil.web.tests.postpaid.complaint.TC_091_SimReactivationComplaintsPostpaid" time="0">
    <skipped/>
    <system-err><![CDATA[Apr 23, 2018 7:33:39 PM com.aventstack.extentreports.utils.Writer write
SEVERE: D:\Automation\VIL-testautomation\reports\Run-23-04-2018-07-32-39\extent
java.io.FileNotFoundException: D:\Automation\VIL-testautomation\reports\Run-23-04-2018-07-32-39\extent (Access is denied)
	at java.io.FileOutputStream.open0(Native Method)
	at java.io.FileOutputStream.open(FileOutputStream.java:270)
	at java.io.FileOutputStream.<init>(FileOutputStream.java:213)
	at java.io.FileOutputStream.<init>(FileOutputStream.java:162)
	at java.io.FileWriter.<init>(FileWriter.java:90)
	at com.aventstack.extentreports.utils.Writer.write(Writer.java:22)
	at com.aventstack.extentreports.reporter.ExtentHtmlReporter.flush(ExtentHtmlReporter.java:151)
	at java.util.ArrayList.forEach(ArrayList.java:1257)
	at com.aventstack.extentreports.Report.notifyReporters(Report.java:263)
	at com.aventstack.extentreports.Report.flush(Report.java:185)
	at com.aventstack.extentreports.ExtentReports.flush(ExtentReports.java:281)
	at com.vil.web.reports.MyExtentListners.onTestSkipped(MyExtentListners.java:135)
	at org.testng.internal.Invoker.runTestListeners(Invoker.java:1723)
	at org.testng.internal.Invoker.runTestListeners(Invoker.java:1714)
	at org.testng.internal.Invoker.registerSkippedTestResult(Invoker.java:1272)
	at org.testng.internal.Invoker.invokeMethod(Invoker.java:605)
	at org.testng.internal.Invoker.invokeTestMethod(Invoker.java:869)
	at org.testng.internal.Invoker.invokeTestMethods(Invoker.java:1193)
	at org.testng.internal.TestMethodWorker.invokeTestMethods(TestMethodWorker.java:126)
	at org.testng.internal.TestMethodWorker.run(TestMethodWorker.java:109)
	at org.testng.TestRunner.privateRun(TestRunner.java:744)
	at org.testng.TestRunner.run(TestRunner.java:602)
	at org.testng.SuiteRunner.runTest(SuiteRunner.java:380)
	at org.testng.SuiteRunner.runSequentially(SuiteRunner.java:375)
	at org.testng.SuiteRunner.privateRun(SuiteRunner.java:340)
	at org.testng.SuiteRunner.run(SuiteRunner.java:289)
	at org.testng.SuiteRunnerWorker.runSuite(SuiteRunnerWorker.java:52)
	at org.testng.SuiteRunnerWorker.run(SuiteRunnerWorker.java:86)
	at org.testng.TestNG.runSuitesSequentially(TestNG.java:1301)
	at org.testng.TestNG.runSuitesLocally(TestNG.java:1226)
	at org.testng.TestNG.runSuites(TestNG.java:1144)
	at org.testng.TestNG.run(TestNG.java:1115)
	at org.apache.maven.surefire.testng.TestNGExecutor.run(TestNGExecutor.java:281)
	at org.apache.maven.surefire.testng.TestNGXmlTestSuite.execute(TestNGXmlTestSuite.java:75)
	at org.apache.maven.surefire.testng.TestNGProvider.invoke(TestNGProvider.java:121)
	at org.apache.maven.surefire.booter.ForkedBooter.invokeProviderInSameClassLoader(ForkedBooter.java:290)
	at org.apache.maven.surefire.booter.ForkedBooter.runSuitesInProcess(ForkedBooter.java:242)
	at org.apache.maven.surefire.booter.ForkedBooter.main(ForkedBooter.java:121)

]]></system-err>
  </testcase>
  <testcase name="_closeSR" classname="com.vil.web.tests.postpaid.complaint.TC_091_SimReactivationComplaintsPostpaid" time="0">
    <skipped/>
  </testcase>
  <testcase name="SimReactivationComplaintsVarification" classname="com.vil.web.tests.postpaid.complaint.TC_091_SimReactivationComplaintsPostpaid" time="0">
    <skipped/>
  </testcase>
  <testcase name="browserLaunch" classname="com.vil.web.tests.postpaid.complaint.Test_Automation_098" time="0">
    <skipped/>
    <system-err><![CDATA[Apr 23, 2018 7:33:39 PM com.aventstack.extentreports.utils.Writer write
SEVERE: D:\Automation\VIL-testautomation\reports\Run-23-04-2018-07-32-39\extent
java.io.FileNotFoundException: D:\Automation\VIL-testautomation\reports\Run-23-04-2018-07-32-39\extent (Access is denied)
	at java.io.FileOutputStream.open0(Native Method)
	at java.io.FileOutputStream.open(FileOutputStream.java:270)
	at java.io.FileOutputStream.<init>(FileOutputStream.java:213)
	at java.io.FileOutputStream.<init>(FileOutputStream.java:162)
	at java.io.FileWriter.<init>(FileWriter.java:90)
	at com.aventstack.extentreports.utils.Writer.write(Writer.java:22)
	at com.aventstack.extentreports.reporter.ExtentHtmlReporter.flush(ExtentHtmlReporter.java:151)
	at java.util.ArrayList.forEach(ArrayList.java:1257)
	at com.aventstack.extentreports.Report.notifyReporters(Report.java:263)
	at com.aventstack.extentreports.Report.flush(Report.java:185)
	at com.aventstack.extentreports.ExtentReports.flush(ExtentReports.java:281)
	at com.vil.web.reports.MyExtentListners.onTestSkipped(MyExtentListners.java:135)
	at org.testng.internal.Invoker.runTestListeners(Invoker.java:1723)
	at org.testng.internal.Invoker.runTestListeners(Invoker.java:1714)
	at org.testng.internal.Invoker.registerSkippedTestResult(Invoker.java:1272)
	at org.testng.internal.Invoker.invokeMethod(Invoker.java:605)
	at org.testng.internal.Invoker.invokeTestMethod(Invoker.java:869)
	at org.testng.internal.Invoker.invokeTestMethods(Invoker.java:1193)
	at org.testng.internal.TestMethodWorker.invokeTestMethods(TestMethodWorker.java:126)
	at org.testng.internal.TestMethodWorker.run(TestMethodWorker.java:109)
	at org.testng.TestRunner.privateRun(TestRunner.java:744)
	at org.testng.TestRunner.run(TestRunner.java:602)
	at org.testng.SuiteRunner.runTest(SuiteRunner.java:380)
	at org.testng.SuiteRunner.runSequentially(SuiteRunner.java:375)
	at org.testng.SuiteRunner.privateRun(SuiteRunner.java:340)
	at org.testng.SuiteRunner.run(SuiteRunner.java:289)
	at org.testng.SuiteRunnerWorker.runSuite(SuiteRunnerWorker.java:52)
	at org.testng.SuiteRunnerWorker.run(SuiteRunnerWorker.java:86)
	at org.testng.TestNG.runSuitesSequentially(TestNG.java:1301)
	at org.testng.TestNG.runSuitesLocally(TestNG.java:1226)
	at org.testng.TestNG.runSuites(TestNG.java:1144)
	at org.testng.TestNG.run(TestNG.java:1115)
	at org.apache.maven.surefire.testng.TestNGExecutor.run(TestNGExecutor.java:281)
	at org.apache.maven.surefire.testng.TestNGXmlTestSuite.execute(TestNGXmlTestSuite.java:75)
	at org.apache.maven.surefire.testng.TestNGProvider.invoke(TestNGProvider.java:121)
	at org.apache.maven.surefire.booter.ForkedBooter.invokeProviderInSameClassLoader(ForkedBooter.java:290)
	at org.apache.maven.surefire.booter.ForkedBooter.runSuitesInProcess(ForkedBooter.java:242)
	at org.apache.maven.surefire.booter.ForkedBooter.main(ForkedBooter.java:121)

]]></system-err>
  </testcase>
  <testcase name="_closeSR" classname="com.vil.web.tests.postpaid.complaint.Test_Automation_098" time="0">
    <skipped/>
  </testcase>
  <testcase name="verifyNeverRequestedComplaints" classname="com.vil.web.tests.postpaid.complaint.Test_Automation_098" time="0">
    <skipped/>
  </testcase>
  <testcase name="browserLaunch" classname="com.vil.web.tests.prepaid.complaint.TC_110_BalanceRechargeComplaintsPrepaid" time="0">
    <skipped/>
    <system-err><![CDATA[Apr 23, 2018 7:33:39 PM com.aventstack.extentreports.utils.Writer write
SEVERE: D:\Automation\VIL-testautomation\reports\Run-23-04-2018-07-32-39\extent
java.io.FileNotFoundException: D:\Automation\VIL-testautomation\reports\Run-23-04-2018-07-32-39\extent (Access is denied)
	at java.io.FileOutputStream.open0(Native Method)
	at java.io.FileOutputStream.open(FileOutputStream.java:270)
	at java.io.FileOutputStream.<init>(FileOutputStream.java:213)
	at java.io.FileOutputStream.<init>(FileOutputStream.java:162)
	at java.io.FileWriter.<init>(FileWriter.java:90)
	at com.aventstack.extentreports.utils.Writer.write(Writer.java:22)
	at com.aventstack.extentreports.reporter.ExtentHtmlReporter.flush(ExtentHtmlReporter.java:151)
	at java.util.ArrayList.forEach(ArrayList.java:1257)
	at com.aventstack.extentreports.Report.notifyReporters(Report.java:263)
	at com.aventstack.extentreports.Report.flush(Report.java:185)
	at com.aventstack.extentreports.ExtentReports.flush(ExtentReports.java:281)
	at com.vil.web.reports.MyExtentListners.onTestSkipped(MyExtentListners.java:135)
	at org.testng.internal.Invoker.runTestListeners(Invoker.java:1723)
	at org.testng.internal.Invoker.runTestListeners(Invoker.java:1714)
	at org.testng.internal.Invoker.registerSkippedTestResult(Invoker.java:1272)
	at org.testng.internal.Invoker.invokeMethod(Invoker.java:605)
	at org.testng.internal.Invoker.invokeTestMethod(Invoker.java:869)
	at org.testng.internal.Invoker.invokeTestMethods(Invoker.java:1193)
	at org.testng.internal.TestMethodWorker.invokeTestMethods(TestMethodWorker.java:126)
	at org.testng.internal.TestMethodWorker.run(TestMethodWorker.java:109)
	at org.testng.TestRunner.privateRun(TestRunner.java:744)
	at org.testng.TestRunner.run(TestRunner.java:602)
	at org.testng.SuiteRunner.runTest(SuiteRunner.java:380)
	at org.testng.SuiteRunner.runSequentially(SuiteRunner.java:375)
	at org.testng.SuiteRunner.privateRun(SuiteRunner.java:340)
	at org.testng.SuiteRunner.run(SuiteRunner.java:289)
	at org.testng.SuiteRunnerWorker.runSuite(SuiteRunnerWorker.java:52)
	at org.testng.SuiteRunnerWorker.run(SuiteRunnerWorker.java:86)
	at org.testng.TestNG.runSuitesSequentially(TestNG.java:1301)
	at org.testng.TestNG.runSuitesLocally(TestNG.java:1226)
	at org.testng.TestNG.runSuites(TestNG.java:1144)
	at org.testng.TestNG.run(TestNG.java:1115)
	at org.apache.maven.surefire.testng.TestNGExecutor.run(TestNGExecutor.java:281)
	at org.apache.maven.surefire.testng.TestNGXmlTestSuite.execute(TestNGXmlTestSuite.java:75)
	at org.apache.maven.surefire.testng.TestNGProvider.invoke(TestNGProvider.java:121)
	at org.apache.maven.surefire.booter.ForkedBooter.invokeProviderInSameClassLoader(ForkedBooter.java:290)
	at org.apache.maven.surefire.booter.ForkedBooter.runSuitesInProcess(ForkedBooter.java:242)
	at org.apache.maven.surefire.booter.ForkedBooter.main(ForkedBooter.java:121)

]]></system-err>
  </testcase>
  <testcase name="_closeSR" classname="com.vil.web.tests.prepaid.complaint.TC_110_BalanceRechargeComplaintsPrepaid" time="0">
    <skipped/>
  </testcase>
  <testcase name="balanceRechargeSegmentedComplaintsVarification" classname="com.vil.web.tests.prepaid.complaint.TC_110_BalanceRechargeComplaintsPrepaid" time="0">
    <skipped/>
  </testcase>
  <testcase name="browserLaunch" classname="com.vil.web.tests.postpaid.complaint.Test_Automation_099" time="0">
    <skipped/>
    <system-err><![CDATA[Apr 23, 2018 7:33:39 PM com.aventstack.extentreports.utils.Writer write
SEVERE: D:\Automation\VIL-testautomation\reports\Run-23-04-2018-07-32-39\extent
java.io.FileNotFoundException: D:\Automation\VIL-testautomation\reports\Run-23-04-2018-07-32-39\extent (Access is denied)
	at java.io.FileOutputStream.open0(Native Method)
	at java.io.FileOutputStream.open(FileOutputStream.java:270)
	at java.io.FileOutputStream.<init>(FileOutputStream.java:213)
	at java.io.FileOutputStream.<init>(FileOutputStream.java:162)
	at java.io.FileWriter.<init>(FileWriter.java:90)
	at com.aventstack.extentreports.utils.Writer.write(Writer.java:22)
	at com.aventstack.extentreports.reporter.ExtentHtmlReporter.flush(ExtentHtmlReporter.java:151)
	at java.util.ArrayList.forEach(ArrayList.java:1257)
	at com.aventstack.extentreports.Report.notifyReporters(Report.java:263)
	at com.aventstack.extentreports.Report.flush(Report.java:185)
	at com.aventstack.extentreports.ExtentReports.flush(ExtentReports.java:281)
	at com.vil.web.reports.MyExtentListners.onTestSkipped(MyExtentListners.java:135)
	at org.testng.internal.Invoker.runTestListeners(Invoker.java:1723)
	at org.testng.internal.Invoker.runTestListeners(Invoker.java:1714)
	at org.testng.internal.Invoker.registerSkippedTestResult(Invoker.java:1272)
	at org.testng.internal.Invoker.invokeMethod(Invoker.java:605)
	at org.testng.internal.Invoker.invokeTestMethod(Invoker.java:869)
	at org.testng.internal.Invoker.invokeTestMethods(Invoker.java:1193)
	at org.testng.internal.TestMethodWorker.invokeTestMethods(TestMethodWorker.java:126)
	at org.testng.internal.TestMethodWorker.run(TestMethodWorker.java:109)
	at org.testng.TestRunner.privateRun(TestRunner.java:744)
	at org.testng.TestRunner.run(TestRunner.java:602)
	at org.testng.SuiteRunner.runTest(SuiteRunner.java:380)
	at org.testng.SuiteRunner.runSequentially(SuiteRunner.java:375)
	at org.testng.SuiteRunner.privateRun(SuiteRunner.java:340)
	at org.testng.SuiteRunner.run(SuiteRunner.java:289)
	at org.testng.SuiteRunnerWorker.runSuite(SuiteRunnerWorker.java:52)
	at org.testng.SuiteRunnerWorker.run(SuiteRunnerWorker.java:86)
	at org.testng.TestNG.runSuitesSequentially(TestNG.java:1301)
	at org.testng.TestNG.runSuitesLocally(TestNG.java:1226)
	at org.testng.TestNG.runSuites(TestNG.java:1144)
	at org.testng.TestNG.run(TestNG.java:1115)
	at org.apache.maven.surefire.testng.TestNGExecutor.run(TestNGExecutor.java:281)
	at org.apache.maven.surefire.testng.TestNGXmlTestSuite.execute(TestNGXmlTestSuite.java:75)
	at org.apache.maven.surefire.testng.TestNGProvider.invoke(TestNGProvider.java:121)
	at org.apache.maven.surefire.booter.ForkedBooter.invokeProviderInSameClassLoader(ForkedBooter.java:290)
	at org.apache.maven.surefire.booter.ForkedBooter.runSuitesInProcess(ForkedBooter.java:242)
	at org.apache.maven.surefire.booter.ForkedBooter.main(ForkedBooter.java:121)

]]></system-err>
  </testcase>
  <testcase name="_closeSR" classname="com.vil.web.tests.postpaid.complaint.Test_Automation_099" time="0">
    <skipped/>
  </testcase>
  <testcase name="verifyBenefitNotReceivedComplaint" classname="com.vil.web.tests.postpaid.complaint.Test_Automation_099" time="0">
    <skipped/>
  </testcase>
  <testcase name="browserLaunch" classname="com.vil.web.tests.prepaid.complaint.TC_111_BalanceRechargeSegmentedComplaintsPrepaid" time="0">
    <skipped/>
    <system-err><![CDATA[Apr 23, 2018 7:33:39 PM com.aventstack.extentreports.utils.Writer write
SEVERE: D:\Automation\VIL-testautomation\reports\Run-23-04-2018-07-32-39\extent
java.io.FileNotFoundException: D:\Automation\VIL-testautomation\reports\Run-23-04-2018-07-32-39\extent (Access is denied)
	at java.io.FileOutputStream.open0(Native Method)
	at java.io.FileOutputStream.open(FileOutputStream.java:270)
	at java.io.FileOutputStream.<init>(FileOutputStream.java:213)
[...]
	at java.io.FileOutputStream.<init>(FileOutputStream.java:213)
	at java.io.FileOutputStream.<init>(FileOutputStream.java:162)
	at java.io.FileWriter.<init>(FileWriter.java:90)
	at com.aventstack.extentreports.utils.Writer.write(Writer.java:22)
	at com.aventstack.extentreports.reporter.ExtentHtmlReporter.flush(ExtentHtmlReporter.java:151)
	at java.util.ArrayList.forEach(ArrayList.java:1257)
	at com.aventstack.extentreports.Report.notifyReporters(Report.java:263)
	at com.aventstack.extentreports.Report.flush(Report.java:185)
	at com.aventstack.extentreports.ExtentReports.flush(ExtentReports.java:281)
	at com.vil.web.reports.MyExtentListners.onTestSkipped(MyExtentListners.java:135)
	at org.testng.internal.Invoker.runTestListeners(Invoker.java:1723)
	at org.testng.internal.Invoker.runTestListeners(Invoker.java:1714)
	at org.testng.internal.Invoker.registerSkippedTestResult(Invoker.java:1272)
	at org.testng.internal.Invoker.invokeMethod(Invoker.java:605)
	at org.testng.internal.Invoker.invokeTestMethod(Invoker.java:869)
	at org.testng.internal.Invoker.invokeTestMethods(Invoker.java:1193)
	at org.testng.internal.TestMethodWorker.invokeTestMethods(TestMethodWorker.java:126)
	at org.testng.internal.TestMethodWorker.run(TestMethodWorker.java:109)
	at org.testng.TestRunner.privateRun(TestRunner.java:744)
	at org.testng.TestRunner.run(TestRunner.java:602)
	at org.testng.SuiteRunner.runTest(SuiteRunner.java:380)
	at org.testng.SuiteRunner.runSequentially(SuiteRunner.java:375)
	at org.testng.SuiteRunner.privateRun(SuiteRunner.java:340)
	at org.testng.SuiteRunner.run(SuiteRunner.java:289)
	at org.testng.SuiteRunnerWorker.runSuite(SuiteRunnerWorker.java:52)
	at org.testng.SuiteRunnerWorker.run(SuiteRunnerWorker.java:86)
	at org.testng.TestNG.runSuitesSequentially(TestNG.java:1301)
	at org.testng.TestNG.runSuitesLocally(TestNG.java:1226)
	at org.testng.TestNG.runSuites(TestNG.java:1144)
	at org.testng.TestNG.run(TestNG.java:1115)
	at org.apache.maven.surefire.testng.TestNGExecutor.run(TestNGExecutor.java:281)
	at org.apache.maven.surefire.testng.TestNGXmlTestSuite.execute(TestNGXmlTestSuite.java:75)
	at org.apache.maven.surefire.testng.TestNGProvider.invoke(TestNGProvider.java:121)
	at org.apache.maven.surefire.booter.ForkedBooter.invokeProviderInSameClassLoader(ForkedBooter.java:290)
	at org.apache.maven.surefire.booter.ForkedBooter.runSuitesInProcess(ForkedBooter.java:242)
	at org.apache.maven.surefire.booter.ForkedBooter.main(ForkedBooter.java:121)

]]></system-err>
  </testcase>
  <testcase name="leadCreationForNonVodafone" classname="com.vil.web.tests.postpaid.lead.Test_Automation_228" time="0">
    <skipped/>
  </testcase>
  <testcase name="browserLaunch" classname="com.vil.web.tests.postpaid.lead.Test_Automation_230" time="0">
    <skipped/>
    <system-err><![CDATA[Apr 23, 2018 7:33:41 PM com.aventstack.extentreports.utils.Writer write
SEVERE: D:\Automation\VIL-testautomation\reports\Run-23-04-2018-07-32-39\extent
java.io.FileNotFoundException: D:\Automation\VIL-testautomation\reports\Run-23-04-2018-07-32-39\extent (Access is denied)
	at java.io.FileOutputStream.open0(Native Method)
	at java.io.FileOutputStream.open(FileOutputStream.java:270)
	at java.io.FileOutputStream.<init>(FileOutputStream.java:213)
	at java.io.FileOutputStream.<init>(FileOutputStream.java:162)
	at java.io.FileWriter.<init>(FileWriter.java:90)
	at com.aventstack.extentreports.utils.Writer.write(Writer.java:22)
	at com.aventstack.extentreports.reporter.ExtentHtmlReporter.flush(ExtentHtmlReporter.java:151)
	at java.util.ArrayList.forEach(ArrayList.java:1257)
	at com.aventstack.extentreports.Report.notifyReporters(Report.java:263)
	at com.aventstack.extentreports.Report.flush(Report.java:185)
	at com.aventstack.extentreports.ExtentReports.flush(ExtentReports.java:281)
	at com.vil.web.reports.MyExtentListners.onTestSkipped(MyExtentListners.java:135)
	at org.testng.internal.Invoker.runTestListeners(Invoker.java:1723)
	at org.testng.internal.Invoker.runTestListeners(Invoker.java:1714)
	at org.testng.internal.Invoker.registerSkippedTestResult(Invoker.java:1272)
	at org.testng.internal.Invoker.invokeMethod(Invoker.java:605)
	at org.testng.internal.Invoker.invokeTestMethod(Invoker.java:869)
	at org.testng.internal.Invoker.invokeTestMethods(Invoker.java:1193)
	at org.testng.internal.TestMethodWorker.invokeTestMethods(TestMethodWorker.java:126)
	at org.testng.internal.TestMethodWorker.run(TestMethodWorker.java:109)
	at org.testng.TestRunner.privateRun(TestRunner.java:744)
	at org.testng.TestRunner.run(TestRunner.java:602)
	at org.testng.SuiteRunner.runTest(SuiteRunner.java:380)
	at org.testng.SuiteRunner.runSequentially(SuiteRunner.java:375)
	at org.testng.SuiteRunner.privateRun(SuiteRunner.java:340)
	at org.testng.SuiteRunner.run(SuiteRunner.java:289)
	at org.testng.SuiteRunnerWorker.runSuite(SuiteRunnerWorker.java:52)
	at org.testng.SuiteRunnerWorker.run(SuiteRunnerWorker.java:86)
	at org.testng.TestNG.runSuitesSequentially(TestNG.java:1301)
	at org.testng.TestNG.runSuitesLocally(TestNG.java:1226)
	at org.testng.TestNG.runSuites(TestNG.java:1144)
	at org.testng.TestNG.run(TestNG.java:1115)
	at org.apache.maven.surefire.testng.TestNGExecutor.run(TestNGExecutor.java:281)
	at org.apache.maven.surefire.testng.TestNGXmlTestSuite.execute(TestNGXmlTestSuite.java:75)
	at org.apache.maven.surefire.testng.TestNGProvider.invoke(TestNGProvider.java:121)
	at org.apache.maven.surefire.booter.ForkedBooter.invokeProviderInSameClassLoader(ForkedBooter.java:290)
	at org.apache.maven.surefire.booter.ForkedBooter.runSuitesInProcess(ForkedBooter.java:242)
	at org.apache.maven.surefire.booter.ForkedBooter.main(ForkedBooter.java:121)

]]></system-err>
  </testcase>
  <testcase name="leadToOpportunityVodafone" classname="com.vil.web.tests.postpaid.lead.Test_Automation_230" time="0">
    <skipped/>
  </testcase>
  <testcase name="browserLaunch" classname="com.vil.web.tests.postpaid.lead.Test_Automation_231" time="0">
    <skipped/>
    <system-err><![CDATA[Apr 23, 2018 7:33:41 PM com.aventstack.extentreports.utils.Writer write
SEVERE: D:\Automation\VIL-testautomation\reports\Run-23-04-2018-07-32-39\extent
java.io.FileNotFoundException: D:\Automation\VIL-testautomation\reports\Run-23-04-2018-07-32-39\extent (Access is denied)
	at java.io.FileOutputStream.open0(Native Method)
	at java.io.FileOutputStream.open(FileOutputStream.java:270)
	at java.io.FileOutputStream.<init>(FileOutputStream.java:213)
	at java.io.FileOutputStream.<init>(FileOutputStream.java:162)
	at java.io.FileWriter.<init>(FileWriter.java:90)
	at com.aventstack.extentreports.utils.Writer.write(Writer.java:22)
	at com.aventstack.extentreports.reporter.ExtentHtmlReporter.flush(ExtentHtmlReporter.java:151)
	at java.util.ArrayList.forEach(ArrayList.java:1257)
	at com.aventstack.extentreports.Report.notifyReporters(Report.java:263)
	at com.aventstack.extentreports.Report.flush(Report.java:185)
	at com.aventstack.extentreports.ExtentReports.flush(ExtentReports.java:281)
	at com.vil.web.reports.MyExtentListners.onTestSkipped(MyExtentListners.java:135)
	at org.testng.internal.Invoker.runTestListeners(Invoker.java:1723)
	at org.testng.internal.Invoker.runTestListeners(Invoker.java:1714)
	at org.testng.internal.Invoker.registerSkippedTestResult(Invoker.java:1272)
	at org.testng.internal.Invoker.invokeMethod(Invoker.java:605)
	at org.testng.internal.Invoker.invokeTestMethod(Invoker.java:869)
	at org.testng.internal.Invoker.invokeTestMethods(Invoker.java:1193)
	at org.testng.internal.TestMethodWorker.invokeTestMethods(TestMethodWorker.java:126)
	at org.testng.internal.TestMethodWorker.run(TestMethodWorker.java:109)
	at org.testng.TestRunner.privateRun(TestRunner.java:744)
	at org.testng.TestRunner.run(TestRunner.java:602)
	at org.testng.SuiteRunner.runTest(SuiteRunner.java:380)
	at org.testng.SuiteRunner.runSequentially(SuiteRunner.java:375)
	at org.testng.SuiteRunner.privateRun(SuiteRunner.java:340)
	at org.testng.SuiteRunner.run(SuiteRunner.java:289)
	at org.testng.SuiteRunnerWorker.runSuite(SuiteRunnerWorker.java:52)
	at org.testng.SuiteRunnerWorker.run(SuiteRunnerWorker.java:86)
	at org.testng.TestNG.runSuitesSequentially(TestNG.java:1301)
	at org.testng.TestNG.runSuitesLocally(TestNG.java:1226)
	at org.testng.TestNG.runSuites(TestNG.java:1144)
	at org.testng.TestNG.run(TestNG.java:1115)
	at org.apache.maven.surefire.testng.TestNGExecutor.run(TestNGExecutor.java:281)
	at org.apache.maven.surefire.testng.TestNGXmlTestSuite.execute(TestNGXmlTestSuite.java:75)
	at org.apache.maven.surefire.testng.TestNGProvider.invoke(TestNGProvider.java:121)
	at org.apache.maven.surefire.booter.ForkedBooter.invokeProviderInSameClassLoader(ForkedBooter.java:290)
	at org.apache.maven.surefire.booter.ForkedBooter.runSuitesInProcess(ForkedBooter.java:242)
	at org.apache.maven.surefire.booter.ForkedBooter.main(ForkedBooter.java:121)

]]></system-err>
  </testcase>
  <testcase name="leadToOpportunityNonVodafone" classname="com.vil.web.tests.postpaid.lead.Test_Automation_231" time="0">
    <skipped/>
  </testcase>
  <testcase name="browserLaunch" classname="com.vil.web.tests.postpaid.lead.Test_Automation_227" time="0">
    <skipped/>
    <system-err><![CDATA[Apr 23, 2018 7:33:41 PM com.aventstack.extentreports.utils.Writer write
SEVERE: D:\Automation\VIL-testautomation\reports\Run-23-04-2018-07-32-39\extent
java.io.FileNotFoundException: D:\Automation\VIL-testautomation\reports\Run-23-04-2018-07-32-39\extent (Access is denied)
	at java.io.FileOutputStream.open0(Native Method)
	at java.io.FileOutputStream.open(FileOutputStream.java:270)
	at java.io.FileOutputStream.<init>(FileOutputStream.java:213)
	at java.io.FileOutputStream.<init>(FileOutputStream.java:162)
	at java.io.FileWriter.<init>(FileWriter.java:90)
	at com.aventstack.extentreports.utils.Writer.write(Writer.java:22)
	at com.aventstack.extentreports.reporter.ExtentHtmlReporter.flush(ExtentHtmlReporter.java:151)
	at java.util.ArrayList.forEach(ArrayList.java:1257)
	at com.aventstack.extentreports.Report.notifyReporters(Report.java:263)
	at com.aventstack.extentreports.Report.flush(Report.java:185)
	at com.aventstack.extentreports.ExtentReports.flush(ExtentReports.java:281)
	at com.vil.web.reports.MyExtentListners.onTestSkipped(MyExtentListners.java:135)
	at org.testng.internal.Invoker.runTestListeners(Invoker.java:1723)
	at org.testng.internal.Invoker.runTestListeners(Invoker.java:1714)
	at org.testng.internal.Invoker.registerSkippedTestResult(Invoker.java:1272)
	at org.testng.internal.Invoker.invokeMethod(Invoker.java:605)
	at org.testng.internal.Invoker.invokeTestMethod(Invoker.java:869)
	at org.testng.internal.Invoker.invokeTestMethods(Invoker.java:1193)
	at org.testng.internal.TestMethodWorker.invokeTestMethods(TestMethodWorker.java:126)
	at org.testng.internal.TestMethodWorker.run(TestMethodWorker.java:109)
	at org.testng.TestRunner.privateRun(TestRunner.java:744)
	at org.testng.TestRunner.run(TestRunner.java:602)
	at org.testng.SuiteRunner.runTest(SuiteRunner.java:380)
	at org.testng.SuiteRunner.runSequentially(SuiteRunner.java:375)
	at org.testng.SuiteRunner.privateRun(SuiteRunner.java:340)
	at org.testng.SuiteRunner.run(SuiteRunner.java:289)
	at org.testng.SuiteRunnerWorker.runSuite(SuiteRunnerWorker.java:52)
	at org.testng.SuiteRunnerWorker.run(SuiteRunnerWorker.java:86)
	at org.testng.TestNG.runSuitesSequentially(TestNG.java:1301)
	at org.testng.TestNG.runSuitesLocally(TestNG.java:1226)
	at org.testng.TestNG.runSuites(TestNG.java:1144)
	at org.testng.TestNG.run(TestNG.java:1115)
	at org.apache.maven.surefire.testng.TestNGExecutor.run(TestNGExecutor.java:281)
	at org.apache.maven.surefire.testng.TestNGXmlTestSuite.execute(TestNGXmlTestSuite.java:75)
	at org.apache.maven.surefire.testng.TestNGProvider.invoke(TestNGProvider.java:121)
	at org.apache.maven.surefire.booter.ForkedBooter.invokeProviderInSameClassLoader(ForkedBooter.java:290)
	at org.apache.maven.surefire.booter.ForkedBooter.runSuitesInProcess(ForkedBooter.java:242)
	at org.apache.maven.surefire.booter.ForkedBooter.main(ForkedBooter.java:121)

]]></system-err>
  </testcase>
  <testcase name="leadCreationForVodafone" classname="com.vil.web.tests.postpaid.lead.Test_Automation_227" time="0">
    <skipped/>
  </testcase>
  <testcase name="killBrowserProcess" classname="com.vil.web.tests.postpaid.activation.Test_Automation_001" time="0">
    <skipped/>
    <system-out><![CDATA[0Hrs:0Min:22Sec 
]]></system-out>
    <system-err><![CDATA[Apr 23, 2018 7:33:41 PM com.aventstack.extentreports.utils.Writer write
SEVERE: D:\Automation\VIL-testautomation\reports\Run-23-04-2018-07-32-39\extent
java.io.FileNotFoundException: D:\Automation\VIL-testautomation\reports\Run-23-04-2018-07-32-39\extent (Access is denied)
	at java.io.FileOutputStream.open0(Native Method)
	at java.io.FileOutputStream.open(FileOutputStream.java:270)
	at java.io.FileOutputStream.<init>(FileOutputStream.java:213)
	at java.io.FileOutputStream.<init>(FileOutputStream.java:162)
	at java.io.FileWriter.<init>(FileWriter.java:90)
	at com.aventstack.extentreports.utils.Writer.write(Writer.java:22)
	at com.aventstack.extentreports.reporter.ExtentHtmlReporter.flush(ExtentHtmlReporter.java:151)
	at java.util.ArrayList.forEach(ArrayList.java:1257)
	at com.aventstack.extentreports.Report.notifyReporters(Report.java:263)
	at com.aventstack.extentreports.Report.flush(Report.java:185)
	at com.aventstack.extentreports.ExtentReports.flush(ExtentReports.java:281)
	at com.vil.web.reports.MyExtentListners.onTestSkipped(MyExtentListners.java:135)
	at org.testng.internal.Invoker.runTestListeners(Invoker.java:1723)
	at org.testng.internal.Invoker.runTestListeners(Invoker.java:1714)
	at org.testng.internal.Invoker.registerSkippedTestResult(Invoker.java:1272)
	at org.testng.internal.Invoker.invokeMethod(Invoker.java:605)
	at org.testng.internal.Invoker.invokeTestMethod(Invoker.java:869)
	at org.testng.internal.Invoker.invokeTestMethods(Invoker.java:1193)
	at org.testng.internal.TestMethodWorker.invokeTestMethods(TestMethodWorker.java:126)
	at org.testng.internal.TestMethodWorker.run(TestMethodWorker.java:109)
	at org.testng.TestRunner.privateRun(TestRunner.java:744)
	at org.testng.TestRunner.run(TestRunner.java:602)
	at org.testng.SuiteRunner.runTest(SuiteRunner.java:380)
	at org.testng.SuiteRunner.runSequentially(SuiteRunner.java:375)
	at org.testng.SuiteRunner.privateRun(SuiteRunner.java:340)
	at org.testng.SuiteRunner.run(SuiteRunner.java:289)
	at org.testng.SuiteRunnerWorker.runSuite(SuiteRunnerWorker.java:52)
	at org.testng.SuiteRunnerWorker.run(SuiteRunnerWorker.java:86)
	at org.testng.TestNG.runSuitesSequentially(TestNG.java:1301)
	at org.testng.TestNG.runSuitesLocally(TestNG.java:1226)
	at org.testng.TestNG.runSuites(TestNG.java:1144)
	at org.testng.TestNG.run(TestNG.java:1115)
	at org.apache.maven.surefire.testng.TestNGExecutor.run(TestNGExecutor.java:281)
	at org.apache.maven.surefire.testng.TestNGXmlTestSuite.execute(TestNGXmlTestSuite.java:75)
	at org.apache.maven.surefire.testng.TestNGProvider.invoke(TestNGProvider.java:121)
	at org.apache.maven.surefire.booter.ForkedBooter.invokeProviderInSameClassLoader(ForkedBooter.java:290)
	at org.apache.maven.surefire.booter.ForkedBooter.runSuitesInProcess(ForkedBooter.java:242)
	at org.apache.maven.surefire.booter.ForkedBooter.main(ForkedBooter.java:121)

Apr 23, 2018 7:33:41 PM com.aventstack.extentreports.utils.Writer write
SEVERE: D:\Automation\VIL-testautomation\reports\Run-23-04-2018-07-32-39\extent
java.io.FileNotFoundException: D:\Automation\VIL-testautomation\reports\Run-23-04-2018-07-32-39\extent (Access is denied)
	at java.io.FileOutputStream.open0(Native Method)
	at java.io.FileOutputStream.open(FileOutputStream.java:270)
	at java.io.FileOutputStream.<init>(FileOutputStream.java:213)
	at java.io.FileOutputStream.<init>(FileOutputStream.java:162)
	at java.io.FileWriter.<init>(FileWriter.java:90)
	at com.aventstack.extentreports.utils.Writer.write(Writer.java:22)
	at com.aventstack.extentreports.reporter.ExtentHtmlReporter.flush(ExtentHtmlReporter.java:151)
	at java.util.ArrayList.forEach(ArrayList.java:1257)
	at com.aventstack.extentreports.Report.notifyReporters(Report.java:263)
	at com.aventstack.extentreports.Report.flush(Report.java:185)
	at com.aventstack.extentreports.ExtentReports.flush(ExtentReports.java:281)
	at com.vil.web.reports.MyExtentListners.onFinish(MyExtentListners.java:314)
	at org.testng.TestRunner.fireEvent(TestRunner.java:1187)
	at org.testng.TestRunner.afterRun(TestRunner.java:976)
	at org.testng.TestRunner.run(TestRunner.java:606)
	at org.testng.SuiteRunner.runTest(SuiteRunner.java:380)
	at org.testng.SuiteRunner.runSequentially(SuiteRunner.java:375)
	at org.testng.SuiteRunner.privateRun(SuiteRunner.java:340)
	at org.testng.SuiteRunner.run(SuiteRunner.java:289)
	at org.testng.SuiteRunnerWorker.runSuite(SuiteRunnerWorker.java:52)
	at org.testng.SuiteRunnerWorker.run(SuiteRunnerWorker.java:86)
	at org.testng.TestNG.runSuitesSequentially(TestNG.java:1301)
	at org.testng.TestNG.runSuitesLocally(TestNG.java:1226)
	at org.testng.TestNG.runSuites(TestNG.java:1144)
	at org.testng.TestNG.run(TestNG.java:1115)
	at org.apache.maven.surefire.testng.TestNGExecutor.run(TestNGExecutor.java:281)
	at org.apache.maven.surefire.testng.TestNGXmlTestSuite.execute(TestNGXmlTestSuite.java:75)
	at org.apache.maven.surefire.testng.TestNGProvider.invoke(TestNGProvider.java:121)
	at org.apache.maven.surefire.booter.ForkedBooter.invokeProviderInSameClassLoader(ForkedBooter.java:290)
	at org.apache.maven.surefire.booter.ForkedBooter.runSuitesInProcess(ForkedBooter.java:242)
	at org.apache.maven.surefire.booter.ForkedBooter.main(ForkedBooter.java:121)

java.lang.IllegalArgumentException: The 'quality' must be in the range 0.0f to 1.0f
	at org.jfree.chart.encoders.SunJPEGEncoderAdapter.setQuality(SunJPEGEncoderAdapter.java:100)
	at org.jfree.chart.encoders.ImageEncoderFactory.newInstance(ImageEncoderFactory.java:130)
	at org.jfree.chart.encoders.EncoderUtil.writeBufferedImage(EncoderUtil.java:149)
	at org.jfree.chart.ChartUtilities.writeChartAsJPEG(ChartUtilities.java:456)
	at org.jfree.chart.ChartUtilities.writeChartAsJPEG(ChartUtilities.java:400)
	at com.vil.web.reports.ExcelListener.generateReport(ExcelListener.java:147)
	at com.vil.web.reports.MyExtentListners.onFinish(MyExtentListners.java:326)
	at org.testng.TestRunner.fireEvent(TestRunner.java:1187)
	at org.testng.TestRunner.afterRun(TestRunner.java:976)
	at org.testng.TestRunner.run(TestRunner.java:606)
	at org.testng.SuiteRunner.runTest(SuiteRunner.java:380)
	at org.testng.SuiteRunner.runSequentially(SuiteRunner.java:375)
	at org.testng.SuiteRunner.privateRun(SuiteRunner.java:340)
	at org.testng.SuiteRunner.run(SuiteRunner.java:289)
	at org.testng.SuiteRunnerWorker.runSuite(SuiteRunnerWorker.java:52)
	at org.testng.SuiteRunnerWorker.run(SuiteRunnerWorker.java:86)
	at org.testng.TestNG.runSuitesSequentially(TestNG.java:1301)
	at org.testng.TestNG.runSuitesLocally(TestNG.java:1226)
	at org.testng.TestNG.runSuites(TestNG.java:1144)
	at org.testng.TestNG.run(TestNG.java:1115)
	at org.apache.maven.surefire.testng.TestNGExecutor.run(TestNGExecutor.java:281)
	at org.apache.maven.surefire.testng.TestNGXmlTestSuite.execute(TestNGXmlTestSuite.java:75)
	at org.apache.maven.surefire.testng.TestNGProvider.invoke(TestNGProvider.java:121)
	at org.apache.maven.surefire.booter.ForkedBooter.invokeProviderInSameClassLoader(ForkedBooter.java:290)
	at org.apache.maven.surefire.booter.ForkedBooter.runSuitesInProcess(ForkedBooter.java:242)
	at org.apache.maven.surefire.booter.ForkedBooter.main(ForkedBooter.java:121)
]]></system-err>
  </testcase>
</testsuite>