<?xml version="1.0" encoding="UTF-8"?>
<!-- Generated by org.testng.reporters.JUnitXMLReporter -->
<testsuite hostname="INPUCZPC00003" ignored="102" name="SanityTest" tests="52" failures="4" timestamp="23 Apr 2018 14:03:41 GMT" time="62.439" errors="0">
  <testcase name="@BeforeMethod _closeSR" time="0.003" classname="com.vil.web.tests.postpaid.enquiry.activation.TC_401_CallTypeEnquiryForBillingPostp">
    <failure type="java.lang.NullPointerException">
      <![CDATA[java.lang.NullPointerException
	at com.vil.web.library.GenericLib.getColumnIndex(GenericLib.java:140)
	at com.vil.web.tests.postpaid.enquiry.activation.TC_401_CallTypeEnquiryForBillingPostp._closeSR(TC_401_CallTypeEnquiryForBillingPostp.java:20)
... Removed 30 stack frames]]>
    </failure>
  </testcase> <!-- @BeforeMethod _closeSR -->
  <testcase name="@BeforeMethod _closeSR" time="0.001" classname="com.vil.web.tests.postpaid.complaint.TC_247_PcnAlertComplaintsPostpaidNo">
    <failure type="java.lang.NullPointerException">
      <![CDATA[java.lang.NullPointerException
	at com.vil.web.library.GenericLib.getColumnIndex(GenericLib.java:140)
	at com.vil.web.tests.postpaid.complaint.TC_247_PcnAlertComplaintsPostpaidNo._closeSR(TC_247_PcnAlertComplaintsPostpaidNo.java:25)
... Removed 30 stack frames]]>
    </failure>
  </testcase> <!-- @BeforeMethod _closeSR -->
  <testcase name="@BeforeMethod _closeSR" time="0.002" classname="com.vil.web.tests.postpaid.complaint.Test_Automation_077">
    <failure type="java.lang.NullPointerException">
      <![CDATA[java.lang.NullPointerException
	at com.vil.web.library.GenericLib.getColumnIndex(GenericLib.java:140)
	at com.vil.web.tests.postpaid.complaint.Test_Automation_077._closeSR(Test_Automation_077.java:25)
... Removed 30 stack frames]]>
    </failure>
  </testcase> <!-- @BeforeMethod _closeSR -->
  <testcase name="@BeforeMethod browserLaunch" time="3.619" classname="com.vil.web.library.BaseLib">
    <failure type="org.openqa.selenium.SessionNotCreatedException" message="session not created exception
from disconnected: received Inspector.detached event
  (Session info: chrome=66.0.3359.117)
  (Driver info: chromedriver=2.36.540470 (e522d04694c7ebea4ba8821272dbef4f9b818c91),platform=Windows NT 10.0.14393 x86_64) (WARNING: The server did not provide any stacktrace information)
Command duration or timeout: 3.09 seconds
Build info: version: &amp;apos;3.11.0&amp;apos;, revision: &amp;apos;e59cfb3&amp;apos;, time: &amp;apos;2018-03-11T20:26:55.152Z&amp;apos;
System info: host: &amp;apos;INPUCZPC00003&amp;apos;, ip: &amp;apos;10.14.129.96&amp;apos;, os.name: &amp;apos;Windows 10&amp;apos;, os.arch: &amp;apos;amd64&amp;apos;, os.version: &amp;apos;10.0&amp;apos;, java.version: &amp;apos;1.8.0_161&amp;apos;
Driver info: driver.version: ChromeDriver">
      <![CDATA[org.openqa.selenium.SessionNotCreatedException: session not created exception
from disconnected: received Inspector.detached event
  (Session info: chrome=66.0.3359.117)
  (Driver info: chromedriver=2.36.540470 (e522d04694c7ebea4ba8821272dbef4f9b818c91),platform=Windows NT 10.0.14393 x86_64) (WARNING: The server did not provide any stacktrace information)
Command duration or timeout: 3.09 seconds
Build info: version: '3.11.0', revision: 'e59cfb3', time: '2018-03-11T20:26:55.152Z'
System info: host: 'INPUCZPC00003', ip: '10.14.129.96', os.name: 'Windows 10', os.arch: 'amd64', os.version: '10.0', java.version: '1.8.0_161'
Driver info: driver.version: ChromeDriver
	at org.openqa.selenium.remote.ErrorHandler.createThrowable(ErrorHandler.java:214)
	at org.openqa.selenium.remote.ErrorHandler.throwIfResponseFailed(ErrorHandler.java:166)
	at org.openqa.selenium.remote.JsonWireProtocolResponse.lambda$new$0(JsonWireProtocolResponse.java:53)
	at org.openqa.selenium.remote.JsonWireProtocolResponse.lambda$getResponseFunction$2(JsonWireProtocolResponse.java:91)
	at org.openqa.selenium.remote.ProtocolHandshake.lambda$createSession$0(ProtocolHandshake.java:123)
	at java.util.stream.ReferencePipeline$3$1.accept(ReferencePipeline.java:193)
	at java.util.Spliterators$ArraySpliterator.tryAdvance(Spliterators.java:958)
	at java.util.stream.ReferencePipeline.forEachWithCancel(ReferencePipeline.java:126)
	at java.util.stream.AbstractPipeline.copyIntoWithCancel(AbstractPipeline.java:498)
	at java.util.stream.AbstractPipeline.copyInto(AbstractPipeline.java:485)
	at java.util.stream.AbstractPipeline.wrapAndCopyInto(AbstractPipeline.java:471)
	at java.util.stream.FindOps$FindOp.evaluateSequential(FindOps.java:152)
	at java.util.stream.AbstractPipeline.evaluate(AbstractPipeline.java:234)
	at java.util.stream.ReferencePipeline.findFirst(ReferencePipeline.java:464)
	at org.openqa.selenium.remote.ProtocolHandshake.createSession(ProtocolHandshake.java:126)
	at org.openqa.selenium.remote.ProtocolHandshake.createSession(ProtocolHandshake.java:73)
	at org.openqa.selenium.remote.HttpCommandExecutor.execute(HttpCommandExecutor.java:136)
	at org.openqa.selenium.remote.service.DriverCommandExecutor.execute(DriverCommandExecutor.java:83)
	at org.openqa.selenium.remote.RemoteWebDriver.execute(RemoteWebDriver.java:545)
	at org.openqa.selenium.remote.RemoteWebDriver.startSession(RemoteWebDriver.java:209)
	at org.openqa.selenium.remote.RemoteWebDriver.<init>(RemoteWebDriver.java:132)
	at org.openqa.selenium.chrome.ChromeDriver.<init>(ChromeDriver.java:181)
	at org.openqa.selenium.chrome.ChromeDriver.<init>(ChromeDriver.java:168)
	at org.openqa.selenium.chrome.ChromeDriver.<init>(ChromeDriver.java:123)
	at com.vil.web.library.BaseLib.browserLaunch(BaseLib.java:84)
... Removed 34 stack frames]]>
    </failure>
  </testcase> <!-- @BeforeMethod browserLaunch -->
  <testcase name="@BeforeMethod _closeSR" time="0.0" classname="com.vil.web.tests.postpaid.complaint.TC_109_ServicesServiceissueComplaintsLegalPostpaid">
    <skipped/>
  </testcase> <!-- @BeforeMethod _closeSR -->
  <testcase name="@BeforeMethod browserLaunch" time="0.0" classname="com.vil.web.library.BaseLib">
    <skipped/>
  </testcase> <!-- @BeforeMethod browserLaunch -->
  <testcase name="@BeforeMethod _closeSR" time="0.0" classname="com.vil.web.tests.postpaid.complaint.Test_Automation_078">
    <skipped/>
  </testcase> <!-- @BeforeMethod _closeSR -->
  <testcase name="@BeforeMethod browserLaunch" time="0.0" classname="com.vil.web.library.BaseLib">
    <skipped/>
  </testcase> <!-- @BeforeMethod browserLaunch -->
  <testcase name="@BeforeMethod _closeSR" time="0.0" classname="com.vil.web.tests.postpaid.complaint.TC_095_ServiceissueCustomerFeedbackComplaintsPostpaid">
    <skipped/>
  </testcase> <!-- @BeforeMethod _closeSR -->
  <testcase name="@BeforeMethod browserLaunch" time="0.0" classname="com.vil.web.library.BaseLib">
    <skipped/>
  </testcase> <!-- @BeforeMethod browserLaunch -->
  <testcase name="@BeforeMethod _closeSR" time="0.0" classname="com.vil.web.tests.postpaid.complaint.Test_Automation_079">
    <skipped/>
  </testcase> <!-- @BeforeMethod _closeSR -->
  <testcase name="@BeforeMethod browserLaunch" time="0.0" classname="com.vil.web.library.BaseLib">
    <skipped/>
  </testcase> <!-- @BeforeMethod browserLaunch -->
  <testcase name="@BeforeMethod _closeSR" time="0.0" classname="com.vil.web.tests.postpaid.complaint.TC_092_DeviceRelatedComplaintsPostpaid">
    <skipped/>
  </testcase> <!-- @BeforeMethod _closeSR -->
  <testcase name="@BeforeMethod browserLaunch" time="0.0" classname="com.vil.web.library.BaseLib">
    <skipped/>
  </testcase> <!-- @BeforeMethod browserLaunch -->
  <testcase name="@BeforeMethod _closeSR" time="0.0" classname="com.vil.web.tests.postpaid.complaint.Test_Automation_081">
    <skipped/>
  </testcase> <!-- @BeforeMethod _closeSR -->
  <testcase name="@BeforeMethod browserLaunch" time="0.0" classname="com.vil.web.library.BaseLib">
    <skipped/>
  </testcase> <!-- @BeforeMethod browserLaunch -->
  <testcase name="@BeforeMethod _closeSR" time="0.0" classname="com.vil.web.tests.postpaid.complaint.TC_091_SimReactivationComplaintsPostpaid">
    <skipped/>
  </testcase> <!-- @BeforeMethod _closeSR -->
  <testcase name="@BeforeMethod browserLaunch" time="0.0" classname="com.vil.web.library.BaseLib">
    <skipped/>
  </testcase> <!-- @BeforeMethod browserLaunch -->
  <testcase name="@BeforeMethod _closeSR" time="0.0" classname="com.vil.web.tests.postpaid.complaint.Test_Automation_098">
    <skipped/>
  </testcase> <!-- @BeforeMethod _closeSR -->
  <testcase name="@BeforeMethod browserLaunch" time="0.0" classname="com.vil.web.library.BaseLib">
    <skipped/>
  </testcase> <!-- @BeforeMethod browserLaunch -->
  <testcase name="@BeforeMethod _closeSR" time="0.0" classname="com.vil.web.tests.prepaid.complaint.TC_110_BalanceRechargeComplaintsPrepaid">
    <skipped/>
  </testcase> <!-- @BeforeMethod _closeSR -->
  <testcase name="@BeforeMethod browserLaunch" time="0.0" classname="com.vil.web.library.BaseLib">
    <skipped/>
  </testcase> <!-- @BeforeMethod browserLaunch -->
  <testcase name="@BeforeMethod _closeSR" time="0.0" classname="com.vil.web.tests.postpaid.complaint.Test_Automation_099">
    <skipped/>
  </testcase> <!-- @BeforeMethod _closeSR -->
  <testcase name="@BeforeMethod browserLaunch" time="0.0" classname="com.vil.web.library.BaseLib">
    <skipped/>
  </testcase> <!-- @BeforeMethod browserLaunch -->
  <testcase name="@BeforeMethod _closeSR" time="0.0" classname="com.vil.web.tests.prepaid.complaint.TC_111_BalanceRechargeSegmentedComplaintsPrepaid">
    <skipped/>
  </testcase> <!-- @BeforeMethod _closeSR -->
  <testcase name="@BeforeMethod browserLaunch" time="0.0" classname="com.vil.web.library.BaseLib">
    <skipped/>
  </testcase> <!-- @BeforeMethod browserLaunch -->
  <testcase name="@BeforeMethod _closeSR" time="0.0" classname="com.vil.web.tests.postpaid.complaint.Test_Automation_100">
    <skipped/>
  </testcase> <!-- @BeforeMethod _closeSR -->
  <testcase name="@BeforeMethod browserLaunch" time="0.0" classname="com.vil.web.library.BaseLib">
    <skipped/>
  </testcase> <!-- @BeforeMethod browserLaunch -->
  <testcase name="@BeforeMethod _closeSR" time="0.0" classname="com.vil.web.tests.postpaid.complaint.TC_113_BillingPaymentUpdateComplaintsPostpaid">
    <skipped/>
  </testcase> <!-- @BeforeMethod _closeSR -->
  <testcase name="@BeforeMethod browserLaunch" time="0.0" classname="com.vil.web.library.BaseLib">
    <skipped/>
  </testcase> <!-- @BeforeMethod browserLaunch -->
  <testcase name="@BeforeMethod _closeSR" time="0.0" classname="com.vil.web.tests.postpaid.complaint.Test_Automation_104">
    <skipped/>
  </testcase> <!-- @BeforeMethod _closeSR -->
  <testcase name="@BeforeMethod browserLaunch" time="0.0" classname="com.vil.web.library.BaseLib">
    <skipped/>
  </testcase> <!-- @BeforeMethod browserLaunch -->
  <testcase name="@BeforeMethod browserLaunch" time="0.0" classname="com.vil.web.library.BaseLib">
    <skipped/>
  </testcase> <!-- @BeforeMethod browserLaunch -->
  <testcase name="@BeforeMethod browserLaunch" time="0.0" classname="com.vil.web.library.BaseLib">
    <skipped/>
  </testcase> <!-- @BeforeMethod browserLaunch -->
  <testcase name="@BeforeMethod browserLaunch" time="0.0" classname="com.vil.web.library.BaseLib">
    <skipped/>
  </testcase> <!-- @BeforeMethod browserLaunch -->
  <testcase name="@BeforeMethod _closeSR" time="0.0" classname="com.vil.web.tests.postpaid.complaint.TC_097_PcnAlertComplaintsPostpaidYes">
    <skipped/>
  </testcase> <!-- @BeforeMethod _closeSR -->
  <testcase name="@BeforeMethod browserLaunch" time="0.0" classname="com.vil.web.library.BaseLib">
    <skipped/>
  </testcase> <!-- @BeforeMethod browserLaunch -->
  <testcase name="@BeforeMethod _closeSR" time="0.0" classname="com.vil.web.tests.prepaid.enquiry.activation.TC_261_PrepaidBalanceAndRechargeEnquiry">
    <skipped/>
  </testcase> <!-- @BeforeMethod _closeSR -->
  <testcase name="@BeforeMethod browserLaunch" time="0.0" classname="com.vil.web.library.BaseLib">
    <skipped/>
  </testcase> <!-- @BeforeMethod browserLaunch -->
  <testcase name="@BeforeMethod _closeSR" time="0.0" classname="com.vil.web.tests.postpaid.complaint.TC_063_NetworkComplaintPostpaid">
    <skipped/>
  </testcase> <!-- @BeforeMethod _closeSR -->
  <testcase name="@BeforeMethod browserLaunch" time="0.0" classname="com.vil.web.library.BaseLib">
    <skipped/>
  </testcase> <!-- @BeforeMethod browserLaunch -->
  <testcase name="@BeforeMethod _closeSR" time="0.0" classname="com.vil.web.tests.postpaid.complaint.TC_065_NetworkComplaintBOUser">
    <skipped/>
  </testcase> <!-- @BeforeMethod _closeSR -->
  <testcase name="@BeforeMethod browserLaunch" time="0.0" classname="com.vil.web.library.BaseLib">
    <skipped/>
  </testcase> <!-- @BeforeMethod browserLaunch -->
  <testcase name="@BeforeMethod _closeSR" time="0.0" classname="com.vil.web.tests.postpaid.complaint.TC_066_NetworkComplaintFLAUser">
    <skipped/>
  </testcase> <!-- @BeforeMethod _closeSR -->
  <testcase name="@BeforeMethod browserLaunch" time="0.0" classname="com.vil.web.library.BaseLib">
    <skipped/>
  </testcase> <!-- @BeforeMethod browserLaunch -->
  <testcase name="@BeforeMethod _closeSR" time="0.0" classname="com.vil.web.tests.postpaid.complaint.TC_071_BillingAndPaymentdueToDonorOperator">
    <skipped/>
  </testcase> <!-- @BeforeMethod _closeSR -->
  <testcase name="@BeforeMethod browserLaunch" time="0.0" classname="com.vil.web.library.BaseLib">
    <skipped/>
  </testcase> <!-- @BeforeMethod browserLaunch -->
  <testcase name="@BeforeMethod _closeSR" time="0.0" classname="com.vil.web.tests.postpaid.complaint.TC_069_BillingAndPaymentCompPostpforDepositIssue">
    <skipped/>
  </testcase> <!-- @BeforeMethod _closeSR -->
  <testcase name="@BeforeMethod browserLaunch" time="0.0" classname="com.vil.web.library.BaseLib">
    <skipped/>
  </testcase> <!-- @BeforeMethod browserLaunch -->
  <testcase name="@BeforeMethod _closeSR" time="0.0" classname="com.vil.web.tests.postpaid.complaint.TC_072_BillingAndPaymentComplaintPostpaid">
    <skipped/>
  </testcase> <!-- @BeforeMethod _closeSR -->
  <testcase name="@BeforeMethod browserLaunch" time="0.0" classname="com.vil.web.library.BaseLib">
    <skipped/>
  </testcase> <!-- @BeforeMethod browserLaunch -->
  <testcase name="@BeforeMethod _closeSR" time="0.0" classname="com.vil.web.tests.postpaid.complaint.TC_073_BillingAndPaymentCompGSTPostp">
    <skipped/>
  </testcase> <!-- @BeforeMethod _closeSR -->
  <testcase name="@BeforeMethod browserLaunch" time="0.0" classname="com.vil.web.library.BaseLib">
    <skipped/>
  </testcase> <!-- @BeforeMethod browserLaunch -->
  <testcase name="@BeforeMethod _closeSR" time="0.0" classname="com.vil.web.tests.postpaid.complaint.TC_074_BillingAndPaymentWaiversAndAdjustmentsPostp">
    <skipped/>
  </testcase> <!-- @BeforeMethod _closeSR -->
  <testcase name="@BeforeMethod browserLaunch" time="0.0" classname="com.vil.web.library.BaseLib">
    <skipped/>
  </testcase> <!-- @BeforeMethod browserLaunch -->
  <testcase name="@BeforeMethod _closeSR" time="0.0" classname="com.vil.web.tests.postpaid.complaint.TC_087_ServiceDisconnectionVoluntaryChurnRelatedPostp">
    <skipped/>
  </testcase> <!-- @BeforeMethod _closeSR -->
  <testcase name="@BeforeMethod browserLaunch" time="0.0" classname="com.vil.web.library.BaseLib">
    <skipped/>
  </testcase> <!-- @BeforeMethod browserLaunch -->
  <testcase name="@BeforeMethod _closeSR" time="0.0" classname="com.vil.web.tests.postpaid.complaint.TC_089_FailedInteractionsSystemMismatchPostp">
    <skipped/>
  </testcase> <!-- @BeforeMethod _closeSR -->
  <testcase name="@BeforeMethod browserLaunch" time="0.0" classname="com.vil.web.library.BaseLib">
    <skipped/>
  </testcase> <!-- @BeforeMethod browserLaunch -->
  <testcase name="@BeforeMethod _closeSR" time="0.0" classname="com.vil.web.tests.postpaid.complaint.TC_093_FailedInteractionSystemErrorOrDowntimePostp">
    <skipped/>
  </testcase> <!-- @BeforeMethod _closeSR -->
  <testcase name="@BeforeMethod browserLaunch" time="0.0" classname="com.vil.web.library.BaseLib">
    <skipped/>
  </testcase> <!-- @BeforeMethod browserLaunch -->
  <testcase name="@BeforeMethod _closeSR" time="0.0" classname="com.vil.web.tests.postpaid.complaint.TC_096_FailedInteractionsSelfHelpErrorOrAccessPostP">
    <skipped/>
  </testcase> <!-- @BeforeMethod _closeSR -->
  <testcase name="@BeforeMethod browserLaunch" time="0.0" classname="com.vil.web.library.BaseLib">
    <skipped/>
  </testcase> <!-- @BeforeMethod browserLaunch -->
  <testcase name="@BeforeMethod _closeSR" time="0.0" classname="com.vil.web.tests.postpaid.complaint.Test_Automation_075">
    <skipped/>
  </testcase> <!-- @BeforeMethod _closeSR -->
  <testcase name="@BeforeMethod browserLaunch" time="0.0" classname="com.vil.web.library.BaseLib">
    <skipped/>
  </testcase> <!-- @BeforeMethod browserLaunch -->
  <testcase name="@BeforeMethod _closeSR" time="0.0" classname="com.vil.web.tests.postpaid.complaint.Test_Automation_076">
    <skipped/>
  </testcase> <!-- @BeforeMethod _closeSR -->
  <testcase name="@BeforeMethod browserLaunch" time="0.0" classname="com.vil.web.library.BaseLib">
    <skipped/>
  </testcase> <!-- @BeforeMethod browserLaunch -->
  <testcase name="@BeforeMethod _closeSR" time="0.0" classname="com.vil.web.tests.postpaid.complaint.Test_Automation_082">
    <skipped/>
  </testcase> <!-- @BeforeMethod _closeSR -->
  <testcase name="@BeforeMethod browserLaunch" time="0.0" classname="com.vil.web.library.BaseLib">
    <skipped/>
  </testcase> <!-- @BeforeMethod browserLaunch -->
  <testcase name="@BeforeMethod _closeSR" time="0.0" classname="com.vil.web.tests.postpaid.complaint.Test_Automation_083">
    <skipped/>
  </testcase> <!-- @BeforeMethod _closeSR -->
  <testcase name="@BeforeMethod browserLaunch" time="0.0" classname="com.vil.web.library.BaseLib">
    <skipped/>
  </testcase> <!-- @BeforeMethod browserLaunch -->
  <testcase name="@BeforeMethod _closeSR" time="0.0" classname="com.vil.web.tests.prepaid.complaint.Test_Automation_084">
    <skipped/>
  </testcase> <!-- @BeforeMethod _closeSR -->
  <testcase name="@BeforeMethod browserLaunch" time="0.0" classname="com.vil.web.library.BaseLib">
    <skipped/>
  </testcase> <!-- @BeforeMethod browserLaunch -->
  <testcase name="@BeforeMethod _closeSR" time="0.0" classname="com.vil.web.tests.prepaid.complaint.Test_Automation_085">
    <skipped/>
  </testcase> <!-- @BeforeMethod _closeSR -->
  <testcase name="@BeforeMethod browserLaunch" time="0.0" classname="com.vil.web.library.BaseLib">
    <skipped/>
  </testcase> <!-- @BeforeMethod browserLaunch -->
  <testcase name="@BeforeMethod _closeSR" time="0.0" classname="com.vil.web.tests.postpaid.complaint.Test_Automation_086">
    <skipped/>
  </testcase> <!-- @BeforeMethod _closeSR -->
  <testcase name="@BeforeMethod browserLaunch" time="0.0" classname="com.vil.web.library.BaseLib">
    <skipped/>
  </testcase> <!-- @BeforeMethod browserLaunch -->
  <testcase name="@BeforeMethod _closeSR" time="0.0" classname="com.vil.web.tests.postpaid.enquiry.activation.TC_020_PostpaidEnquiryActivation">
    <skipped/>
  </testcase> <!-- @BeforeMethod _closeSR -->
  <testcase name="@BeforeMethod browserLaunch" time="0.0" classname="com.vil.web.library.BaseLib">
    <skipped/>
  </testcase> <!-- @BeforeMethod browserLaunch -->
  <testcase name="@BeforeMethod _closeSR" time="0.0" classname="com.vil.web.tests.prepaid.enquiry.activation.TC_021_PrepaidEnquiryActivation">
    <skipped/>
  </testcase> <!-- @BeforeMethod _closeSR -->
  <testcase name="@BeforeMethod browserLaunch" time="0.0" classname="com.vil.web.library.BaseLib">
    <skipped/>
  </testcase> <!-- @BeforeMethod browserLaunch -->
  <testcase name="@BeforeMethod browserLaunch" time="0.0" classname="com.vil.web.library.BaseLib">
    <skipped/>
  </testcase> <!-- @BeforeMethod browserLaunch -->
  <testcase name="@BeforeMethod browserLaunch" time="0.0" classname="com.vil.web.library.BaseLib">
    <skipped/>
  </testcase> <!-- @BeforeMethod browserLaunch -->
  <testcase name="@BeforeMethod browserLaunch" time="0.0" classname="com.vil.web.library.BaseLib">
    <skipped/>
  </testcase> <!-- @BeforeMethod browserLaunch -->
  <testcase name="@BeforeMethod browserLaunch" time="0.0" classname="com.vil.web.library.BaseLib">
    <skipped/>
  </testcase> <!-- @BeforeMethod browserLaunch -->
  <testcase name="pushOtaVarification" time="0.021" classname="com.vil.web.tests.prepaid.quickactionbtn.TC_406_PushOTA">
    <failure type="java.lang.NullPointerException">
      <![CDATA[java.lang.NullPointerException
	at com.vil.web.library.GenericLib.getColumnIndex(GenericLib.java:140)
	at com.vil.web.pages.LoginPage.fstLogin(LoginPage.java:159)
	at com.vil.web.library.FunctionLib.prepaidMSISDN(FunctionLib.java:87)
	at com.vil.web.tests.prepaid.quickactionbtn.TC_406_PushOTA.pushOtaVarification(TC_406_PushOTA.java:23)
... Removed 28 stack frames]]>
    </failure>
  </testcase> <!-- pushOtaVarification -->
  <testcase name="postPaidCustomerCreation" time="0.053" classname="com.vil.web.tests.postpaid.activation.Test_Automation_001">
    <failure type="java.lang.NullPointerException">
      <![CDATA[java.lang.NullPointerException
	at com.vil.web.library.GenericLib.getColumnIndex(GenericLib.java:140)
	at com.vil.web.pages.LoginPage.fstLogin(LoginPage.java:159)
	at com.vil.web.library.FunctionLib.postpaidMSISDN(FunctionLib.java:29)
	at com.vil.web.tests.postpaid.activation.Test_Automation_001.postPaidCustomerCreation(Test_Automation_001.java:26)
... Removed 28 stack frames]]>
    </failure>
  </testcase> <!-- postPaidCustomerCreation -->
  <testcase name="pushSmsVarification" time="0.012" classname="com.vil.web.tests.prepaid.quickactionbtn.TC_064_PushSms">
    <failure type="java.lang.NullPointerException">
      <![CDATA[java.lang.NullPointerException
	at com.vil.web.library.GenericLib.getColumnIndex(GenericLib.java:140)
	at com.vil.web.pages.LoginPage.fstLogin(LoginPage.java:159)
	at com.vil.web.library.FunctionLib.prepaidMSISDN(FunctionLib.java:87)
	at com.vil.web.tests.prepaid.quickactionbtn.TC_064_PushSms.pushSmsVarification(TC_064_PushSms.java:33)
... Removed 28 stack frames]]>
    </failure>
  </testcase> <!-- pushSmsVarification -->
  <testcase name="enquiryBillingAndPaymentPostpaid" time="0.001" classname="com.vil.web.tests.postpaid.enquiry.activation.TC_401_CallTypeEnquiryForBillingPostp">
    <skipped/>
  </testcase> <!-- enquiryBillingAndPaymentPostpaid -->
  <testcase name="prepaidCustomerCreation" time="0.019" classname="com.vil.web.tests.prepaid.activation.Test_Automation_005">
    <failure type="java.lang.NullPointerException">
      <![CDATA[java.lang.NullPointerException
	at com.vil.web.library.GenericLib.getColumnIndex(GenericLib.java:140)
	at com.vil.web.pages.LoginPage.fstLogin(LoginPage.java:159)
	at com.vil.web.library.FunctionLib.prepaidMSISDN(FunctionLib.java:87)
	at com.vil.web.tests.prepaid.activation.Test_Automation_005.prepaidCustomerCreation(Test_Automation_005.java:24)
... Removed 28 stack frames]]>
    </failure>
  </testcase> <!-- prepaidCustomerCreation -->
  <testcase name="PcnAlertComplaintsPostpaidVarification" time="0.0" classname="com.vil.web.tests.postpaid.complaint.TC_247_PcnAlertComplaintsPostpaidNo">
    <skipped/>
  </testcase> <!-- PcnAlertComplaintsPostpaidVarification -->
  <testcase name="verifyStaticIpNotReachable" time="0.0" classname="com.vil.web.tests.postpaid.complaint.Test_Automation_077">
    <skipped/>
  </testcase> <!-- verifyStaticIpNotReachable -->
  <testcase name="ServiceissueComplaintsLegalPostpaidVarification" time="0.0" classname="com.vil.web.tests.postpaid.complaint.TC_109_ServicesServiceissueComplaintsLegalPostpaid">
    <skipped/>
  </testcase> <!-- ServiceissueComplaintsLegalPostpaidVarification -->
  <testcase name="verifyParticularIpNotAccessible" time="0.0" classname="com.vil.web.tests.postpaid.complaint.Test_Automation_078">
    <skipped/>
  </testcase> <!-- verifyParticularIpNotAccessible -->
  <testcase name="ServiceissueCustomerFeedbackComplaintsVarification" time="0.0" classname="com.vil.web.tests.postpaid.complaint.TC_095_ServiceissueCustomerFeedbackComplaintsPostpaid">
    <skipped/>
  </testcase> <!-- ServiceissueCustomerFeedbackComplaintsVarification -->
  <testcase name="verifyAllSimNotWorking" time="0.0" classname="com.vil.web.tests.postpaid.complaint.Test_Automation_079">
    <skipped/>
  </testcase> <!-- verifyAllSimNotWorking -->
  <testcase name="deviceRelatedComplaintsVarification" time="0.0" classname="com.vil.web.tests.postpaid.complaint.TC_092_DeviceRelatedComplaintsPostpaid">
    <skipped/>
  </testcase> <!-- deviceRelatedComplaintsVarification -->
  <testcase name="verifyLinkDownComplaint" time="0.0" classname="com.vil.web.tests.postpaid.complaint.Test_Automation_081">
    <skipped/>
  </testcase> <!-- verifyLinkDownComplaint -->
  <testcase name="SimReactivationComplaintsVarification" time="0.0" classname="com.vil.web.tests.postpaid.complaint.TC_091_SimReactivationComplaintsPostpaid">
    <skipped/>
  </testcase> <!-- SimReactivationComplaintsVarification -->
  <testcase name="verifyNeverRequestedComplaints" time="0.0" classname="com.vil.web.tests.postpaid.complaint.Test_Automation_098">
    <skipped/>
  </testcase> <!-- verifyNeverRequestedComplaints -->
  <testcase name="balanceRechargeSegmentedComplaintsVarification" time="0.0" classname="com.vil.web.tests.prepaid.complaint.TC_110_BalanceRechargeComplaintsPrepaid">
    <skipped/>
  </testcase> <!-- balanceRechargeSegmentedComplaintsVarification -->
  <testcase name="verifyBenefitNotReceivedComplaint" time="0.0" classname="com.vil.web.tests.postpaid.complaint.Test_Automation_099">
    <skipped/>
  </testcase> <!-- verifyBenefitNotReceivedComplaint -->
  <testcase name="balanceRechargeSegmentedComplaintsVarification" time="0.0" classname="com.vil.web.tests.prepaid.complaint.TC_111_BalanceRechargeSegmentedComplaintsPrepaid">
    <skipped/>
  </testcase> <!-- balanceRechargeSegmentedComplaintsVarification -->
  <testcase name="verifyStockAvailabilityComplaint" time="0.0" classname="com.vil.web.tests.postpaid.complaint.Test_Automation_100">
    <skipped/>
  </testcase> <!-- verifyStockAvailabilityComplaint -->
  <testcase name="billingPaymentUpdatePostpaidVarification" time="0.0" classname="com.vil.web.tests.postpaid.complaint.TC_113_BillingPaymentUpdateComplaintsPostpaid">
    <skipped/>
  </testcase> <!-- billingPaymentUpdatePostpaidVarification -->
  <testcase name="verifyIncorrectPlanOrOffers" time="0.0" classname="com.vil.web.tests.postpaid.complaint.Test_Automation_104">
    <skipped/>
  </testcase> <!-- verifyIncorrectPlanOrOffers -->
  <testcase name="NMNPLeadCreation" time="0.0" classname="com.vil.web.tests.postpaid.lead.Test_Automation_229">
    <skipped/>
  </testcase> <!-- NMNPLeadCreation -->
  <testcase name="verifyPostpaid360DegreeScreen" time="0.0" classname="com.vil.web.tests.postpaid.activation.Postpaid360DegreeVerification">
    <skipped/>
  </testcase> <!-- verifyPostpaid360DegreeScreen -->
  <testcase name="verifyPrepaid360DegreeScreen" time="0.0" classname="com.vil.web.tests.prepaid.activation.Prepaid360DegreeVerification">
    <skipped/>
  </testcase> <!-- verifyPrepaid360DegreeScreen -->
  <testcase name="PcnAlertComplaintsPostpaidVarification" time="0.0" classname="com.vil.web.tests.postpaid.complaint.TC_097_PcnAlertComplaintsPostpaidYes">
    <skipped/>
  </testcase> <!-- PcnAlertComplaintsPostpaidVarification -->
  <testcase name="balanceAndRechargeEnquiryForPrepaid" time="0.0" classname="com.vil.web.tests.prepaid.enquiry.activation.TC_261_PrepaidBalanceAndRechargeEnquiry">
    <skipped/>
  </testcase> <!-- balanceAndRechargeEnquiryForPrepaid -->
  <testcase name="networkComplaintPostpaid" time="0.0" classname="com.vil.web.tests.postpaid.complaint.TC_063_NetworkComplaintPostpaid">
    <skipped/>
  </testcase> <!-- networkComplaintPostpaid -->
  <testcase name="networkComplaintPostpaidBoUser" time="0.0" classname="com.vil.web.tests.postpaid.complaint.TC_065_NetworkComplaintBOUser">
    <skipped/>
  </testcase> <!-- networkComplaintPostpaidBoUser -->
  <testcase name="networkComplaintPostpaidBFLAUser" time="0.0" classname="com.vil.web.tests.postpaid.complaint.TC_066_NetworkComplaintFLAUser">
    <skipped/>
  </testcase> <!-- networkComplaintPostpaidBFLAUser -->
  <testcase name="billingComplaintPostpaidPaymentdueToDonorOperator" time="0.0" classname="com.vil.web.tests.postpaid.complaint.TC_071_BillingAndPaymentdueToDonorOperator">
    <skipped/>
  </testcase> <!-- billingComplaintPostpaidPaymentdueToDonorOperator -->
  <testcase name="billingComplaintPostpforDepositIssue" time="0.0" classname="com.vil.web.tests.postpaid.complaint.TC_069_BillingAndPaymentCompPostpforDepositIssue">
    <skipped/>
  </testcase> <!-- billingComplaintPostpforDepositIssue -->
  <testcase name="balanceTransferIssue" time="0.0" classname="com.vil.web.tests.postpaid.complaint.TC_072_BillingAndPaymentComplaintPostpaid">
    <skipped/>
  </testcase> <!-- balanceTransferIssue -->
  <testcase name="billingComplaintPostpaidGST" time="0.0" classname="com.vil.web.tests.postpaid.complaint.TC_073_BillingAndPaymentCompGSTPostp">
    <skipped/>
  </testcase> <!-- billingComplaintPostpaidGST -->
  <testcase name="billingAndPaymentWaiversAndAdjustmentsPostp" time="0.0" classname="com.vil.web.tests.postpaid.complaint.TC_074_BillingAndPaymentWaiversAndAdjustmentsPostp">
    <skipped/>
  </testcase> <!-- billingAndPaymentWaiversAndAdjustmentsPostp -->
  <testcase name="serviceDisconnectionVoluntaryChurnRelatedPostp" time="0.0" classname="com.vil.web.tests.postpaid.complaint.TC_087_ServiceDisconnectionVoluntaryChurnRelatedPostp">
    <skipped/>
  </testcase> <!-- serviceDisconnectionVoluntaryChurnRelatedPostp -->
  <testcase name="FailedInteractionsSystemMismatchPostp" time="0.0" classname="com.vil.web.tests.postpaid.complaint.TC_089_FailedInteractionsSystemMismatchPostp">
    <skipped/>
  </testcase> <!-- FailedInteractionsSystemMismatchPostp -->
  <testcase name="FailedInteractionSystemErrorOrDowntimePostp" time="0.0" classname="com.vil.web.tests.postpaid.complaint.TC_093_FailedInteractionSystemErrorOrDowntimePostp">
    <skipped/>
  </testcase> <!-- FailedInteractionSystemErrorOrDowntimePostp -->
  <testcase name="failedInteractionsSelfHelpErrorOrAccessPostP" time="0.0" classname="com.vil.web.tests.postpaid.complaint.TC_096_FailedInteractionsSelfHelpErrorOrAccessPostP">
    <skipped/>
  </testcase> <!-- failedInteractionsSelfHelpErrorOrAccessPostP -->
  <testcase name="CreditAndCollectionCLChangeCompaint" time="0.0" classname="com.vil.web.tests.postpaid.complaint.Test_Automation_075">
    <skipped/>
  </testcase> <!-- CreditAndCollectionCLChangeCompaint -->
  <testcase name="CreditAndCollectionVerificationIssueComplaint" time="0.0" classname="com.vil.web.tests.postpaid.complaint.Test_Automation_076">
    <skipped/>
  </testcase> <!-- CreditAndCollectionVerificationIssueComplaint -->
  <testcase name="SeperationMergerIssueComplaint" time="0.0" classname="com.vil.web.tests.postpaid.complaint.Test_Automation_082">
    <skipped/>
  </testcase> <!-- SeperationMergerIssueComplaint -->
  <testcase name="NetworkDataConfiguration" time="0.0" classname="com.vil.web.tests.postpaid.complaint.Test_Automation_083">
    <skipped/>
  </testcase> <!-- NetworkDataConfiguration -->
  <testcase name="networkVoiceCoverageComplaintPrepaid" time="0.0" classname="com.vil.web.tests.prepaid.complaint.Test_Automation_084">
    <skipped/>
  </testcase> <!-- networkVoiceCoverageComplaintPrepaid -->
  <testcase name="NumberOrAccountActivationPrepaidComplaint" time="0.0" classname="com.vil.web.tests.prepaid.complaint.Test_Automation_085">
    <skipped/>
  </testcase> <!-- NumberOrAccountActivationPrepaidComplaint -->
  <testcase name="NumberOrAccountActivationPostpaidComplaint" time="0.0" classname="com.vil.web.tests.postpaid.complaint.Test_Automation_086">
    <skipped/>
  </testcase> <!-- NumberOrAccountActivationPostpaidComplaint -->
  <testcase name="postPaidEnquiryActivation" time="0.0" classname="com.vil.web.tests.postpaid.enquiry.activation.TC_020_PostpaidEnquiryActivation">
    <skipped/>
  </testcase> <!-- postPaidEnquiryActivation -->
  <testcase name="enquiryActivationPrepaid" time="0.0" classname="com.vil.web.tests.prepaid.enquiry.activation.TC_021_PrepaidEnquiryActivation">
    <skipped/>
  </testcase> <!-- enquiryActivationPrepaid -->
  <testcase name="verifyBinacularSearchFileds" time="0.0" classname="com.vil.web.tests.binocularsearch.Test_Automation_246">
    <skipped/>
  </testcase> <!-- verifyBinacularSearchFileds -->
  <testcase name="leadCreationForNonVodafone" time="0.0" classname="com.vil.web.tests.postpaid.lead.Test_Automation_228">
    <skipped/>
  </testcase> <!-- leadCreationForNonVodafone -->
  <testcase name="leadToOpportunityVodafone" time="0.0" classname="com.vil.web.tests.postpaid.lead.Test_Automation_230">
    <skipped/>
  </testcase> <!-- leadToOpportunityVodafone -->
  <testcase name="leadToOpportunityNonVodafone" time="0.0" classname="com.vil.web.tests.postpaid.lead.Test_Automation_231">
    <skipped/>
  </testcase> <!-- leadToOpportunityNonVodafone -->
  <testcase name="leadCreationForVodafone" time="0.0" classname="com.vil.web.tests.postpaid.lead.Test_Automation_227">
    <skipped/>
  </testcase> <!-- leadCreationForVodafone -->
  <testcase name="@AfterSuite killBrowserProcess" time="0.0" classname="com.vil.web.library.BaseLib">
    <ignored/>
  </testcase> <!-- @AfterSuite killBrowserProcess -->
  <testcase name="@AfterSuite killBrowserProcess" time="0.0" classname="com.vil.web.library.BaseLib">
    <ignored/>
  </testcase> <!-- @AfterSuite killBrowserProcess -->
  <testcase name="@AfterSuite killBrowserProcess" time="0.0" classname="com.vil.web.library.BaseLib">
    <ignored/>
  </testcase> <!-- @AfterSuite killBrowserProcess -->
  <testcase name="@AfterSuite killBrowserProcess" time="0.0" classname="com.vil.web.library.BaseLib">
    <ignored/>
  </testcase> <!-- @AfterSuite killBrowserProcess -->
  <testcase name="@AfterSuite killBrowserProcess" time="0.0" classname="com.vil.web.library.BaseLib">
    <ignored/>
  </testcase> <!-- @AfterSuite killBrowserProcess -->
  <testcase name="@AfterSuite killBrowserProcess" time="0.0" classname="com.vil.web.library.BaseLib">
    <ignored/>
  </testcase> <!-- @AfterSuite killBrowserProcess -->
  <testcase name="@AfterSuite killBrowserProcess" time="0.0" classname="com.vil.web.library.BaseLib">
    <ignored/>
  </testcase> <!-- @AfterSuite killBrowserProcess -->
  <testcase name="@AfterSuite killBrowserProcess" time="0.0" classname="com.vil.web.library.BaseLib">
    <ignored/>
  </testcase> <!-- @AfterSuite killBrowserProcess -->
  <testcase name="@AfterSuite killBrowserProcess" time="0.0" classname="com.vil.web.library.BaseLib">
    <ignored/>
  </testcase> <!-- @AfterSuite killBrowserProcess -->
  <testcase name="@AfterSuite killBrowserProcess" time="0.0" classname="com.vil.web.library.BaseLib">
    <ignored/>
  </testcase> <!-- @AfterSuite killBrowserProcess -->
  <testcase name="@AfterSuite killBrowserProcess" time="0.0" classname="com.vil.web.library.BaseLib">
    <ignored/>
  </testcase> <!-- @AfterSuite killBrowserProcess -->
  <testcase name="@AfterSuite killBrowserProcess" time="0.0" classname="com.vil.web.library.BaseLib">
    <ignored/>
  </testcase> <!-- @AfterSuite killBrowserProcess -->
  <testcase name="@AfterSuite killBrowserProcess" time="0.0" classname="com.vil.web.library.BaseLib">
    <ignored/>
  </testcase> <!-- @AfterSuite killBrowserProcess -->
  <testcase name="@AfterSuite killBrowserProcess" time="0.0" classname="com.vil.web.library.BaseLib">
    <ignored/>
  </testcase> <!-- @AfterSuite killBrowserProcess -->
  <testcase name="@AfterSuite killBrowserProcess" time="0.0" classname="com.vil.web.library.BaseLib">
    <ignored/>
  </testcase> <!-- @AfterSuite killBrowserProcess -->
  <testcase name="@AfterSuite killBrowserProcess" time="0.0" classname="com.vil.web.library.BaseLib">
    <ignored/>
  </testcase> <!-- @AfterSuite killBrowserProcess -->
  <testcase name="@AfterSuite killBrowserProcess" time="0.0" classname="com.vil.web.library.BaseLib">
    <ignored/>
  </testcase> <!-- @AfterSuite killBrowserProcess -->
  <testcase name="@AfterSuite killBrowserProcess" time="0.0" classname="com.vil.web.library.BaseLib">
    <ignored/>
  </testcase> <!-- @AfterSuite killBrowserProcess -->
  <testcase name="@AfterSuite killBrowserProcess" time="0.0" classname="com.vil.web.library.BaseLib">
    <ignored/>
  </testcase> <!-- @AfterSuite killBrowserProcess -->
  <testcase name="@AfterSuite killBrowserProcess" time="0.0" classname="com.vil.web.library.BaseLib">
    <ignored/>
  </testcase> <!-- @AfterSuite killBrowserProcess -->
  <testcase name="@AfterSuite killBrowserProcess" time="0.0" classname="com.vil.web.library.BaseLib">
    <ignored/>
  </testcase> <!-- @AfterSuite killBrowserProcess -->
  <testcase name="@AfterSuite killBrowserProcess" time="0.0" classname="com.vil.web.library.BaseLib">
    <ignored/>
  </testcase> <!-- @AfterSuite killBrowserProcess -->
  <testcase name="@AfterSuite killBrowserProcess" time="0.0" classname="com.vil.web.library.BaseLib">
    <ignored/>
  </testcase> <!-- @AfterSuite killBrowserProcess -->
  <testcase name="@AfterSuite killBrowserProcess" time="0.0" classname="com.vil.web.library.BaseLib">
    <ignored/>
  </testcase> <!-- @AfterSuite killBrowserProcess -->
  <testcase name="@AfterSuite killBrowserProcess" time="0.0" classname="com.vil.web.library.BaseLib">
    <ignored/>
  </testcase> <!-- @AfterSuite killBrowserProcess -->
  <testcase name="@AfterSuite killBrowserProcess" time="0.0" classname="com.vil.web.library.BaseLib">
    <ignored/>
  </testcase> <!-- @AfterSuite killBrowserProcess -->
  <testcase name="@AfterSuite killBrowserProcess" time="0.0" classname="com.vil.web.library.BaseLib">
    <ignored/>
  </testcase> <!-- @AfterSuite killBrowserProcess -->
  <testcase name="@AfterSuite killBrowserProcess" time="0.0" classname="com.vil.web.library.BaseLib">
    <ignored/>
  </testcase> <!-- @AfterSuite killBrowserProcess -->
  <testcase name="@AfterSuite killBrowserProcess" time="0.0" classname="com.vil.web.library.BaseLib">
    <ignored/>
  </testcase> <!-- @AfterSuite killBrowserProcess -->
  <testcase name="@AfterSuite killBrowserProcess" time="0.0" classname="com.vil.web.library.BaseLib">
    <ignored/>
  </testcase> <!-- @AfterSuite killBrowserProcess -->
  <testcase name="@AfterSuite killBrowserProcess" time="0.0" classname="com.vil.web.library.BaseLib">
    <ignored/>
  </testcase> <!-- @AfterSuite killBrowserProcess -->
  <testcase name="@AfterSuite killBrowserProcess" time="0.0" classname="com.vil.web.library.BaseLib">
    <ignored/>
  </testcase> <!-- @AfterSuite killBrowserProcess -->
  <testcase name="@AfterSuite killBrowserProcess" time="0.0" classname="com.vil.web.library.BaseLib">
    <ignored/>
  </testcase> <!-- @AfterSuite killBrowserProcess -->
  <testcase name="@AfterSuite killBrowserProcess" time="0.0" classname="com.vil.web.library.BaseLib">
    <ignored/>
  </testcase> <!-- @AfterSuite killBrowserProcess -->
  <testcase name="@AfterSuite killBrowserProcess" time="0.0" classname="com.vil.web.library.BaseLib">
    <ignored/>
  </testcase> <!-- @AfterSuite killBrowserProcess -->
  <testcase name="@AfterSuite killBrowserProcess" time="0.0" classname="com.vil.web.library.BaseLib">
    <ignored/>
  </testcase> <!-- @AfterSuite killBrowserProcess -->
  <testcase name="@AfterSuite killBrowserProcess" time="0.0" classname="com.vil.web.library.BaseLib">
    <ignored/>
  </testcase> <!-- @AfterSuite killBrowserProcess -->
  <testcase name="@AfterSuite killBrowserProcess" time="0.0" classname="com.vil.web.library.BaseLib">
    <ignored/>
  </testcase> <!-- @AfterSuite killBrowserProcess -->
  <testcase name="@AfterSuite killBrowserProcess" time="0.0" classname="com.vil.web.library.BaseLib">
    <ignored/>
  </testcase> <!-- @AfterSuite killBrowserProcess -->
  <testcase name="@AfterSuite killBrowserProcess" time="0.0" classname="com.vil.web.library.BaseLib">
    <ignored/>
  </testcase> <!-- @AfterSuite killBrowserProcess -->
  <testcase name="@AfterSuite killBrowserProcess" time="0.0" classname="com.vil.web.library.BaseLib">
    <ignored/>
  </testcase> <!-- @AfterSuite killBrowserProcess -->
  <testcase name="@AfterSuite killBrowserProcess" time="0.0" classname="com.vil.web.library.BaseLib">
    <ignored/>
  </testcase> <!-- @AfterSuite killBrowserProcess -->
  <testcase name="@AfterSuite killBrowserProcess" time="0.0" classname="com.vil.web.library.BaseLib">
    <ignored/>
  </testcase> <!-- @AfterSuite killBrowserProcess -->
  <testcase name="@AfterSuite killBrowserProcess" time="0.0" classname="com.vil.web.library.BaseLib">
    <ignored/>
  </testcase> <!-- @AfterSuite killBrowserProcess -->
  <testcase name="@AfterSuite killBrowserProcess" time="0.0" classname="com.vil.web.library.BaseLib">
    <ignored/>
  </testcase> <!-- @AfterSuite killBrowserProcess -->
  <testcase name="@AfterSuite killBrowserProcess" time="0.0" classname="com.vil.web.library.BaseLib">
    <ignored/>
  </testcase> <!-- @AfterSuite killBrowserProcess -->
  <testcase name="@AfterSuite killBrowserProcess" time="0.0" classname="com.vil.web.library.BaseLib">
    <ignored/>
  </testcase> <!-- @AfterSuite killBrowserProcess -->
  <testcase name="@AfterSuite killBrowserProcess" time="0.0" classname="com.vil.web.library.BaseLib">
    <ignored/>
  </testcase> <!-- @AfterSuite killBrowserProcess -->
  <testcase name="@AfterSuite killBrowserProcess" time="0.0" classname="com.vil.web.library.BaseLib">
    <ignored/>
  </testcase> <!-- @AfterSuite killBrowserProcess -->
  <testcase name="@AfterSuite killBrowserProcess" time="0.0" classname="com.vil.web.library.BaseLib">
    <ignored/>
  </testcase> <!-- @AfterSuite killBrowserProcess -->
  <testcase name="@AfterSuite killBrowserProcess" time="0.0" classname="com.vil.web.library.BaseLib">
    <ignored/>
  </testcase> <!-- @AfterSuite killBrowserProcess -->
  <testcase name="@BeforeSuite DBConnection" time="0.0" classname="com.vil.web.library.BaseLib">
    <ignored/>
  </testcase> <!-- @BeforeSuite DBConnection -->
  <testcase name="@BeforeSuite DBConnection" time="0.0" classname="com.vil.web.library.BaseLib">
    <ignored/>
  </testcase> <!-- @BeforeSuite DBConnection -->
  <testcase name="@BeforeSuite DBConnection" time="0.0" classname="com.vil.web.library.BaseLib">
    <ignored/>
  </testcase> <!-- @BeforeSuite DBConnection -->
  <testcase name="@BeforeSuite DBConnection" time="0.0" classname="com.vil.web.library.BaseLib">
    <ignored/>
  </testcase> <!-- @BeforeSuite DBConnection -->
  <testcase name="@BeforeSuite DBConnection" time="0.0" classname="com.vil.web.library.BaseLib">
    <ignored/>
  </testcase> <!-- @BeforeSuite DBConnection -->
  <testcase name="@BeforeSuite DBConnection" time="0.0" classname="com.vil.web.library.BaseLib">
    <ignored/>
  </testcase> <!-- @BeforeSuite DBConnection -->
  <testcase name="@BeforeSuite DBConnection" time="0.0" classname="com.vil.web.library.BaseLib">
    <ignored/>
  </testcase> <!-- @BeforeSuite DBConnection -->
  <testcase name="@BeforeSuite DBConnection" time="0.0" classname="com.vil.web.library.BaseLib">
    <ignored/>
  </testcase> <!-- @BeforeSuite DBConnection -->
  <testcase name="@BeforeSuite DBConnection" time="0.0" classname="com.vil.web.library.BaseLib">
    <ignored/>
  </testcase> <!-- @BeforeSuite DBConnection -->
  <testcase name="@BeforeSuite DBConnection" time="0.0" classname="com.vil.web.library.BaseLib">
    <ignored/>
  </testcase> <!-- @BeforeSuite DBConnection -->
  <testcase name="@BeforeSuite DBConnection" time="0.0" classname="com.vil.web.library.BaseLib">
    <ignored/>
  </testcase> <!-- @BeforeSuite DBConnection -->
  <testcase name="@BeforeSuite DBConnection" time="0.0" classname="com.vil.web.library.BaseLib">
    <ignored/>
  </testcase> <!-- @BeforeSuite DBConnection -->
  <testcase name="@BeforeSuite DBConnection" time="0.0" classname="com.vil.web.library.BaseLib">
    <ignored/>
  </testcase> <!-- @BeforeSuite DBConnection -->
  <testcase name="@BeforeSuite DBConnection" time="0.0" classname="com.vil.web.library.BaseLib">
    <ignored/>
  </testcase> <!-- @BeforeSuite DBConnection -->
  <testcase name="@BeforeSuite DBConnection" time="0.0" classname="com.vil.web.library.BaseLib">
    <ignored/>
  </testcase> <!-- @BeforeSuite DBConnection -->
  <testcase name="@BeforeSuite DBConnection" time="0.0" classname="com.vil.web.library.BaseLib">
    <ignored/>
  </testcase> <!-- @BeforeSuite DBConnection -->
  <testcase name="@BeforeSuite DBConnection" time="0.0" classname="com.vil.web.library.BaseLib">
    <ignored/>
  </testcase> <!-- @BeforeSuite DBConnection -->
  <testcase name="@BeforeSuite DBConnection" time="0.0" classname="com.vil.web.library.BaseLib">
    <ignored/>
  </testcase> <!-- @BeforeSuite DBConnection -->
  <testcase name="@BeforeSuite DBConnection" time="0.0" classname="com.vil.web.library.BaseLib">
    <ignored/>
  </testcase> <!-- @BeforeSuite DBConnection -->
  <testcase name="@BeforeSuite DBConnection" time="0.0" classname="com.vil.web.library.BaseLib">
    <ignored/>
  </testcase> <!-- @BeforeSuite DBConnection -->
  <testcase name="@BeforeSuite DBConnection" time="0.0" classname="com.vil.web.library.BaseLib">
    <ignored/>
  </testcase> <!-- @BeforeSuite DBConnection -->
  <testcase name="@BeforeSuite DBConnection" time="0.0" classname="com.vil.web.library.BaseLib">
    <ignored/>
  </testcase> <!-- @BeforeSuite DBConnection -->
  <testcase name="@BeforeSuite DBConnection" time="0.0" classname="com.vil.web.library.BaseLib">
    <ignored/>
  </testcase> <!-- @BeforeSuite DBConnection -->
  <testcase name="@BeforeSuite DBConnection" time="0.0" classname="com.vil.web.library.BaseLib">
    <ignored/>
  </testcase> <!-- @BeforeSuite DBConnection -->
  <testcase name="@BeforeSuite DBConnection" time="0.0" classname="com.vil.web.library.BaseLib">
    <ignored/>
  </testcase> <!-- @BeforeSuite DBConnection -->
  <testcase name="@BeforeSuite DBConnection" time="0.0" classname="com.vil.web.library.BaseLib">
    <ignored/>
  </testcase> <!-- @BeforeSuite DBConnection -->
  <testcase name="@BeforeSuite DBConnection" time="0.0" classname="com.vil.web.library.BaseLib">
    <ignored/>
  </testcase> <!-- @BeforeSuite DBConnection -->
  <testcase name="@BeforeSuite DBConnection" time="0.0" classname="com.vil.web.library.BaseLib">
    <ignored/>
  </testcase> <!-- @BeforeSuite DBConnection -->
  <testcase name="@BeforeSuite DBConnection" time="0.0" classname="com.vil.web.library.BaseLib">
    <ignored/>
  </testcase> <!-- @BeforeSuite DBConnection -->
  <testcase name="@BeforeSuite DBConnection" time="0.0" classname="com.vil.web.library.BaseLib">
    <ignored/>
  </testcase> <!-- @BeforeSuite DBConnection -->
  <testcase name="@BeforeSuite DBConnection" time="0.0" classname="com.vil.web.library.BaseLib">
    <ignored/>
  </testcase> <!-- @BeforeSuite DBConnection -->
  <testcase name="@BeforeSuite DBConnection" time="0.0" classname="com.vil.web.library.BaseLib">
    <ignored/>
  </testcase> <!-- @BeforeSuite DBConnection -->
  <testcase name="@BeforeSuite DBConnection" time="0.0" classname="com.vil.web.library.BaseLib">
    <ignored/>
  </testcase> <!-- @BeforeSuite DBConnection -->
  <testcase name="@BeforeSuite DBConnection" time="0.0" classname="com.vil.web.library.BaseLib">
    <ignored/>
  </testcase> <!-- @BeforeSuite DBConnection -->
  <testcase name="@BeforeSuite DBConnection" time="0.0" classname="com.vil.web.library.BaseLib">
    <ignored/>
  </testcase> <!-- @BeforeSuite DBConnection -->
  <testcase name="@BeforeSuite DBConnection" time="0.0" classname="com.vil.web.library.BaseLib">
    <ignored/>
  </testcase> <!-- @BeforeSuite DBConnection -->
  <testcase name="@BeforeSuite DBConnection" time="0.0" classname="com.vil.web.library.BaseLib">
    <ignored/>
  </testcase> <!-- @BeforeSuite DBConnection -->
  <testcase name="@BeforeSuite DBConnection" time="0.0" classname="com.vil.web.library.BaseLib">
    <ignored/>
  </testcase> <!-- @BeforeSuite DBConnection -->
  <testcase name="@BeforeSuite DBConnection" time="0.0" classname="com.vil.web.library.BaseLib">
    <ignored/>
  </testcase> <!-- @BeforeSuite DBConnection -->
  <testcase name="@BeforeSuite DBConnection" time="0.0" classname="com.vil.web.library.BaseLib">
    <ignored/>
  </testcase> <!-- @BeforeSuite DBConnection -->
  <testcase name="@BeforeSuite DBConnection" time="0.0" classname="com.vil.web.library.BaseLib">
    <ignored/>
  </testcase> <!-- @BeforeSuite DBConnection -->
  <testcase name="@BeforeSuite DBConnection" time="0.0" classname="com.vil.web.library.BaseLib">
    <ignored/>
  </testcase> <!-- @BeforeSuite DBConnection -->
  <testcase name="@BeforeSuite DBConnection" time="0.0" classname="com.vil.web.library.BaseLib">
    <ignored/>
  </testcase> <!-- @BeforeSuite DBConnection -->
  <testcase name="@BeforeSuite DBConnection" time="0.0" classname="com.vil.web.library.BaseLib">
    <ignored/>
  </testcase> <!-- @BeforeSuite DBConnection -->
  <testcase name="@BeforeSuite DBConnection" time="0.0" classname="com.vil.web.library.BaseLib">
    <ignored/>
  </testcase> <!-- @BeforeSuite DBConnection -->
  <testcase name="@BeforeSuite DBConnection" time="0.0" classname="com.vil.web.library.BaseLib">
    <ignored/>
  </testcase> <!-- @BeforeSuite DBConnection -->
  <testcase name="@BeforeSuite DBConnection" time="0.0" classname="com.vil.web.library.BaseLib">
    <ignored/>
  </testcase> <!-- @BeforeSuite DBConnection -->
  <testcase name="@BeforeSuite DBConnection" time="0.0" classname="com.vil.web.library.BaseLib">
    <ignored/>
  </testcase> <!-- @BeforeSuite DBConnection -->
  <testcase name="@BeforeSuite DBConnection" time="0.0" classname="com.vil.web.library.BaseLib">
    <ignored/>
  </testcase> <!-- @BeforeSuite DBConnection -->
  <testcase name="@BeforeSuite DBConnection" time="0.0" classname="com.vil.web.library.BaseLib">
    <ignored/>
  </testcase> <!-- @BeforeSuite DBConnection -->
  <testcase name="@BeforeSuite DBConnection" time="0.0" classname="com.vil.web.library.BaseLib">
    <ignored/>
  </testcase> <!-- @BeforeSuite DBConnection -->
</testsuite> <!-- SanityTest -->
